2024-11-04T18:24:14.979+0700 [DEBUG] [org.gradle.launcher.daemon.bootstrap.DaemonMain] Assuming the daemon was started with following jvm opts: [--add-opens=java.base/java.util=ALL-UNNAMED, --add-opens=java.base/java.lang=ALL-UNNAMED, --add-opens=java.base/java.lang.invoke=ALL-UNNAMED, --add-opens=java.prefs/java.util.prefs=ALL-UNNAMED, --add-opens=java.base/java.nio.charset=ALL-UNNAMED, --add-opens=java.base/java.net=ALL-UNNAMED, --add-opens=java.base/java.util.concurrent.atomic=ALL-UNNAMED, -Xmx2048m, -Dfile.encoding=UTF-8, -Duser.country=VN, -Duser.language=vi, -Duser.variant]
2024-11-04T18:24:15.088+0700 [DEBUG] [org.gradle.internal.nativeintegration.services.NativeServices] Native-platform posix files integration is not available. Continuing with fallback.
2024-11-04T18:24:15.097+0700 [INFO] [org.gradle.launcher.daemon.server.Daemon] start() called on daemon - DefaultDaemonContext[uid=0dc0f797-9bfa-4cc0-b2eb-08b8b151bef2,javaHome=C:\Program Files\Android\Android Studio\jbr,daemonRegistryDir=E:\Assignment\daemon,pid=15636,idleTimeout=10800000,priority=NORMAL,applyInstrumentationAgent=true,daemonOpts=--add-opens=java.base/java.util=ALL-UNNAMED,--add-opens=java.base/java.lang=ALL-UNNAMED,--add-opens=java.base/java.lang.invoke=ALL-UNNAMED,--add-opens=java.prefs/java.util.prefs=ALL-UNNAMED,--add-opens=java.base/java.nio.charset=ALL-UNNAMED,--add-opens=java.base/java.net=ALL-UNNAMED,--add-opens=java.base/java.util.concurrent.atomic=ALL-UNNAMED,-Xmx2048m,-Dfile.encoding=UTF-8,-Duser.country=VN,-Duser.language=vi,-Duser.variant]
2024-11-04T18:24:15.153+0700 [DEBUG] [org.gradle.internal.remote.internal.inet.InetAddresses] Adding IP addresses for network interface Software Loopback Interface 1
2024-11-04T18:24:15.154+0700 [DEBUG] [org.gradle.internal.remote.internal.inet.InetAddresses] Is this a loopback interface? true
2024-11-04T18:24:15.154+0700 [DEBUG] [org.gradle.internal.remote.internal.inet.InetAddresses] Adding loopback address /127.0.0.1
2024-11-04T18:24:15.154+0700 [DEBUG] [org.gradle.internal.remote.internal.inet.InetAddresses] Adding loopback address /0:0:0:0:0:0:0:1
2024-11-04T18:24:15.155+0700 [DEBUG] [org.gradle.internal.remote.internal.inet.InetAddresses] Adding IP addresses for network interface WAN Miniport (Network Monitor)
2024-11-04T18:24:15.156+0700 [DEBUG] [org.gradle.internal.remote.internal.inet.InetAddresses] Is this a loopback interface? false
2024-11-04T18:24:15.156+0700 [DEBUG] [org.gradle.internal.remote.internal.inet.InetAddresses] Adding IP addresses for network interface Microsoft 6to4 Adapter
2024-11-04T18:24:15.157+0700 [DEBUG] [org.gradle.internal.remote.internal.inet.InetAddresses] Is this a loopback interface? false
2024-11-04T18:24:15.157+0700 [DEBUG] [org.gradle.internal.remote.internal.inet.InetAddresses] Adding IP addresses for network interface WAN Miniport (PPPOE)
2024-11-04T18:24:15.158+0700 [DEBUG] [org.gradle.internal.remote.internal.inet.InetAddresses] Is this a loopback interface? false
2024-11-04T18:24:15.158+0700 [DEBUG] [org.gradle.internal.remote.internal.inet.InetAddresses] Adding IP addresses for network interface Microsoft Kernel Debug Network Adapter
2024-11-04T18:24:15.159+0700 [DEBUG] [org.gradle.internal.remote.internal.inet.InetAddresses] Is this a loopback interface? false
2024-11-04T18:24:15.160+0700 [DEBUG] [org.gradle.internal.remote.internal.inet.InetAddresses] Adding IP addresses for network interface WAN Miniport (L2TP)
2024-11-04T18:24:15.161+0700 [DEBUG] [org.gradle.internal.remote.internal.inet.InetAddresses] Is this a loopback interface? false
2024-11-04T18:24:15.161+0700 [DEBUG] [org.gradle.internal.remote.internal.inet.InetAddresses] Adding IP addresses for network interface Microsoft IP-HTTPS Platform Adapter
2024-11-04T18:24:15.162+0700 [DEBUG] [org.gradle.internal.remote.internal.inet.InetAddresses] Is this a loopback interface? false
2024-11-04T18:24:15.162+0700 [DEBUG] [org.gradle.internal.remote.internal.inet.InetAddresses] Adding IP addresses for network interface WAN Miniport (SSTP)
2024-11-04T18:24:15.163+0700 [DEBUG] [org.gradle.internal.remote.internal.inet.InetAddresses] Is this a loopback interface? false
2024-11-04T18:24:15.164+0700 [DEBUG] [org.gradle.internal.remote.internal.inet.InetAddresses] Adding IP addresses for network interface Realtek RTL8852AE WiFi 6 802.11ax PCIe Adapter
2024-11-04T18:24:15.165+0700 [DEBUG] [org.gradle.internal.remote.internal.inet.InetAddresses] Is this a loopback interface? false
2024-11-04T18:24:15.165+0700 [DEBUG] [org.gradle.internal.remote.internal.inet.InetAddresses] Adding remote address /192.168.1.16
2024-11-04T18:24:15.165+0700 [DEBUG] [org.gradle.internal.remote.internal.inet.InetAddresses] Adding remote address /2001:ee0:51bd:2bb0:e69b:487d:6e53:cb95
2024-11-04T18:24:15.165+0700 [DEBUG] [org.gradle.internal.remote.internal.inet.InetAddresses] Adding remote address /2001:ee0:51bd:2bb0:c9ab:cecd:fc45:5fa8
2024-11-04T18:24:15.165+0700 [DEBUG] [org.gradle.internal.remote.internal.inet.InetAddresses] Adding remote address /fe80:0:0:0:694e:c9e0:ff81:73e3%wlan0
2024-11-04T18:24:15.165+0700 [DEBUG] [org.gradle.internal.remote.internal.inet.InetAddresses] Adding IP addresses for network interface WAN Miniport (IP)
2024-11-04T18:24:15.166+0700 [DEBUG] [org.gradle.internal.remote.internal.inet.InetAddresses] Is this a loopback interface? false
2024-11-04T18:24:15.166+0700 [DEBUG] [org.gradle.internal.remote.internal.inet.InetAddresses] Adding IP addresses for network interface Microsoft Teredo Tunneling Adapter
2024-11-04T18:24:15.167+0700 [DEBUG] [org.gradle.internal.remote.internal.inet.InetAddresses] Is this a loopback interface? false
2024-11-04T18:24:15.168+0700 [DEBUG] [org.gradle.internal.remote.internal.inet.InetAddresses] Adding IP addresses for network interface WAN Miniport (IPv6)
2024-11-04T18:24:15.169+0700 [DEBUG] [org.gradle.internal.remote.internal.inet.InetAddresses] Is this a loopback interface? false
2024-11-04T18:24:15.169+0700 [DEBUG] [org.gradle.internal.remote.internal.inet.InetAddresses] Adding IP addresses for network interface WAN Miniport (IKEv2)
2024-11-04T18:24:15.170+0700 [DEBUG] [org.gradle.internal.remote.internal.inet.InetAddresses] Is this a loopback interface? false
2024-11-04T18:24:15.170+0700 [DEBUG] [org.gradle.internal.remote.internal.inet.InetAddresses] Adding IP addresses for network interface Microsoft Wi-Fi Direct Virtual Adapter
2024-11-04T18:24:15.171+0700 [DEBUG] [org.gradle.internal.remote.internal.inet.InetAddresses] Is this a loopback interface? false
2024-11-04T18:24:15.171+0700 [DEBUG] [org.gradle.internal.remote.internal.inet.InetAddresses] Adding remote address /fe80:0:0:0:e727:eca4:7fcf:f80d%wlan1
2024-11-04T18:24:15.171+0700 [DEBUG] [org.gradle.internal.remote.internal.inet.InetAddresses] Adding IP addresses for network interface Microsoft Wi-Fi Direct Virtual Adapter #2
2024-11-04T18:24:15.172+0700 [DEBUG] [org.gradle.internal.remote.internal.inet.InetAddresses] Is this a loopback interface? false
2024-11-04T18:24:15.172+0700 [DEBUG] [org.gradle.internal.remote.internal.inet.InetAddresses] Adding remote address /fe80:0:0:0:9b1c:c36c:2d11:5019%wlan2
2024-11-04T18:24:15.173+0700 [DEBUG] [org.gradle.internal.remote.internal.inet.InetAddresses] Adding IP addresses for network interface RAS Async Adapter
2024-11-04T18:24:15.174+0700 [DEBUG] [org.gradle.internal.remote.internal.inet.InetAddresses] Is this a loopback interface? false
2024-11-04T18:24:15.174+0700 [DEBUG] [org.gradle.internal.remote.internal.inet.InetAddresses] Adding IP addresses for network interface Realtek PCIe GbE Family Controller
2024-11-04T18:24:15.175+0700 [DEBUG] [org.gradle.internal.remote.internal.inet.InetAddresses] Is this a loopback interface? false
2024-11-04T18:24:15.175+0700 [DEBUG] [org.gradle.internal.remote.internal.inet.InetAddresses] Adding remote address /fe80:0:0:0:55f:3c5f:8877:b7c0%eth4
2024-11-04T18:24:15.175+0700 [DEBUG] [org.gradle.internal.remote.internal.inet.InetAddresses] Adding IP addresses for network interface WAN Miniport (PPTP)
2024-11-04T18:24:15.176+0700 [DEBUG] [org.gradle.internal.remote.internal.inet.InetAddresses] Is this a loopback interface? false
2024-11-04T18:24:15.176+0700 [DEBUG] [org.gradle.internal.remote.internal.inet.InetAddresses] Adding IP addresses for network interface Realtek PCIe GbE Family Controller-WFP Native MAC Layer LightWeight Filter-0000
2024-11-04T18:24:15.178+0700 [DEBUG] [org.gradle.internal.remote.internal.inet.InetAddresses] Is this a loopback interface? false
2024-11-04T18:24:15.178+0700 [DEBUG] [org.gradle.internal.remote.internal.inet.InetAddresses] Adding IP addresses for network interface Realtek PCIe GbE Family Controller-QoS Packet Scheduler-0000
2024-11-04T18:24:15.179+0700 [DEBUG] [org.gradle.internal.remote.internal.inet.InetAddresses] Is this a loopback interface? false
2024-11-04T18:24:15.179+0700 [DEBUG] [org.gradle.internal.remote.internal.inet.InetAddresses] Adding IP addresses for network interface Realtek PCIe GbE Family Controller-WFP 802.3 MAC Layer LightWeight Filter-0000
2024-11-04T18:24:15.180+0700 [DEBUG] [org.gradle.internal.remote.internal.inet.InetAddresses] Is this a loopback interface? false
2024-11-04T18:24:15.180+0700 [DEBUG] [org.gradle.internal.remote.internal.inet.InetAddresses] Adding IP addresses for network interface Realtek RTL8852AE WiFi 6 802.11ax PCIe Adapter-WFP Native MAC Layer LightWeight Filter-0000
2024-11-04T18:24:15.181+0700 [DEBUG] [org.gradle.internal.remote.internal.inet.InetAddresses] Is this a loopback interface? false
2024-11-04T18:24:15.181+0700 [DEBUG] [org.gradle.internal.remote.internal.inet.InetAddresses] Adding IP addresses for network interface Realtek RTL8852AE WiFi 6 802.11ax PCIe Adapter-Virtual WiFi Filter Driver-0000
2024-11-04T18:24:15.182+0700 [DEBUG] [org.gradle.internal.remote.internal.inet.InetAddresses] Is this a loopback interface? false
2024-11-04T18:24:15.182+0700 [DEBUG] [org.gradle.internal.remote.internal.inet.InetAddresses] Adding IP addresses for network interface Realtek RTL8852AE WiFi 6 802.11ax PCIe Adapter-Native WiFi Filter Driver-0000
2024-11-04T18:24:15.183+0700 [DEBUG] [org.gradle.internal.remote.internal.inet.InetAddresses] Is this a loopback interface? false
2024-11-04T18:24:15.183+0700 [DEBUG] [org.gradle.internal.remote.internal.inet.InetAddresses] Adding IP addresses for network interface Realtek RTL8852AE WiFi 6 802.11ax PCIe Adapter-QoS Packet Scheduler-0000
2024-11-04T18:24:15.184+0700 [DEBUG] [org.gradle.internal.remote.internal.inet.InetAddresses] Is this a loopback interface? false
2024-11-04T18:24:15.185+0700 [DEBUG] [org.gradle.internal.remote.internal.inet.InetAddresses] Adding IP addresses for network interface Realtek RTL8852AE WiFi 6 802.11ax PCIe Adapter-WFP 802.3 MAC Layer LightWeight Filter-0000
2024-11-04T18:24:15.186+0700 [DEBUG] [org.gradle.internal.remote.internal.inet.InetAddresses] Is this a loopback interface? false
2024-11-04T18:24:15.186+0700 [DEBUG] [org.gradle.internal.remote.internal.inet.InetAddresses] Adding IP addresses for network interface Microsoft Wi-Fi Direct Virtual Adapter-WFP Native MAC Layer LightWeight Filter-0000
2024-11-04T18:24:15.187+0700 [DEBUG] [org.gradle.internal.remote.internal.inet.InetAddresses] Is this a loopback interface? false
2024-11-04T18:24:15.187+0700 [DEBUG] [org.gradle.internal.remote.internal.inet.InetAddresses] Adding IP addresses for network interface Microsoft Wi-Fi Direct Virtual Adapter-Native WiFi Filter Driver-0000
2024-11-04T18:24:15.188+0700 [DEBUG] [org.gradle.internal.remote.internal.inet.InetAddresses] Is this a loopback interface? false
2024-11-04T18:24:15.188+0700 [DEBUG] [org.gradle.internal.remote.internal.inet.InetAddresses] Adding IP addresses for network interface Microsoft Wi-Fi Direct Virtual Adapter-QoS Packet Scheduler-0000
2024-11-04T18:24:15.189+0700 [DEBUG] [org.gradle.internal.remote.internal.inet.InetAddresses] Is this a loopback interface? false
2024-11-04T18:24:15.189+0700 [DEBUG] [org.gradle.internal.remote.internal.inet.InetAddresses] Adding IP addresses for network interface Microsoft Wi-Fi Direct Virtual Adapter-WFP 802.3 MAC Layer LightWeight Filter-0000
2024-11-04T18:24:15.190+0700 [DEBUG] [org.gradle.internal.remote.internal.inet.InetAddresses] Is this a loopback interface? false
2024-11-04T18:24:15.190+0700 [DEBUG] [org.gradle.internal.remote.internal.inet.InetAddresses] Adding IP addresses for network interface Microsoft Wi-Fi Direct Virtual Adapter #2-WFP Native MAC Layer LightWeight Filter-0000
2024-11-04T18:24:15.191+0700 [DEBUG] [org.gradle.internal.remote.internal.inet.InetAddresses] Is this a loopback interface? false
2024-11-04T18:24:15.191+0700 [DEBUG] [org.gradle.internal.remote.internal.inet.InetAddresses] Adding IP addresses for network interface Microsoft Wi-Fi Direct Virtual Adapter #2-Native WiFi Filter Driver-0000
2024-11-04T18:24:15.192+0700 [DEBUG] [org.gradle.internal.remote.internal.inet.InetAddresses] Is this a loopback interface? false
2024-11-04T18:24:15.192+0700 [DEBUG] [org.gradle.internal.remote.internal.inet.InetAddresses] Adding IP addresses for network interface Microsoft Wi-Fi Direct Virtual Adapter #2-QoS Packet Scheduler-0000
2024-11-04T18:24:15.193+0700 [DEBUG] [org.gradle.internal.remote.internal.inet.InetAddresses] Is this a loopback interface? false
2024-11-04T18:24:15.193+0700 [DEBUG] [org.gradle.internal.remote.internal.inet.InetAddresses] Adding IP addresses for network interface Microsoft Wi-Fi Direct Virtual Adapter #2-WFP 802.3 MAC Layer LightWeight Filter-0000
2024-11-04T18:24:15.194+0700 [DEBUG] [org.gradle.internal.remote.internal.inet.InetAddresses] Is this a loopback interface? false
2024-11-04T18:24:15.194+0700 [DEBUG] [org.gradle.internal.remote.internal.inet.InetAddresses] Adding IP addresses for network interface WAN Miniport (IP)-WFP Native MAC Layer LightWeight Filter-0000
2024-11-04T18:24:15.195+0700 [DEBUG] [org.gradle.internal.remote.internal.inet.InetAddresses] Is this a loopback interface? false
2024-11-04T18:24:15.195+0700 [DEBUG] [org.gradle.internal.remote.internal.inet.InetAddresses] Adding IP addresses for network interface WAN Miniport (IP)-QoS Packet Scheduler-0000
2024-11-04T18:24:15.196+0700 [DEBUG] [org.gradle.internal.remote.internal.inet.InetAddresses] Is this a loopback interface? false
2024-11-04T18:24:15.196+0700 [DEBUG] [org.gradle.internal.remote.internal.inet.InetAddresses] Adding IP addresses for network interface WAN Miniport (IPv6)-WFP Native MAC Layer LightWeight Filter-0000
2024-11-04T18:24:15.197+0700 [DEBUG] [org.gradle.internal.remote.internal.inet.InetAddresses] Is this a loopback interface? false
2024-11-04T18:24:15.197+0700 [DEBUG] [org.gradle.internal.remote.internal.inet.InetAddresses] Adding IP addresses for network interface WAN Miniport (IPv6)-QoS Packet Scheduler-0000
2024-11-04T18:24:15.198+0700 [DEBUG] [org.gradle.internal.remote.internal.inet.InetAddresses] Is this a loopback interface? false
2024-11-04T18:24:15.199+0700 [DEBUG] [org.gradle.internal.remote.internal.inet.InetAddresses] Adding IP addresses for network interface WAN Miniport (Network Monitor)-WFP Native MAC Layer LightWeight Filter-0000
2024-11-04T18:24:15.200+0700 [DEBUG] [org.gradle.internal.remote.internal.inet.InetAddresses] Is this a loopback interface? false
2024-11-04T18:24:15.200+0700 [DEBUG] [org.gradle.internal.remote.internal.inet.InetAddresses] Adding IP addresses for network interface WAN Miniport (Network Monitor)-QoS Packet Scheduler-0000
2024-11-04T18:24:15.201+0700 [DEBUG] [org.gradle.internal.remote.internal.inet.InetAddresses] Is this a loopback interface? false
2024-11-04T18:24:15.204+0700 [DEBUG] [org.gradle.internal.remote.internal.inet.TcpIncomingConnector] Listening on [f9a9b0ef-388e-4fc6-ba45-e6900b300699 port:55504, addresses:[localhost/127.0.0.1]].
2024-11-04T18:24:15.214+0700 [DEBUG] [org.gradle.launcher.daemon.server.Daemon] Daemon starting at: Mon Nov 04 18:24:15 ICT 2024, with address: [f9a9b0ef-388e-4fc6-ba45-e6900b300699 port:55504, addresses:[localhost/127.0.0.1]]
2024-11-04T18:24:15.214+0700 [INFO] [org.gradle.launcher.daemon.server.DaemonRegistryUpdater] Advertising the daemon address to the clients: [f9a9b0ef-388e-4fc6-ba45-e6900b300699 port:55504, addresses:[localhost/127.0.0.1]]
2024-11-04T18:24:15.215+0700 [DEBUG] [org.gradle.launcher.daemon.server.DaemonRegistryUpdater] Advertised daemon context: DefaultDaemonContext[uid=0dc0f797-9bfa-4cc0-b2eb-08b8b151bef2,javaHome=C:\Program Files\Android\Android Studio\jbr,daemonRegistryDir=E:\Assignment\daemon,pid=15636,idleTimeout=10800000,priority=NORMAL,applyInstrumentationAgent=true,daemonOpts=--add-opens=java.base/java.util=ALL-UNNAMED,--add-opens=java.base/java.lang=ALL-UNNAMED,--add-opens=java.base/java.lang.invoke=ALL-UNNAMED,--add-opens=java.prefs/java.util.prefs=ALL-UNNAMED,--add-opens=java.base/java.nio.charset=ALL-UNNAMED,--add-opens=java.base/java.net=ALL-UNNAMED,--add-opens=java.base/java.util.concurrent.atomic=ALL-UNNAMED,-Xmx2048m,-Dfile.encoding=UTF-8,-Duser.country=VN,-Duser.language=vi,-Duser.variant]
2024-11-04T18:24:15.215+0700 [DEBUG] [org.gradle.launcher.daemon.registry.PersistentDaemonRegistry] Storing daemon address: [f9a9b0ef-388e-4fc6-ba45-e6900b300699 port:55504, addresses:[localhost/127.0.0.1]], context: DefaultDaemonContext[uid=0dc0f797-9bfa-4cc0-b2eb-08b8b151bef2,javaHome=C:\Program Files\Android\Android Studio\jbr,daemonRegistryDir=E:\Assignment\daemon,pid=15636,idleTimeout=10800000,priority=NORMAL,applyInstrumentationAgent=true,daemonOpts=--add-opens=java.base/java.util=ALL-UNNAMED,--add-opens=java.base/java.lang=ALL-UNNAMED,--add-opens=java.base/java.lang.invoke=ALL-UNNAMED,--add-opens=java.prefs/java.util.prefs=ALL-UNNAMED,--add-opens=java.base/java.nio.charset=ALL-UNNAMED,--add-opens=java.base/java.net=ALL-UNNAMED,--add-opens=java.base/java.util.concurrent.atomic=ALL-UNNAMED,-Xmx2048m,-Dfile.encoding=UTF-8,-Duser.country=VN,-Duser.language=vi,-Duser.variant]
2024-11-04T18:24:15.221+0700 [DEBUG] [org.gradle.cache.internal.DefaultFileLockManager] Waiting to acquire exclusive lock on daemon addresses registry.
2024-11-04T18:24:15.223+0700 [DEBUG] [org.gradle.cache.internal.DefaultFileLockManager] Lock acquired on daemon addresses registry.
2024-11-04T18:24:15.226+0700 [DEBUG] [org.gradle.cache.internal.DefaultFileLockManager] Releasing lock on daemon addresses registry.
2024-11-04T18:24:15.226+0700 [LIFECYCLE] [org.gradle.launcher.daemon.server.Daemon] Daemon server started.
2024-11-04T18:24:15.227+0700 [DEBUG] [org.gradle.launcher.daemon.bootstrap.DaemonStartupCommunication] Completed writing the daemon greeting. Closing streams...
2024-11-04T18:24:15.230+0700 [DEBUG] [org.gradle.launcher.daemon.server.Daemon] stopOnExpiration() called on daemon
2024-11-04T18:24:15.230+0700 [DEBUG] [org.gradle.launcher.daemon.server.Daemon] awaitExpiration() called on daemon
2024-11-04T18:24:15.231+0700 [DEBUG] [org.gradle.launcher.daemon.server.DaemonStateCoordinator] daemon is running. Sleeping until state changes.
2024-11-04T18:24:15.233+0700 [DEBUG] [org.gradle.internal.remote.internal.inet.TcpIncomingConnector] Accepted connection from /127.0.0.1:55505 to /127.0.0.1:55504.
2024-11-04T18:24:15.273+0700 [DEBUG] [org.gradle.launcher.daemon.server.SynchronizedDispatchConnection] thread 30: received class org.gradle.launcher.daemon.protocol.Build
2024-11-04T18:24:15.273+0700 [DEBUG] [org.gradle.launcher.daemon.server.DefaultDaemonConnection] thread 30: Received non-IO message from client: Build{id=e70c1c80-8e92-4118-9fa7-31d2b44ca090, currentDir=E:\Assignment_2}
2024-11-04T18:24:15.273+0700 [INFO] [org.gradle.launcher.daemon.server.DefaultIncomingConnectionHandler] Received command: Build{id=e70c1c80-8e92-4118-9fa7-31d2b44ca090, currentDir=E:\Assignment_2}.
2024-11-04T18:24:15.273+0700 [DEBUG] [org.gradle.launcher.daemon.server.DefaultIncomingConnectionHandler] Starting executing command: Build{id=e70c1c80-8e92-4118-9fa7-31d2b44ca090, currentDir=E:\Assignment_2} with connection: socket connection from /127.0.0.1:55504 to /127.0.0.1:55505.
2024-11-04T18:24:15.275+0700 [DEBUG] [org.gradle.launcher.daemon.server.DaemonStateCoordinator] Command execution: started DaemonCommandExecution[command = Build{id=e70c1c80-8e92-4118-9fa7-31d2b44ca090, currentDir=E:\Assignment_2}, connection = DefaultDaemonConnection: socket connection from /127.0.0.1:55504 to /127.0.0.1:55505] after 0.0 minutes of idle
2024-11-04T18:24:15.275+0700 [INFO] [org.gradle.launcher.daemon.server.DaemonRegistryUpdater] Marking the daemon as busy, address: [f9a9b0ef-388e-4fc6-ba45-e6900b300699 port:55504, addresses:[localhost/127.0.0.1]]
2024-11-04T18:24:15.275+0700 [DEBUG] [org.gradle.launcher.daemon.registry.PersistentDaemonRegistry] Marking busy by address: [f9a9b0ef-388e-4fc6-ba45-e6900b300699 port:55504, addresses:[localhost/127.0.0.1]]
2024-11-04T18:24:15.275+0700 [DEBUG] [org.gradle.cache.internal.DefaultFileLockManager] Waiting to acquire exclusive lock on daemon addresses registry.
2024-11-04T18:24:15.275+0700 [DEBUG] [org.gradle.cache.internal.DefaultFileLockManager] Lock acquired on daemon addresses registry.
2024-11-04T18:24:15.276+0700 [DEBUG] [org.gradle.cache.internal.DefaultFileLockManager] Releasing lock on daemon addresses registry.
2024-11-04T18:24:15.276+0700 [DEBUG] [org.gradle.launcher.daemon.server.DaemonStateCoordinator] resetting idle timer
2024-11-04T18:24:15.276+0700 [DEBUG] [org.gradle.launcher.daemon.server.DaemonStateCoordinator] daemon is running. Sleeping until state changes.
2024-11-04T18:24:15.277+0700 [INFO] [org.gradle.launcher.daemon.server.exec.StartBuildOrRespondWithBusy] Daemon is about to start building Build{id=e70c1c80-8e92-4118-9fa7-31d2b44ca090, currentDir=E:\Assignment_2}. Dispatching build started information...
2024-11-04T18:24:15.277+0700 [DEBUG] [org.gradle.launcher.daemon.server.SynchronizedDispatchConnection] thread 32: dispatching org.gradle.launcher.daemon.protocol.BuildStarted@46a62dc2
2024-11-04T18:24:15.278+0700 [DEBUG] [org.gradle.launcher.daemon.server.exec.EstablishBuildEnvironment] Configuring env variables: [USERDOMAIN_ROAMINGPROFILE, PROCESSOR_LEVEL, SESSIONNAME, ALLUSERSPROFILE, PROCESSOR_ARCHITECTURE, GATEWAY_VM_OPTIONS, PSModulePath, SystemDrive, RIDER_VM_OPTIONS, USERNAME, DEVECOSTUDIO_VM_OPTIONS, STUDIO_VM_OPTIONS, ProgramFiles(x86), FPS_BROWSER_USER_PROFILE_STRING, PATHEXT, DriverData, APPCODE_VM_OPTIONS, OneDriveConsumer, PyCharm Community Edition, ProgramData, DATASPELL_VM_OPTIONS, ProgramW6432, HOMEPATH, PROCESSOR_IDENTIFIER, ProgramFiles, PUBLIC, windir, =::, ZES_ENABLE_SYSMAN, DATAGRIP_VM_OPTIONS, OneDriveCommercial, IGCCSVC_DB, LOCALAPPDATA, ChocolateyLastPathUpdate, IntelliJ IDEA, USERDOMAIN, WEBSTORM_VM_OPTIONS, LOGONSERVER, PYCHARM_VM_OPTIONS, FPS_BROWSER_APP_PROFILE_STRING, CLION_VM_OPTIONS, JETBRAINSCLIENT_VM_OPTIONS, GOLAND_VM_OPTIONS, OneDrive, APPDATA, IDEA_VM_OPTIONS, EFC_9312, RUBYMINE_VM_OPTIONS, ChocolateyInstall, JETBRAINS_CLIENT_VM_OPTIONS, CommonProgramFiles, Path, OS, COMPUTERNAME, PROCESSOR_REVISION, CommonProgramW6432, ComSpec, TEMP, SystemRoot, WEBIDE_VM_OPTIONS, HOMEDRIVE, USERPROFILE, TMP, CommonProgramFiles(x86), NUMBER_OF_PROCESSORS, PHPSTORM_VM_OPTIONS, IDEA_INITIAL_DIRECTORY]
2024-11-04T18:24:15.280+0700 [DEBUG] [org.gradle.launcher.daemon.server.SynchronizedDispatchConnection] thread 30: received class org.gradle.launcher.daemon.protocol.CloseInput
2024-11-04T18:24:15.280+0700 [DEBUG] [org.gradle.launcher.daemon.server.DefaultDaemonConnection] thread 30: Received IO message from client: org.gradle.launcher.daemon.protocol.CloseInput@6f80b168
2024-11-04T18:24:15.281+0700 [DEBUG] [org.gradle.launcher.daemon.server.exec.LogToClient] About to start relaying all logs to the client via the connection.
2024-11-04T18:24:15.281+0700 [INFO] [org.gradle.launcher.daemon.server.exec.LogToClient] The client will now receive all logging from the daemon (pid: 15636). The daemon log file: E:\Assignment\daemon\8.7\daemon-15636.out.log
2024-11-04T18:24:15.282+0700 [INFO] [org.gradle.launcher.daemon.server.exec.LogAndCheckHealth] Starting build in new daemon [memory: 2 GiB]
2024-11-04T18:24:15.284+0700 [INFO] [org.gradle.launcher.daemon.server.exec.ForwardClientInput] Closing daemon's stdin at end of input.
2024-11-04T18:24:15.284+0700 [INFO] [org.gradle.launcher.daemon.server.exec.ForwardClientInput] The daemon will no longer process any standard input.
2024-11-04T18:24:15.284+0700 [DEBUG] [org.gradle.launcher.daemon.server.exec.ExecuteBuild] The daemon has started executing the build.
2024-11-04T18:24:15.285+0700 [DEBUG] [org.gradle.launcher.daemon.server.exec.ExecuteBuild] Executing build with daemon context: DefaultDaemonContext[uid=0dc0f797-9bfa-4cc0-b2eb-08b8b151bef2,javaHome=C:\Program Files\Android\Android Studio\jbr,daemonRegistryDir=E:\Assignment\daemon,pid=15636,idleTimeout=10800000,priority=NORMAL,applyInstrumentationAgent=true,daemonOpts=--add-opens=java.base/java.util=ALL-UNNAMED,--add-opens=java.base/java.lang=ALL-UNNAMED,--add-opens=java.base/java.lang.invoke=ALL-UNNAMED,--add-opens=java.prefs/java.util.prefs=ALL-UNNAMED,--add-opens=java.base/java.nio.charset=ALL-UNNAMED,--add-opens=java.base/java.net=ALL-UNNAMED,--add-opens=java.base/java.util.concurrent.atomic=ALL-UNNAMED,-Xmx2048m,-Dfile.encoding=UTF-8,-Duser.country=VN,-Duser.language=vi,-Duser.variant]
w: file:///E:/Assignment_2/app/src/main/java/com/example/assignment/ui/component/TaskItem.kt:225:21 'Divider(Modifier = ..., Dp = ..., Color = ...): Unit' is deprecated. Renamed to HorizontalDivider
w: file:///E:/Assignment_2/app/src/main/java/com/example/assignment/ui/screen/CalendarScreen.kt:276:42 Parameter 'isTask' is never used, could be renamed to _

BUILD SUCCESSFUL in 47s
37 actionable tasks: 19 executed, 18 up-to-date
2024-11-04T18:25:01.500+0700 [DEBUG] [org.gradle.launcher.daemon.server.exec.ExecuteBuild] The daemon has finished executing the build.
2024-11-04T18:25:01.508+0700 [DEBUG] [org.gradle.launcher.daemon.server.DaemonStateCoordinator] daemon is running. Sleeping until state changes.
2024-11-04T18:25:01.509+0700 [DEBUG] [org.gradle.launcher.daemon.server.DaemonStateCoordinator] Command execution: finished waiting for DaemonCommandExecution[command = Build{id=e70c1c80-8e92-4118-9fa7-31d2b44ca090, currentDir=E:\Assignment_2}, connection = DefaultDaemonConnection: socket connection from /127.0.0.1:55504 to /127.0.0.1:55505]. Result org.gradle.launcher.daemon.server.DaemonStateCoordinator@cc2abaf with state Busy
2024-11-04T18:25:01.509+0700 [DEBUG] [org.gradle.launcher.daemon.server.DaemonStateCoordinator] Command execution: completed DaemonCommandExecution[command = Build{id=e70c1c80-8e92-4118-9fa7-31d2b44ca090, currentDir=E:\Assignment_2}, connection = DefaultDaemonConnection: socket connection from /127.0.0.1:55504 to /127.0.0.1:55505]
2024-11-04T18:25:01.509+0700 [DEBUG] [org.gradle.launcher.daemon.server.DaemonStateCoordinator] resetting idle timer
2024-11-04T18:25:01.509+0700 [INFO] [org.gradle.launcher.daemon.server.DaemonRegistryUpdater] Marking the daemon as idle, address: [f9a9b0ef-388e-4fc6-ba45-e6900b300699 port:55504, addresses:[localhost/127.0.0.1]]
2024-11-04T18:25:01.509+0700 [DEBUG] [org.gradle.launcher.daemon.registry.PersistentDaemonRegistry] Marking busy by address: [f9a9b0ef-388e-4fc6-ba45-e6900b300699 port:55504, addresses:[localhost/127.0.0.1]]
2024-11-04T18:25:01.509+0700 [DEBUG] [org.gradle.cache.internal.DefaultFileLockManager] Waiting to acquire exclusive lock on daemon addresses registry.
2024-11-04T18:25:01.510+0700 [DEBUG] [org.gradle.cache.internal.DefaultFileLockManager] Lock acquired on daemon addresses registry.
2024-11-04T18:25:01.510+0700 [DEBUG] [org.gradle.cache.internal.DefaultFileLockManager] Releasing lock on daemon addresses registry.
2024-11-04T18:25:01.511+0700 [DEBUG] [org.gradle.launcher.daemon.server.DaemonStateCoordinator] daemon is running. Sleeping until state changes.
2024-11-04T18:25:01.511+0700 [DEBUG] [org.gradle.launcher.daemon.server.exec.ReturnResult] Daemon is dispatching the build result: Success[value=org.gradle.launcher.exec.BuildActionResult@68950c0b]
2024-11-04T18:25:01.511+0700 [DEBUG] [org.gradle.launcher.daemon.server.SynchronizedDispatchConnection] thread 29: dispatching Success[value=org.gradle.launcher.exec.BuildActionResult@68950c0b]
2024-11-04T18:25:01.512+0700 [DEBUG] [org.gradle.launcher.daemon.server.exec.CleanUpVirtualFileSystemAfterBuild] Cleaning virtual file system after build finished
2024-11-04T18:25:01.513+0700 [DEBUG] [org.gradle.launcher.daemon.server.SynchronizedDispatchConnection] thread 30: received class org.gradle.launcher.daemon.protocol.Finished
2024-11-04T18:25:01.513+0700 [DEBUG] [org.gradle.launcher.daemon.server.DefaultDaemonConnection] thread 30: Received non-IO message from client: org.gradle.launcher.daemon.protocol.Finished@624316dd
2024-11-04T18:25:01.512+0700 [DEBUG] [org.gradle.launcher.daemon.server.DefaultIncomingConnectionHandler] Finishing executing command: Build{id=e70c1c80-8e92-4118-9fa7-31d2b44ca090, currentDir=E:\Assignment_2}
2024-11-04T18:25:01.513+0700 [DEBUG] [org.gradle.launcher.daemon.server.DefaultIncomingConnectionHandler] Received finished message: org.gradle.launcher.daemon.protocol.Finished@624316dd
2024-11-04T18:25:01.513+0700 [DEBUG] [org.gradle.launcher.daemon.server.SynchronizedDispatchConnection] thread 29: stopping connection
2024-11-04T18:25:01.513+0700 [DEBUG] [org.gradle.internal.remote.internal.inet.SocketConnection] Discarding EOFException: java.io.EOFException
2024-11-04T18:25:01.514+0700 [DEBUG] [org.gradle.launcher.daemon.server.SynchronizedDispatchConnection] thread 30: received null
2024-11-04T18:25:01.514+0700 [DEBUG] [org.gradle.launcher.daemon.server.DefaultDaemonConnection] thread 30: Received end-of-input from client.
2024-11-04T18:25:01.515+0700 [DEBUG] [org.gradle.launcher.daemon.server.SynchronizedDispatchConnection] thread 29: stopping connection
2024-11-04T18:25:02.881+0700 [DEBUG] [sun.rmi.transport.tcp] RMI Scheduler(0): close connection, socket: Socket[addr=localhost/127.0.0.1,port=17204,localport=55604]
2024-11-04T18:25:04.330+0700 [DEBUG] [org.gradle.process.internal.health.memory.DefaultMemoryManager] 1819465728 virtual memory requested, 1050255360 free
2024-11-04T18:25:04.330+0700 [DEBUG] [org.gradle.workers.internal.WorkerDaemonExpiration] Will attempt to release 1735 of memory
2024-11-04T18:25:04.330+0700 [DEBUG] [org.gradle.process.internal.health.memory.DefaultMemoryManager] 1819465728 virtual memory requested, 0 released, 1050255360 free
2024-11-04T18:25:05.232+0700 [DEBUG] [org.gradle.cache.internal.DefaultFileLockManager] Waiting to acquire shared lock on daemon addresses registry.
2024-11-04T18:25:05.233+0700 [DEBUG] [org.gradle.cache.internal.DefaultFileLockManager] Lock acquired on daemon addresses registry.
2024-11-04T18:25:05.233+0700 [DEBUG] [org.gradle.cache.internal.DefaultFileLockManager] Releasing lock on daemon addresses registry.
2024-11-04T18:25:05.233+0700 [DEBUG] [org.gradle.cache.internal.DefaultFileLockManager] Waiting to acquire shared lock on daemon addresses registry.
2024-11-04T18:25:05.234+0700 [DEBUG] [org.gradle.cache.internal.DefaultFileLockManager] Lock acquired on daemon addresses registry.
2024-11-04T18:25:05.234+0700 [DEBUG] [org.gradle.cache.internal.DefaultFileLockManager] Releasing lock on daemon addresses registry.
2024-11-04T18:25:09.329+0700 [DEBUG] [org.gradle.process.internal.health.memory.DefaultMemoryManager] 1844146585 virtual memory requested, 725594112 free
2024-11-04T18:25:09.329+0700 [DEBUG] [org.gradle.workers.internal.WorkerDaemonExpiration] Will attempt to release 1758 of memory
2024-11-04T18:25:09.329+0700 [DEBUG] [org.gradle.process.internal.health.memory.DefaultMemoryManager] 1844146585 virtual memory requested, 0 released, 725594112 free
2024-11-04T18:25:14.329+0700 [DEBUG] [org.gradle.process.internal.health.memory.DefaultMemoryManager] 1850857472 virtual memory requested, 972677120 free
2024-11-04T18:25:14.329+0700 [DEBUG] [org.gradle.workers.internal.WorkerDaemonExpiration] Will attempt to release 1765 of memory
2024-11-04T18:25:14.329+0700 [DEBUG] [org.gradle.process.internal.health.memory.DefaultMemoryManager] 1850857472 virtual memory requested, 0 released, 972677120 free
2024-11-04T18:25:15.231+0700 [DEBUG] [org.gradle.cache.internal.DefaultFileLockManager] Waiting to acquire shared lock on daemon addresses registry.
2024-11-04T18:25:15.231+0700 [DEBUG] [org.gradle.cache.internal.DefaultFileLockManager] Lock acquired on daemon addresses registry.
2024-11-04T18:25:15.232+0700 [DEBUG] [org.gradle.cache.internal.DefaultFileLockManager] Releasing lock on daemon addresses registry.
2024-11-04T18:25:15.232+0700 [DEBUG] [org.gradle.cache.internal.DefaultFileLockManager] Waiting to acquire shared lock on daemon addresses registry.
2024-11-04T18:25:15.232+0700 [DEBUG] [org.gradle.cache.internal.DefaultFileLockManager] Lock acquired on daemon addresses registry.
2024-11-04T18:25:15.232+0700 [DEBUG] [org.gradle.cache.internal.DefaultFileLockManager] Releasing lock on daemon addresses registry.
2024-11-04T18:25:15.233+0700 [DEBUG] [org.gradle.cache.internal.DefaultFileLockManager] Waiting to acquire shared lock on daemon addresses registry.
2024-11-04T18:25:15.233+0700 [DEBUG] [org.gradle.cache.internal.DefaultFileLockManager] Lock acquired on daemon addresses registry.
2024-11-04T18:25:15.233+0700 [DEBUG] [org.gradle.cache.internal.DefaultFileLockManager] Releasing lock on daemon addresses registry.
2024-11-04T18:25:19.330+0700 [DEBUG] [org.gradle.process.internal.health.memory.DefaultMemoryManager] 1850857472 virtual memory requested, 873947136 free
2024-11-04T18:25:19.330+0700 [DEBUG] [org.gradle.workers.internal.WorkerDaemonExpiration] Will attempt to release 1765 of memory
2024-11-04T18:25:19.330+0700 [DEBUG] [org.gradle.process.internal.health.memory.DefaultMemoryManager] 1850857472 virtual memory requested, 0 released, 873947136 free
2024-11-04T18:25:23.469+0700 [DEBUG] [sun.rmi.transport.tcp] RMI TCP Connection(2)-127.0.0.1: (port 55606) connection closed
2024-11-04T18:25:23.469+0700 [DEBUG] [sun.rmi.transport.tcp] RMI TCP Connection(2)-127.0.0.1: close connection, socket: Socket[addr=/127.0.0.1,port=55638,localport=55606]
2024-11-04T18:25:23.469+0700 [DEBUG] [sun.rmi.transport.tcp] RMI TCP Connection(2)-127.0.0.1: socket close: Socket[addr=/127.0.0.1,port=55638,localport=55606]
2024-11-04T18:25:24.330+0700 [DEBUG] [org.gradle.process.internal.health.memory.DefaultMemoryManager] 1850857472 virtual memory requested, 917745664 free
2024-11-04T18:25:24.331+0700 [DEBUG] [org.gradle.workers.internal.WorkerDaemonExpiration] Will attempt to release 1765 of memory
2024-11-04T18:25:24.331+0700 [DEBUG] [org.gradle.process.internal.health.memory.DefaultMemoryManager] 1850857472 virtual memory requested, 0 released, 917745664 free
2024-11-04T18:25:24.331+0700 [DEBUG] [sun.rmi.transport.tcp] RMI Scheduler(0): close connection, socket: Socket[addr=localhost/127.0.0.1,port=17204,localport=55642]
2024-11-04T18:25:25.233+0700 [DEBUG] [org.gradle.cache.internal.DefaultFileLockManager] Waiting to acquire shared lock on daemon addresses registry.
2024-11-04T18:25:25.233+0700 [DEBUG] [org.gradle.cache.internal.DefaultFileLockManager] Lock acquired on daemon addresses registry.
2024-11-04T18:25:25.233+0700 [DEBUG] [org.gradle.cache.internal.DefaultFileLockManager] Releasing lock on daemon addresses registry.
2024-11-04T18:25:25.234+0700 [DEBUG] [org.gradle.cache.internal.DefaultFileLockManager] Waiting to acquire shared lock on daemon addresses registry.
2024-11-04T18:25:25.234+0700 [DEBUG] [org.gradle.cache.internal.DefaultFileLockManager] Lock acquired on daemon addresses registry.
2024-11-04T18:25:25.234+0700 [DEBUG] [org.gradle.cache.internal.DefaultFileLockManager] Releasing lock on daemon addresses registry.
2024-11-04T18:25:25.234+0700 [DEBUG] [org.gradle.cache.internal.DefaultFileLockManager] Waiting to acquire shared lock on daemon addresses registry.
2024-11-04T18:25:25.234+0700 [DEBUG] [org.gradle.cache.internal.DefaultFileLockManager] Lock acquired on daemon addresses registry.
2024-11-04T18:25:25.234+0700 [DEBUG] [org.gradle.cache.internal.DefaultFileLockManager] Releasing lock on daemon addresses registry.
2024-11-04T18:25:29.329+0700 [DEBUG] [org.gradle.process.internal.health.memory.DefaultMemoryManager] 1850857472 virtual memory requested, 909406208 free
2024-11-04T18:25:29.329+0700 [DEBUG] [org.gradle.workers.internal.WorkerDaemonExpiration] Will attempt to release 1765 of memory
2024-11-04T18:25:29.329+0700 [DEBUG] [org.gradle.process.internal.health.memory.DefaultMemoryManager] 1850857472 virtual memory requested, 0 released, 909406208 free
2024-11-04T18:25:34.330+0700 [DEBUG] [org.gradle.process.internal.health.memory.DefaultMemoryManager] 1850857472 virtual memory requested, 885968896 free
2024-11-04T18:25:34.330+0700 [DEBUG] [org.gradle.workers.internal.WorkerDaemonExpiration] Will attempt to release 1765 of memory
2024-11-04T18:25:34.330+0700 [DEBUG] [org.gradle.process.internal.health.memory.DefaultMemoryManager] 1850857472 virtual memory requested, 0 released, 885968896 free
2024-11-04T18:25:35.232+0700 [DEBUG] [org.gradle.cache.internal.DefaultFileLockManager] Waiting to acquire shared lock on daemon addresses registry.
2024-11-04T18:25:35.233+0700 [DEBUG] [org.gradle.cache.internal.DefaultFileLockManager] Lock acquired on daemon addresses registry.
2024-11-04T18:25:35.233+0700 [DEBUG] [org.gradle.cache.internal.DefaultFileLockManager] Releasing lock on daemon addresses registry.
2024-11-04T18:25:35.234+0700 [DEBUG] [org.gradle.cache.internal.DefaultFileLockManager] Waiting to acquire shared lock on daemon addresses registry.
2024-11-04T18:25:35.234+0700 [DEBUG] [org.gradle.cache.internal.DefaultFileLockManager] Lock acquired on daemon addresses registry.
2024-11-04T18:25:35.234+0700 [DEBUG] [org.gradle.cache.internal.DefaultFileLockManager] Releasing lock on daemon addresses registry.
2024-11-04T18:25:35.234+0700 [DEBUG] [org.gradle.cache.internal.DefaultFileLockManager] Waiting to acquire shared lock on daemon addresses registry.
2024-11-04T18:25:35.234+0700 [DEBUG] [org.gradle.cache.internal.DefaultFileLockManager] Lock acquired on daemon addresses registry.
2024-11-04T18:25:35.234+0700 [DEBUG] [org.gradle.cache.internal.DefaultFileLockManager] Releasing lock on daemon addresses registry.
2024-11-04T18:25:39.330+0700 [DEBUG] [org.gradle.process.internal.health.memory.DefaultMemoryManager] 1850857472 virtual memory requested, 867803136 free
2024-11-04T18:25:39.330+0700 [DEBUG] [org.gradle.workers.internal.WorkerDaemonExpiration] Will attempt to release 1765 of memory
2024-11-04T18:25:39.330+0700 [DEBUG] [org.gradle.process.internal.health.memory.DefaultMemoryManager] 1850857472 virtual memory requested, 0 released, 867803136 free
2024-11-04T18:25:39.552+0700 [DEBUG] [org.gradle.internal.remote.internal.inet.TcpIncomingConnector] Accepted connection from /127.0.0.1:55690 to /127.0.0.1:55504.
2024-11-04T18:25:39.554+0700 [DEBUG] [org.gradle.launcher.daemon.server.SynchronizedDispatchConnection] thread 271: received class org.gradle.launcher.daemon.protocol.Build
2024-11-04T18:25:39.554+0700 [DEBUG] [org.gradle.launcher.daemon.server.DefaultDaemonConnection] thread 271: Received non-IO message from client: Build{id=a3c410d9-4981-494d-ae2b-9f39bc26252f, currentDir=E:\Assignment_2}
2024-11-04T18:25:39.554+0700 [INFO] [org.gradle.launcher.daemon.server.DefaultIncomingConnectionHandler] Received command: Build{id=a3c410d9-4981-494d-ae2b-9f39bc26252f, currentDir=E:\Assignment_2}.
2024-11-04T18:25:39.554+0700 [DEBUG] [org.gradle.launcher.daemon.server.DefaultIncomingConnectionHandler] Starting executing command: Build{id=a3c410d9-4981-494d-ae2b-9f39bc26252f, currentDir=E:\Assignment_2} with connection: socket connection from /127.0.0.1:55504 to /127.0.0.1:55690.
2024-11-04T18:25:39.555+0700 [DEBUG] [org.gradle.launcher.daemon.server.DaemonStateCoordinator] Command execution: started DaemonCommandExecution[command = Build{id=a3c410d9-4981-494d-ae2b-9f39bc26252f, currentDir=E:\Assignment_2}, connection = DefaultDaemonConnection: socket connection from /127.0.0.1:55504 to /127.0.0.1:55690] after 0.0 minutes of idle
2024-11-04T18:25:39.555+0700 [INFO] [org.gradle.launcher.daemon.server.DaemonRegistryUpdater] Marking the daemon as busy, address: [f9a9b0ef-388e-4fc6-ba45-e6900b300699 port:55504, addresses:[localhost/127.0.0.1]]
2024-11-04T18:25:39.555+0700 [DEBUG] [org.gradle.launcher.daemon.registry.PersistentDaemonRegistry] Marking busy by address: [f9a9b0ef-388e-4fc6-ba45-e6900b300699 port:55504, addresses:[localhost/127.0.0.1]]
2024-11-04T18:25:39.555+0700 [DEBUG] [org.gradle.cache.internal.DefaultFileLockManager] Waiting to acquire exclusive lock on daemon addresses registry.
2024-11-04T18:25:39.555+0700 [DEBUG] [org.gradle.cache.internal.DefaultFileLockManager] Lock acquired on daemon addresses registry.
2024-11-04T18:25:39.555+0700 [DEBUG] [org.gradle.cache.internal.DefaultFileLockManager] Releasing lock on daemon addresses registry.
2024-11-04T18:25:39.556+0700 [DEBUG] [org.gradle.launcher.daemon.server.DaemonStateCoordinator] resetting idle timer
2024-11-04T18:25:39.556+0700 [INFO] [org.gradle.launcher.daemon.server.exec.StartBuildOrRespondWithBusy] Daemon is about to start building Build{id=a3c410d9-4981-494d-ae2b-9f39bc26252f, currentDir=E:\Assignment_2}. Dispatching build started information...
2024-11-04T18:25:39.556+0700 [DEBUG] [org.gradle.launcher.daemon.server.DaemonStateCoordinator] daemon is running. Sleeping until state changes.
2024-11-04T18:25:39.556+0700 [DEBUG] [org.gradle.launcher.daemon.server.SynchronizedDispatchConnection] thread 32: dispatching org.gradle.launcher.daemon.protocol.BuildStarted@62866fb4
2024-11-04T18:25:39.556+0700 [DEBUG] [org.gradle.launcher.daemon.server.exec.EstablishBuildEnvironment] Configuring env variables: [USERDOMAIN_ROAMINGPROFILE, PROCESSOR_LEVEL, SESSIONNAME, ALLUSERSPROFILE, PROCESSOR_ARCHITECTURE, GATEWAY_VM_OPTIONS, PSModulePath, SystemDrive, RIDER_VM_OPTIONS, USERNAME, DEVECOSTUDIO_VM_OPTIONS, STUDIO_VM_OPTIONS, ProgramFiles(x86), FPS_BROWSER_USER_PROFILE_STRING, PATHEXT, DriverData, APPCODE_VM_OPTIONS, OneDriveConsumer, PyCharm Community Edition, ProgramData, DATASPELL_VM_OPTIONS, ProgramW6432, HOMEPATH, PROCESSOR_IDENTIFIER, ProgramFiles, PUBLIC, windir, =::, ZES_ENABLE_SYSMAN, DATAGRIP_VM_OPTIONS, OneDriveCommercial, IGCCSVC_DB, LOCALAPPDATA, ChocolateyLastPathUpdate, IntelliJ IDEA, USERDOMAIN, WEBSTORM_VM_OPTIONS, LOGONSERVER, PYCHARM_VM_OPTIONS, FPS_BROWSER_APP_PROFILE_STRING, CLION_VM_OPTIONS, JETBRAINSCLIENT_VM_OPTIONS, GOLAND_VM_OPTIONS, OneDrive, APPDATA, IDEA_VM_OPTIONS, EFC_9312, RUBYMINE_VM_OPTIONS, ChocolateyInstall, JETBRAINS_CLIENT_VM_OPTIONS, CommonProgramFiles, Path, OS, COMPUTERNAME, PROCESSOR_REVISION, CommonProgramW6432, ComSpec, TEMP, SystemRoot, WEBIDE_VM_OPTIONS, HOMEDRIVE, USERPROFILE, TMP, CommonProgramFiles(x86), NUMBER_OF_PROCESSORS, PHPSTORM_VM_OPTIONS, IDEA_INITIAL_DIRECTORY]
2024-11-04T18:25:39.557+0700 [DEBUG] [org.gradle.launcher.daemon.server.SynchronizedDispatchConnection] thread 271: received class org.gradle.launcher.daemon.protocol.CloseInput
2024-11-04T18:25:39.557+0700 [DEBUG] [org.gradle.launcher.daemon.server.DefaultDaemonConnection] thread 271: Received IO message from client: org.gradle.launcher.daemon.protocol.CloseInput@3a2542d4
2024-11-04T18:25:39.557+0700 [DEBUG] [org.gradle.launcher.daemon.server.exec.LogToClient] About to start relaying all logs to the client via the connection.
2024-11-04T18:25:39.557+0700 [INFO] [org.gradle.launcher.daemon.server.exec.LogToClient] The client will now receive all logging from the daemon (pid: 15636). The daemon log file: E:\Assignment\daemon\8.7\daemon-15636.out.log
2024-11-04T18:25:39.558+0700 [INFO] [org.gradle.launcher.daemon.server.exec.LogAndCheckHealth] Starting 2nd build in daemon [uptime: 1 mins 24.52 secs, performance: 100%, GC rate: 0.00/s, heap usage: 0% of 2 GiB]
2024-11-04T18:25:39.558+0700 [DEBUG] [org.gradle.launcher.daemon.server.exec.ExecuteBuild] The daemon has started executing the build.
2024-11-04T18:25:39.558+0700 [DEBUG] [org.gradle.launcher.daemon.server.exec.ExecuteBuild] Executing build with daemon context: DefaultDaemonContext[uid=0dc0f797-9bfa-4cc0-b2eb-08b8b151bef2,javaHome=C:\Program Files\Android\Android Studio\jbr,daemonRegistryDir=E:\Assignment\daemon,pid=15636,idleTimeout=10800000,priority=NORMAL,applyInstrumentationAgent=true,daemonOpts=--add-opens=java.base/java.util=ALL-UNNAMED,--add-opens=java.base/java.lang=ALL-UNNAMED,--add-opens=java.base/java.lang.invoke=ALL-UNNAMED,--add-opens=java.prefs/java.util.prefs=ALL-UNNAMED,--add-opens=java.base/java.nio.charset=ALL-UNNAMED,--add-opens=java.base/java.net=ALL-UNNAMED,--add-opens=java.base/java.util.concurrent.atomic=ALL-UNNAMED,-Xmx2048m,-Dfile.encoding=UTF-8,-Duser.country=VN,-Duser.language=vi,-Duser.variant]

BUILD SUCCESSFUL in 943ms
37 actionable tasks: 1 executed, 36 up-to-date
2024-11-04T18:25:40.524+0700 [DEBUG] [org.gradle.launcher.daemon.server.exec.ExecuteBuild] The daemon has finished executing the build.
2024-11-04T18:25:40.528+0700 [DEBUG] [org.gradle.launcher.daemon.server.DaemonStateCoordinator] Command execution: finished waiting for DaemonCommandExecution[command = Build{id=a3c410d9-4981-494d-ae2b-9f39bc26252f, currentDir=E:\Assignment_2}, connection = DefaultDaemonConnection: socket connection from /127.0.0.1:55504 to /127.0.0.1:55690]. Result org.gradle.launcher.daemon.server.DaemonStateCoordinator@cc2abaf with state Busy
2024-11-04T18:25:40.529+0700 [DEBUG] [org.gradle.launcher.daemon.server.DaemonStateCoordinator] Command execution: completed DaemonCommandExecution[command = Build{id=a3c410d9-4981-494d-ae2b-9f39bc26252f, currentDir=E:\Assignment_2}, connection = DefaultDaemonConnection: socket connection from /127.0.0.1:55504 to /127.0.0.1:55690]
2024-11-04T18:25:40.529+0700 [DEBUG] [org.gradle.launcher.daemon.server.DaemonStateCoordinator] resetting idle timer
2024-11-04T18:25:40.529+0700 [INFO] [org.gradle.launcher.daemon.server.DaemonRegistryUpdater] Marking the daemon as idle, address: [f9a9b0ef-388e-4fc6-ba45-e6900b300699 port:55504, addresses:[localhost/127.0.0.1]]
2024-11-04T18:25:40.529+0700 [DEBUG] [org.gradle.launcher.daemon.registry.PersistentDaemonRegistry] Marking busy by address: [f9a9b0ef-388e-4fc6-ba45-e6900b300699 port:55504, addresses:[localhost/127.0.0.1]]
2024-11-04T18:25:40.530+0700 [DEBUG] [org.gradle.cache.internal.DefaultFileLockManager] Waiting to acquire exclusive lock on daemon addresses registry.
2024-11-04T18:25:40.530+0700 [DEBUG] [org.gradle.cache.internal.DefaultFileLockManager] Lock acquired on daemon addresses registry.
2024-11-04T18:25:40.531+0700 [DEBUG] [org.gradle.cache.internal.DefaultFileLockManager] Releasing lock on daemon addresses registry.
2024-11-04T18:25:40.531+0700 [DEBUG] [org.gradle.launcher.daemon.server.exec.ReturnResult] Daemon is dispatching the build result: Success[value=org.gradle.launcher.exec.BuildActionResult@1fb00abe]
2024-11-04T18:25:40.531+0700 [DEBUG] [org.gradle.launcher.daemon.server.DaemonStateCoordinator] daemon is running. Sleeping until state changes.
2024-11-04T18:25:40.532+0700 [DEBUG] [org.gradle.launcher.daemon.server.SynchronizedDispatchConnection] thread 29: dispatching Success[value=org.gradle.launcher.exec.BuildActionResult@1fb00abe]
2024-11-04T18:25:40.532+0700 [DEBUG] [org.gradle.launcher.daemon.server.exec.CleanUpVirtualFileSystemAfterBuild] Cleaning virtual file system after build finished
2024-11-04T18:25:40.532+0700 [DEBUG] [org.gradle.launcher.daemon.server.DefaultIncomingConnectionHandler] Finishing executing command: Build{id=a3c410d9-4981-494d-ae2b-9f39bc26252f, currentDir=E:\Assignment_2}
2024-11-04T18:25:40.532+0700 [DEBUG] [org.gradle.launcher.daemon.server.SynchronizedDispatchConnection] thread 271: received class org.gradle.launcher.daemon.protocol.Finished
2024-11-04T18:25:40.533+0700 [DEBUG] [org.gradle.launcher.daemon.server.DefaultDaemonConnection] thread 271: Received non-IO message from client: org.gradle.launcher.daemon.protocol.Finished@34e2bbe0
2024-11-04T18:25:40.533+0700 [DEBUG] [org.gradle.launcher.daemon.server.DefaultIncomingConnectionHandler] Received finished message: org.gradle.launcher.daemon.protocol.Finished@34e2bbe0
2024-11-04T18:25:40.533+0700 [DEBUG] [org.gradle.internal.remote.internal.inet.SocketConnection] Discarding EOFException: java.io.EOFException
2024-11-04T18:25:40.533+0700 [DEBUG] [org.gradle.launcher.daemon.server.SynchronizedDispatchConnection] thread 271: received null
2024-11-04T18:25:40.533+0700 [DEBUG] [org.gradle.launcher.daemon.server.DefaultDaemonConnection] thread 271: Received end-of-input from client.
2024-11-04T18:25:40.533+0700 [DEBUG] [org.gradle.launcher.daemon.server.SynchronizedDispatchConnection] thread 29: stopping connection
2024-11-04T18:25:40.534+0700 [DEBUG] [org.gradle.launcher.daemon.server.SynchronizedDispatchConnection] thread 29: stopping connection
2024-11-04T18:25:44.329+0700 [DEBUG] [org.gradle.process.internal.health.memory.DefaultMemoryManager] 1857568358 virtual memory requested, 684097536 free
2024-11-04T18:25:44.329+0700 [DEBUG] [org.gradle.workers.internal.WorkerDaemonExpiration] Will attempt to release 1771 of memory
2024-11-04T18:25:44.329+0700 [DEBUG] [org.gradle.process.internal.health.memory.DefaultMemoryManager] 1857568358 virtual memory requested, 0 released, 684097536 free
2024-11-04T18:25:45.233+0700 [DEBUG] [org.gradle.cache.internal.DefaultFileLockManager] Waiting to acquire shared lock on daemon addresses registry.
2024-11-04T18:25:45.233+0700 [DEBUG] [org.gradle.cache.internal.DefaultFileLockManager] Lock acquired on daemon addresses registry.
2024-11-04T18:25:45.233+0700 [DEBUG] [org.gradle.cache.internal.DefaultFileLockManager] Releasing lock on daemon addresses registry.
2024-11-04T18:25:45.234+0700 [DEBUG] [org.gradle.cache.internal.DefaultFileLockManager] Waiting to acquire shared lock on daemon addresses registry.
2024-11-04T18:25:45.234+0700 [DEBUG] [org.gradle.cache.internal.DefaultFileLockManager] Lock acquired on daemon addresses registry.
2024-11-04T18:25:45.234+0700 [DEBUG] [org.gradle.cache.internal.DefaultFileLockManager] Releasing lock on daemon addresses registry.
2024-11-04T18:25:49.330+0700 [DEBUG] [org.gradle.process.internal.health.memory.DefaultMemoryManager] 1857568358 virtual memory requested, 725438464 free
2024-11-04T18:25:49.330+0700 [DEBUG] [org.gradle.workers.internal.WorkerDaemonExpiration] Will attempt to release 1771 of memory
2024-11-04T18:25:49.330+0700 [DEBUG] [org.gradle.process.internal.health.memory.DefaultMemoryManager] 1857568358 virtual memory requested, 0 released, 725438464 free
2024-11-04T18:25:55.232+0700 [DEBUG] [org.gradle.cache.internal.DefaultFileLockManager] Waiting to acquire shared lock on daemon addresses registry.
2024-11-04T18:25:55.232+0700 [DEBUG] [org.gradle.cache.internal.DefaultFileLockManager] Lock acquired on daemon addresses registry.
2024-11-04T18:25:55.233+0700 [DEBUG] [org.gradle.cache.internal.DefaultFileLockManager] Releasing lock on daemon addresses registry.
2024-11-04T18:25:55.233+0700 [DEBUG] [org.gradle.cache.internal.DefaultFileLockManager] Waiting to acquire shared lock on daemon addresses registry.
2024-11-04T18:25:55.234+0700 [DEBUG] [org.gradle.cache.internal.DefaultFileLockManager] Lock acquired on daemon addresses registry.
2024-11-04T18:25:55.234+0700 [DEBUG] [org.gradle.cache.internal.DefaultFileLockManager] Releasing lock on daemon addresses registry.
2024-11-04T18:25:55.235+0700 [DEBUG] [org.gradle.cache.internal.DefaultFileLockManager] Waiting to acquire shared lock on daemon addresses registry.
2024-11-04T18:25:55.235+0700 [DEBUG] [org.gradle.cache.internal.DefaultFileLockManager] Lock acquired on daemon addresses registry.
2024-11-04T18:25:55.235+0700 [DEBUG] [org.gradle.cache.internal.DefaultFileLockManager] Releasing lock on daemon addresses registry.
2024-11-04T18:26:05.232+0700 [DEBUG] [org.gradle.cache.internal.DefaultFileLockManager] Waiting to acquire shared lock on daemon addresses registry.
2024-11-04T18:26:05.232+0700 [DEBUG] [org.gradle.cache.internal.DefaultFileLockManager] Lock acquired on daemon addresses registry.
2024-11-04T18:26:05.232+0700 [DEBUG] [org.gradle.cache.internal.DefaultFileLockManager] Releasing lock on daemon addresses registry.
2024-11-04T18:26:05.233+0700 [DEBUG] [org.gradle.cache.internal.DefaultFileLockManager] Waiting to acquire shared lock on daemon addresses registry.
2024-11-04T18:26:05.233+0700 [DEBUG] [org.gradle.cache.internal.DefaultFileLockManager] Lock acquired on daemon addresses registry.
2024-11-04T18:26:05.233+0700 [DEBUG] [org.gradle.cache.internal.DefaultFileLockManager] Releasing lock on daemon addresses registry.
2024-11-04T18:26:05.233+0700 [DEBUG] [org.gradle.cache.internal.DefaultFileLockManager] Waiting to acquire shared lock on daemon addresses registry.
2024-11-04T18:26:05.233+0700 [DEBUG] [org.gradle.cache.internal.DefaultFileLockManager] Lock acquired on daemon addresses registry.
2024-11-04T18:26:05.233+0700 [DEBUG] [org.gradle.cache.internal.DefaultFileLockManager] Releasing lock on daemon addresses registry.
2024-11-04T18:26:15.233+0700 [DEBUG] [org.gradle.cache.internal.DefaultFileLockManager] Waiting to acquire shared lock on daemon addresses registry.
2024-11-04T18:26:15.234+0700 [DEBUG] [org.gradle.cache.internal.DefaultFileLockManager] Lock acquired on daemon addresses registry.
2024-11-04T18:26:15.234+0700 [DEBUG] [org.gradle.cache.internal.DefaultFileLockManager] Releasing lock on daemon addresses registry.
2024-11-04T18:26:15.235+0700 [DEBUG] [org.gradle.cache.internal.DefaultFileLockManager] Waiting to acquire shared lock on daemon addresses registry.
2024-11-04T18:26:15.235+0700 [DEBUG] [org.gradle.cache.internal.DefaultFileLockManager] Lock acquired on daemon addresses registry.
2024-11-04T18:26:15.235+0700 [DEBUG] [org.gradle.cache.internal.DefaultFileLockManager] Releasing lock on daemon addresses registry.
2024-11-04T18:26:15.236+0700 [DEBUG] [org.gradle.cache.internal.DefaultFileLockManager] Waiting to acquire shared lock on daemon addresses registry.
2024-11-04T18:26:15.236+0700 [DEBUG] [org.gradle.cache.internal.DefaultFileLockManager] Lock acquired on daemon addresses registry.
2024-11-04T18:26:15.237+0700 [DEBUG] [org.gradle.cache.internal.DefaultFileLockManager] Releasing lock on daemon addresses registry.
2024-11-04T18:26:19.329+0700 [DEBUG] [org.gradle.process.internal.health.memory.DefaultMemoryManager] 1910976512 virtual memory requested, 1326477312 free
2024-11-04T18:26:19.329+0700 [DEBUG] [org.gradle.workers.internal.WorkerDaemonExpiration] Will attempt to release 1822 of memory
2024-11-04T18:26:19.329+0700 [DEBUG] [org.gradle.process.internal.health.memory.DefaultMemoryManager] 1910976512 virtual memory requested, 0 released, 1326477312 free
2024-11-04T18:26:24.329+0700 [DEBUG] [org.gradle.process.internal.health.memory.DefaultMemoryManager] 1910976512 virtual memory requested, 1285795840 free
2024-11-04T18:26:24.329+0700 [DEBUG] [org.gradle.workers.internal.WorkerDaemonExpiration] Will attempt to release 1822 of memory
2024-11-04T18:26:24.330+0700 [DEBUG] [org.gradle.process.internal.health.memory.DefaultMemoryManager] 1910976512 virtual memory requested, 0 released, 1285795840 free
2024-11-04T18:26:25.232+0700 [DEBUG] [org.gradle.cache.internal.DefaultFileLockManager] Waiting to acquire shared lock on daemon addresses registry.
2024-11-04T18:26:25.232+0700 [DEBUG] [org.gradle.cache.internal.DefaultFileLockManager] Lock acquired on daemon addresses registry.
2024-11-04T18:26:25.232+0700 [DEBUG] [org.gradle.cache.internal.DefaultFileLockManager] Releasing lock on daemon addresses registry.
2024-11-04T18:26:25.232+0700 [DEBUG] [org.gradle.cache.internal.DefaultFileLockManager] Waiting to acquire shared lock on daemon addresses registry.
2024-11-04T18:26:25.232+0700 [DEBUG] [org.gradle.cache.internal.DefaultFileLockManager] Lock acquired on daemon addresses registry.
2024-11-04T18:26:25.232+0700 [DEBUG] [org.gradle.cache.internal.DefaultFileLockManager] Releasing lock on daemon addresses registry.
2024-11-04T18:26:25.232+0700 [DEBUG] [org.gradle.cache.internal.DefaultFileLockManager] Waiting to acquire shared lock on daemon addresses registry.
2024-11-04T18:26:25.232+0700 [DEBUG] [org.gradle.cache.internal.DefaultFileLockManager] Lock acquired on daemon addresses registry.
2024-11-04T18:26:25.233+0700 [DEBUG] [org.gradle.cache.internal.DefaultFileLockManager] Releasing lock on daemon addresses registry.
2024-11-04T18:26:29.330+0700 [DEBUG] [org.gradle.process.internal.health.memory.DefaultMemoryManager] 1910976512 virtual memory requested, 1244053504 free
2024-11-04T18:26:29.330+0700 [DEBUG] [org.gradle.workers.internal.WorkerDaemonExpiration] Will attempt to release 1822 of memory
2024-11-04T18:26:29.330+0700 [DEBUG] [org.gradle.process.internal.health.memory.DefaultMemoryManager] 1910976512 virtual memory requested, 0 released, 1244053504 free
2024-11-04T18:26:34.332+0700 [DEBUG] [org.gradle.process.internal.health.memory.DefaultMemoryManager] 1910976512 virtual memory requested, 1121648640 free
2024-11-04T18:26:34.332+0700 [DEBUG] [org.gradle.workers.internal.WorkerDaemonExpiration] Will attempt to release 1822 of memory
2024-11-04T18:26:34.332+0700 [DEBUG] [org.gradle.process.internal.health.memory.DefaultMemoryManager] 1910976512 virtual memory requested, 0 released, 1121648640 free
2024-11-04T18:26:35.231+0700 [DEBUG] [org.gradle.cache.internal.DefaultFileLockManager] Waiting to acquire shared lock on daemon addresses registry.
2024-11-04T18:26:35.232+0700 [DEBUG] [org.gradle.cache.internal.DefaultFileLockManager] Lock acquired on daemon addresses registry.
2024-11-04T18:26:35.232+0700 [DEBUG] [org.gradle.cache.internal.DefaultFileLockManager] Releasing lock on daemon addresses registry.
2024-11-04T18:26:35.233+0700 [DEBUG] [org.gradle.cache.internal.DefaultFileLockManager] Waiting to acquire shared lock on daemon addresses registry.
2024-11-04T18:26:35.233+0700 [DEBUG] [org.gradle.cache.internal.DefaultFileLockManager] Lock acquired on daemon addresses registry.
2024-11-04T18:26:35.233+0700 [DEBUG] [org.gradle.cache.internal.DefaultFileLockManager] Releasing lock on daemon addresses registry.
2024-11-04T18:26:35.234+0700 [DEBUG] [org.gradle.cache.internal.DefaultFileLockManager] Waiting to acquire shared lock on daemon addresses registry.
2024-11-04T18:26:35.234+0700 [DEBUG] [org.gradle.cache.internal.DefaultFileLockManager] Lock acquired on daemon addresses registry.
2024-11-04T18:26:35.234+0700 [DEBUG] [org.gradle.cache.internal.DefaultFileLockManager] Releasing lock on daemon addresses registry.
2024-11-04T18:26:39.330+0700 [DEBUG] [org.gradle.process.internal.health.memory.DefaultMemoryManager] 1696228147 physical memory requested, 1671561216 free
2024-11-04T18:26:39.330+0700 [DEBUG] [org.gradle.workers.internal.WorkerDaemonExpiration] Will attempt to release 1617 of memory
2024-11-04T18:26:39.330+0700 [DEBUG] [org.gradle.process.internal.health.memory.DefaultMemoryManager] 1696228147 physical memory requested, 0 released, 1671561216 free
2024-11-04T18:26:39.330+0700 [DEBUG] [org.gradle.process.internal.health.memory.DefaultMemoryManager] 1910976512 virtual memory requested, 903032832 free
2024-11-04T18:26:39.330+0700 [DEBUG] [org.gradle.workers.internal.WorkerDaemonExpiration] Will attempt to release 1822 of memory
2024-11-04T18:26:39.330+0700 [DEBUG] [org.gradle.process.internal.health.memory.DefaultMemoryManager] 1910976512 virtual memory requested, 0 released, 903032832 free
