2024-11-04T16:54:25.441+0700 [DEBUG] [org.gradle.launcher.daemon.bootstrap.DaemonMain] Assuming the daemon was started with following jvm opts: [--add-opens=java.base/java.util=ALL-UNNAMED, --add-opens=java.base/java.lang=ALL-UNNAMED, --add-opens=java.base/java.lang.invoke=ALL-UNNAMED, --add-opens=java.prefs/java.util.prefs=ALL-UNNAMED, --add-opens=java.base/java.nio.charset=ALL-UNNAMED, --add-opens=java.base/java.net=ALL-UNNAMED, --add-opens=java.base/java.util.concurrent.atomic=ALL-UNNAMED, -Xmx2048m, -Dfile.encoding=UTF-8, -Duser.country=VN, -Duser.language=vi, -Duser.variant]
2024-11-04T16:54:25.612+0700 [DEBUG] [org.gradle.internal.nativeintegration.services.NativeServices] Native-platform posix files integration is not available. Continuing with fallback.
2024-11-04T16:54:25.625+0700 [INFO] [org.gradle.launcher.daemon.server.Daemon] start() called on daemon - DefaultDaemonContext[uid=39976a76-ce53-4edd-939e-ecf01c0ab561,javaHome=C:\Program Files\Android\Android Studio\jbr,daemonRegistryDir=E:\Assignment\daemon,pid=19192,idleTimeout=10800000,priority=NORMAL,applyInstrumentationAgent=true,daemonOpts=--add-opens=java.base/java.util=ALL-UNNAMED,--add-opens=java.base/java.lang=ALL-UNNAMED,--add-opens=java.base/java.lang.invoke=ALL-UNNAMED,--add-opens=java.prefs/java.util.prefs=ALL-UNNAMED,--add-opens=java.base/java.nio.charset=ALL-UNNAMED,--add-opens=java.base/java.net=ALL-UNNAMED,--add-opens=java.base/java.util.concurrent.atomic=ALL-UNNAMED,-Xmx2048m,-Dfile.encoding=UTF-8,-Duser.country=VN,-Duser.language=vi,-Duser.variant]
2024-11-04T16:54:25.730+0700 [DEBUG] [org.gradle.internal.remote.internal.inet.InetAddresses] Adding IP addresses for network interface Software Loopback Interface 1
2024-11-04T16:54:25.733+0700 [DEBUG] [org.gradle.internal.remote.internal.inet.InetAddresses] Is this a loopback interface? true
2024-11-04T16:54:25.734+0700 [DEBUG] [org.gradle.internal.remote.internal.inet.InetAddresses] Adding loopback address /127.0.0.1
2024-11-04T16:54:25.734+0700 [DEBUG] [org.gradle.internal.remote.internal.inet.InetAddresses] Adding loopback address /0:0:0:0:0:0:0:1
2024-11-04T16:54:25.735+0700 [DEBUG] [org.gradle.internal.remote.internal.inet.InetAddresses] Adding IP addresses for network interface WAN Miniport (Network Monitor)
2024-11-04T16:54:25.738+0700 [DEBUG] [org.gradle.internal.remote.internal.inet.InetAddresses] Is this a loopback interface? false
2024-11-04T16:54:25.738+0700 [DEBUG] [org.gradle.internal.remote.internal.inet.InetAddresses] Adding IP addresses for network interface Microsoft 6to4 Adapter
2024-11-04T16:54:25.741+0700 [DEBUG] [org.gradle.internal.remote.internal.inet.InetAddresses] Is this a loopback interface? false
2024-11-04T16:54:25.741+0700 [DEBUG] [org.gradle.internal.remote.internal.inet.InetAddresses] Adding IP addresses for network interface WAN Miniport (PPPOE)
2024-11-04T16:54:25.744+0700 [DEBUG] [org.gradle.internal.remote.internal.inet.InetAddresses] Is this a loopback interface? false
2024-11-04T16:54:25.744+0700 [DEBUG] [org.gradle.internal.remote.internal.inet.InetAddresses] Adding IP addresses for network interface Microsoft Kernel Debug Network Adapter
2024-11-04T16:54:25.747+0700 [DEBUG] [org.gradle.internal.remote.internal.inet.InetAddresses] Is this a loopback interface? false
2024-11-04T16:54:25.747+0700 [DEBUG] [org.gradle.internal.remote.internal.inet.InetAddresses] Adding IP addresses for network interface WAN Miniport (L2TP)
2024-11-04T16:54:25.749+0700 [DEBUG] [org.gradle.internal.remote.internal.inet.InetAddresses] Is this a loopback interface? false
2024-11-04T16:54:25.749+0700 [DEBUG] [org.gradle.internal.remote.internal.inet.InetAddresses] Adding IP addresses for network interface Microsoft IP-HTTPS Platform Adapter
2024-11-04T16:54:25.752+0700 [DEBUG] [org.gradle.internal.remote.internal.inet.InetAddresses] Is this a loopback interface? false
2024-11-04T16:54:25.752+0700 [DEBUG] [org.gradle.internal.remote.internal.inet.InetAddresses] Adding IP addresses for network interface WAN Miniport (SSTP)
2024-11-04T16:54:25.755+0700 [DEBUG] [org.gradle.internal.remote.internal.inet.InetAddresses] Is this a loopback interface? false
2024-11-04T16:54:25.755+0700 [DEBUG] [org.gradle.internal.remote.internal.inet.InetAddresses] Adding IP addresses for network interface Realtek RTL8852AE WiFi 6 802.11ax PCIe Adapter
2024-11-04T16:54:25.758+0700 [DEBUG] [org.gradle.internal.remote.internal.inet.InetAddresses] Is this a loopback interface? false
2024-11-04T16:54:25.758+0700 [DEBUG] [org.gradle.internal.remote.internal.inet.InetAddresses] Adding remote address /192.168.1.16
2024-11-04T16:54:25.758+0700 [DEBUG] [org.gradle.internal.remote.internal.inet.InetAddresses] Adding remote address /2001:ee0:51bd:2bb0:e69b:487d:6e53:cb95
2024-11-04T16:54:25.759+0700 [DEBUG] [org.gradle.internal.remote.internal.inet.InetAddresses] Adding remote address /2001:ee0:51bd:2bb0:60ea:20e9:9347:e15e
2024-11-04T16:54:25.759+0700 [DEBUG] [org.gradle.internal.remote.internal.inet.InetAddresses] Adding remote address /fe80:0:0:0:694e:c9e0:ff81:73e3%wlan0
2024-11-04T16:54:25.759+0700 [DEBUG] [org.gradle.internal.remote.internal.inet.InetAddresses] Adding IP addresses for network interface WAN Miniport (IP)
2024-11-04T16:54:25.762+0700 [DEBUG] [org.gradle.internal.remote.internal.inet.InetAddresses] Is this a loopback interface? false
2024-11-04T16:54:25.762+0700 [DEBUG] [org.gradle.internal.remote.internal.inet.InetAddresses] Adding IP addresses for network interface Microsoft Teredo Tunneling Adapter
2024-11-04T16:54:25.765+0700 [DEBUG] [org.gradle.internal.remote.internal.inet.InetAddresses] Is this a loopback interface? false
2024-11-04T16:54:25.765+0700 [DEBUG] [org.gradle.internal.remote.internal.inet.InetAddresses] Adding IP addresses for network interface WAN Miniport (IPv6)
2024-11-04T16:54:25.769+0700 [DEBUG] [org.gradle.internal.remote.internal.inet.InetAddresses] Is this a loopback interface? false
2024-11-04T16:54:25.769+0700 [DEBUG] [org.gradle.internal.remote.internal.inet.InetAddresses] Adding IP addresses for network interface WAN Miniport (IKEv2)
2024-11-04T16:54:25.772+0700 [DEBUG] [org.gradle.internal.remote.internal.inet.InetAddresses] Is this a loopback interface? false
2024-11-04T16:54:25.772+0700 [DEBUG] [org.gradle.internal.remote.internal.inet.InetAddresses] Adding IP addresses for network interface Microsoft Wi-Fi Direct Virtual Adapter
2024-11-04T16:54:25.775+0700 [DEBUG] [org.gradle.internal.remote.internal.inet.InetAddresses] Is this a loopback interface? false
2024-11-04T16:54:25.775+0700 [DEBUG] [org.gradle.internal.remote.internal.inet.InetAddresses] Adding remote address /fe80:0:0:0:e727:eca4:7fcf:f80d%wlan1
2024-11-04T16:54:25.776+0700 [DEBUG] [org.gradle.internal.remote.internal.inet.InetAddresses] Adding IP addresses for network interface Microsoft Wi-Fi Direct Virtual Adapter #2
2024-11-04T16:54:25.777+0700 [DEBUG] [org.gradle.internal.remote.internal.inet.InetAddresses] Is this a loopback interface? false
2024-11-04T16:54:25.777+0700 [DEBUG] [org.gradle.internal.remote.internal.inet.InetAddresses] Adding remote address /fe80:0:0:0:9b1c:c36c:2d11:5019%wlan2
2024-11-04T16:54:25.778+0700 [DEBUG] [org.gradle.internal.remote.internal.inet.InetAddresses] Adding IP addresses for network interface RAS Async Adapter
2024-11-04T16:54:25.779+0700 [DEBUG] [org.gradle.internal.remote.internal.inet.InetAddresses] Is this a loopback interface? false
2024-11-04T16:54:25.780+0700 [DEBUG] [org.gradle.internal.remote.internal.inet.InetAddresses] Adding IP addresses for network interface Realtek PCIe GbE Family Controller
2024-11-04T16:54:25.782+0700 [DEBUG] [org.gradle.internal.remote.internal.inet.InetAddresses] Is this a loopback interface? false
2024-11-04T16:54:25.783+0700 [DEBUG] [org.gradle.internal.remote.internal.inet.InetAddresses] Adding remote address /fe80:0:0:0:55f:3c5f:8877:b7c0%eth4
2024-11-04T16:54:25.783+0700 [DEBUG] [org.gradle.internal.remote.internal.inet.InetAddresses] Adding IP addresses for network interface WAN Miniport (PPTP)
2024-11-04T16:54:25.786+0700 [DEBUG] [org.gradle.internal.remote.internal.inet.InetAddresses] Is this a loopback interface? false
2024-11-04T16:54:25.786+0700 [DEBUG] [org.gradle.internal.remote.internal.inet.InetAddresses] Adding IP addresses for network interface Realtek PCIe GbE Family Controller-WFP Native MAC Layer LightWeight Filter-0000
2024-11-04T16:54:25.789+0700 [DEBUG] [org.gradle.internal.remote.internal.inet.InetAddresses] Is this a loopback interface? false
2024-11-04T16:54:25.789+0700 [DEBUG] [org.gradle.internal.remote.internal.inet.InetAddresses] Adding IP addresses for network interface Realtek PCIe GbE Family Controller-QoS Packet Scheduler-0000
2024-11-04T16:54:25.792+0700 [DEBUG] [org.gradle.internal.remote.internal.inet.InetAddresses] Is this a loopback interface? false
2024-11-04T16:54:25.792+0700 [DEBUG] [org.gradle.internal.remote.internal.inet.InetAddresses] Adding IP addresses for network interface Realtek PCIe GbE Family Controller-WFP 802.3 MAC Layer LightWeight Filter-0000
2024-11-04T16:54:25.795+0700 [DEBUG] [org.gradle.internal.remote.internal.inet.InetAddresses] Is this a loopback interface? false
2024-11-04T16:54:25.795+0700 [DEBUG] [org.gradle.internal.remote.internal.inet.InetAddresses] Adding IP addresses for network interface Realtek RTL8852AE WiFi 6 802.11ax PCIe Adapter-WFP Native MAC Layer LightWeight Filter-0000
2024-11-04T16:54:25.797+0700 [DEBUG] [org.gradle.internal.remote.internal.inet.InetAddresses] Is this a loopback interface? false
2024-11-04T16:54:25.798+0700 [DEBUG] [org.gradle.internal.remote.internal.inet.InetAddresses] Adding IP addresses for network interface Realtek RTL8852AE WiFi 6 802.11ax PCIe Adapter-Virtual WiFi Filter Driver-0000
2024-11-04T16:54:25.800+0700 [DEBUG] [org.gradle.internal.remote.internal.inet.InetAddresses] Is this a loopback interface? false
2024-11-04T16:54:25.800+0700 [DEBUG] [org.gradle.internal.remote.internal.inet.InetAddresses] Adding IP addresses for network interface Realtek RTL8852AE WiFi 6 802.11ax PCIe Adapter-Native WiFi Filter Driver-0000
2024-11-04T16:54:25.803+0700 [DEBUG] [org.gradle.internal.remote.internal.inet.InetAddresses] Is this a loopback interface? false
2024-11-04T16:54:25.803+0700 [DEBUG] [org.gradle.internal.remote.internal.inet.InetAddresses] Adding IP addresses for network interface Realtek RTL8852AE WiFi 6 802.11ax PCIe Adapter-QoS Packet Scheduler-0000
2024-11-04T16:54:25.805+0700 [DEBUG] [org.gradle.internal.remote.internal.inet.InetAddresses] Is this a loopback interface? false
2024-11-04T16:54:25.806+0700 [DEBUG] [org.gradle.internal.remote.internal.inet.InetAddresses] Adding IP addresses for network interface Realtek RTL8852AE WiFi 6 802.11ax PCIe Adapter-WFP 802.3 MAC Layer LightWeight Filter-0000
2024-11-04T16:54:25.808+0700 [DEBUG] [org.gradle.internal.remote.internal.inet.InetAddresses] Is this a loopback interface? false
2024-11-04T16:54:25.809+0700 [DEBUG] [org.gradle.internal.remote.internal.inet.InetAddresses] Adding IP addresses for network interface Microsoft Wi-Fi Direct Virtual Adapter-WFP Native MAC Layer LightWeight Filter-0000
2024-11-04T16:54:25.811+0700 [DEBUG] [org.gradle.internal.remote.internal.inet.InetAddresses] Is this a loopback interface? false
2024-11-04T16:54:25.811+0700 [DEBUG] [org.gradle.internal.remote.internal.inet.InetAddresses] Adding IP addresses for network interface Microsoft Wi-Fi Direct Virtual Adapter-Native WiFi Filter Driver-0000
2024-11-04T16:54:25.814+0700 [DEBUG] [org.gradle.internal.remote.internal.inet.InetAddresses] Is this a loopback interface? false
2024-11-04T16:54:25.814+0700 [DEBUG] [org.gradle.internal.remote.internal.inet.InetAddresses] Adding IP addresses for network interface Microsoft Wi-Fi Direct Virtual Adapter-QoS Packet Scheduler-0000
2024-11-04T16:54:25.816+0700 [DEBUG] [org.gradle.internal.remote.internal.inet.InetAddresses] Is this a loopback interface? false
2024-11-04T16:54:25.816+0700 [DEBUG] [org.gradle.internal.remote.internal.inet.InetAddresses] Adding IP addresses for network interface Microsoft Wi-Fi Direct Virtual Adapter-WFP 802.3 MAC Layer LightWeight Filter-0000
2024-11-04T16:54:25.819+0700 [DEBUG] [org.gradle.internal.remote.internal.inet.InetAddresses] Is this a loopback interface? false
2024-11-04T16:54:25.819+0700 [DEBUG] [org.gradle.internal.remote.internal.inet.InetAddresses] Adding IP addresses for network interface Microsoft Wi-Fi Direct Virtual Adapter #2-WFP Native MAC Layer LightWeight Filter-0000
2024-11-04T16:54:25.821+0700 [DEBUG] [org.gradle.internal.remote.internal.inet.InetAddresses] Is this a loopback interface? false
2024-11-04T16:54:25.822+0700 [DEBUG] [org.gradle.internal.remote.internal.inet.InetAddresses] Adding IP addresses for network interface Microsoft Wi-Fi Direct Virtual Adapter #2-Native WiFi Filter Driver-0000
2024-11-04T16:54:25.824+0700 [DEBUG] [org.gradle.internal.remote.internal.inet.InetAddresses] Is this a loopback interface? false
2024-11-04T16:54:25.824+0700 [DEBUG] [org.gradle.internal.remote.internal.inet.InetAddresses] Adding IP addresses for network interface Microsoft Wi-Fi Direct Virtual Adapter #2-QoS Packet Scheduler-0000
2024-11-04T16:54:25.826+0700 [DEBUG] [org.gradle.internal.remote.internal.inet.InetAddresses] Is this a loopback interface? false
2024-11-04T16:54:25.827+0700 [DEBUG] [org.gradle.internal.remote.internal.inet.InetAddresses] Adding IP addresses for network interface Microsoft Wi-Fi Direct Virtual Adapter #2-WFP 802.3 MAC Layer LightWeight Filter-0000
2024-11-04T16:54:25.829+0700 [DEBUG] [org.gradle.internal.remote.internal.inet.InetAddresses] Is this a loopback interface? false
2024-11-04T16:54:25.829+0700 [DEBUG] [org.gradle.internal.remote.internal.inet.InetAddresses] Adding IP addresses for network interface WAN Miniport (IP)-WFP Native MAC Layer LightWeight Filter-0000
2024-11-04T16:54:25.832+0700 [DEBUG] [org.gradle.internal.remote.internal.inet.InetAddresses] Is this a loopback interface? false
2024-11-04T16:54:25.832+0700 [DEBUG] [org.gradle.internal.remote.internal.inet.InetAddresses] Adding IP addresses for network interface WAN Miniport (IP)-QoS Packet Scheduler-0000
2024-11-04T16:54:25.834+0700 [DEBUG] [org.gradle.internal.remote.internal.inet.InetAddresses] Is this a loopback interface? false
2024-11-04T16:54:25.835+0700 [DEBUG] [org.gradle.internal.remote.internal.inet.InetAddresses] Adding IP addresses for network interface WAN Miniport (IPv6)-WFP Native MAC Layer LightWeight Filter-0000
2024-11-04T16:54:25.837+0700 [DEBUG] [org.gradle.internal.remote.internal.inet.InetAddresses] Is this a loopback interface? false
2024-11-04T16:54:25.837+0700 [DEBUG] [org.gradle.internal.remote.internal.inet.InetAddresses] Adding IP addresses for network interface WAN Miniport (IPv6)-QoS Packet Scheduler-0000
2024-11-04T16:54:25.840+0700 [DEBUG] [org.gradle.internal.remote.internal.inet.InetAddresses] Is this a loopback interface? false
2024-11-04T16:54:25.840+0700 [DEBUG] [org.gradle.internal.remote.internal.inet.InetAddresses] Adding IP addresses for network interface WAN Miniport (Network Monitor)-WFP Native MAC Layer LightWeight Filter-0000
2024-11-04T16:54:25.842+0700 [DEBUG] [org.gradle.internal.remote.internal.inet.InetAddresses] Is this a loopback interface? false
2024-11-04T16:54:25.842+0700 [DEBUG] [org.gradle.internal.remote.internal.inet.InetAddresses] Adding IP addresses for network interface WAN Miniport (Network Monitor)-QoS Packet Scheduler-0000
2024-11-04T16:54:25.844+0700 [DEBUG] [org.gradle.internal.remote.internal.inet.InetAddresses] Is this a loopback interface? false
2024-11-04T16:54:25.849+0700 [DEBUG] [org.gradle.internal.remote.internal.inet.TcpIncomingConnector] Listening on [b7533e20-14a3-4acf-84c9-d7198e70d6c6 port:50787, addresses:[localhost/127.0.0.1]].
2024-11-04T16:54:25.867+0700 [DEBUG] [org.gradle.launcher.daemon.server.Daemon] Daemon starting at: Mon Nov 04 16:54:25 ICT 2024, with address: [b7533e20-14a3-4acf-84c9-d7198e70d6c6 port:50787, addresses:[localhost/127.0.0.1]]
2024-11-04T16:54:25.867+0700 [INFO] [org.gradle.launcher.daemon.server.DaemonRegistryUpdater] Advertising the daemon address to the clients: [b7533e20-14a3-4acf-84c9-d7198e70d6c6 port:50787, addresses:[localhost/127.0.0.1]]
2024-11-04T16:54:25.867+0700 [DEBUG] [org.gradle.launcher.daemon.server.DaemonRegistryUpdater] Advertised daemon context: DefaultDaemonContext[uid=39976a76-ce53-4edd-939e-ecf01c0ab561,javaHome=C:\Program Files\Android\Android Studio\jbr,daemonRegistryDir=E:\Assignment\daemon,pid=19192,idleTimeout=10800000,priority=NORMAL,applyInstrumentationAgent=true,daemonOpts=--add-opens=java.base/java.util=ALL-UNNAMED,--add-opens=java.base/java.lang=ALL-UNNAMED,--add-opens=java.base/java.lang.invoke=ALL-UNNAMED,--add-opens=java.prefs/java.util.prefs=ALL-UNNAMED,--add-opens=java.base/java.nio.charset=ALL-UNNAMED,--add-opens=java.base/java.net=ALL-UNNAMED,--add-opens=java.base/java.util.concurrent.atomic=ALL-UNNAMED,-Xmx2048m,-Dfile.encoding=UTF-8,-Duser.country=VN,-Duser.language=vi,-Duser.variant]
2024-11-04T16:54:25.869+0700 [DEBUG] [org.gradle.launcher.daemon.registry.PersistentDaemonRegistry] Storing daemon address: [b7533e20-14a3-4acf-84c9-d7198e70d6c6 port:50787, addresses:[localhost/127.0.0.1]], context: DefaultDaemonContext[uid=39976a76-ce53-4edd-939e-ecf01c0ab561,javaHome=C:\Program Files\Android\Android Studio\jbr,daemonRegistryDir=E:\Assignment\daemon,pid=19192,idleTimeout=10800000,priority=NORMAL,applyInstrumentationAgent=true,daemonOpts=--add-opens=java.base/java.util=ALL-UNNAMED,--add-opens=java.base/java.lang=ALL-UNNAMED,--add-opens=java.base/java.lang.invoke=ALL-UNNAMED,--add-opens=java.prefs/java.util.prefs=ALL-UNNAMED,--add-opens=java.base/java.nio.charset=ALL-UNNAMED,--add-opens=java.base/java.net=ALL-UNNAMED,--add-opens=java.base/java.util.concurrent.atomic=ALL-UNNAMED,-Xmx2048m,-Dfile.encoding=UTF-8,-Duser.country=VN,-Duser.language=vi,-Duser.variant]
2024-11-04T16:54:25.880+0700 [DEBUG] [org.gradle.cache.internal.DefaultFileLockManager] Waiting to acquire exclusive lock on daemon addresses registry.
2024-11-04T16:54:25.883+0700 [DEBUG] [org.gradle.cache.internal.DefaultFileLockManager] Lock acquired on daemon addresses registry.
2024-11-04T16:54:25.886+0700 [DEBUG] [org.gradle.cache.internal.DefaultFileLockManager] Releasing lock on daemon addresses registry.
2024-11-04T16:54:25.887+0700 [LIFECYCLE] [org.gradle.launcher.daemon.server.Daemon] Daemon server started.
2024-11-04T16:54:25.888+0700 [DEBUG] [org.gradle.launcher.daemon.bootstrap.DaemonStartupCommunication] Completed writing the daemon greeting. Closing streams...
2024-11-04T16:54:25.893+0700 [DEBUG] [org.gradle.launcher.daemon.server.Daemon] stopOnExpiration() called on daemon
2024-11-04T16:54:25.894+0700 [DEBUG] [org.gradle.launcher.daemon.server.Daemon] awaitExpiration() called on daemon
2024-11-04T16:54:25.894+0700 [DEBUG] [org.gradle.launcher.daemon.server.DaemonStateCoordinator] daemon is running. Sleeping until state changes.
2024-11-04T16:54:25.896+0700 [DEBUG] [org.gradle.internal.remote.internal.inet.TcpIncomingConnector] Accepted connection from /127.0.0.1:50789 to /127.0.0.1:50787.
2024-11-04T16:54:25.947+0700 [DEBUG] [org.gradle.launcher.daemon.server.SynchronizedDispatchConnection] thread 30: received class org.gradle.launcher.daemon.protocol.Build
2024-11-04T16:54:25.947+0700 [DEBUG] [org.gradle.launcher.daemon.server.DefaultDaemonConnection] thread 30: Received non-IO message from client: Build{id=e15fc44e-4d0b-4d93-aa7c-d2757a69bbb0, currentDir=E:\Assignment}
2024-11-04T16:54:25.948+0700 [INFO] [org.gradle.launcher.daemon.server.DefaultIncomingConnectionHandler] Received command: Build{id=e15fc44e-4d0b-4d93-aa7c-d2757a69bbb0, currentDir=E:\Assignment}.
2024-11-04T16:54:25.948+0700 [DEBUG] [org.gradle.launcher.daemon.server.DefaultIncomingConnectionHandler] Starting executing command: Build{id=e15fc44e-4d0b-4d93-aa7c-d2757a69bbb0, currentDir=E:\Assignment} with connection: socket connection from /127.0.0.1:50787 to /127.0.0.1:50789.
2024-11-04T16:54:25.949+0700 [DEBUG] [org.gradle.launcher.daemon.server.DaemonStateCoordinator] Command execution: started DaemonCommandExecution[command = Build{id=e15fc44e-4d0b-4d93-aa7c-d2757a69bbb0, currentDir=E:\Assignment}, connection = DefaultDaemonConnection: socket connection from /127.0.0.1:50787 to /127.0.0.1:50789] after 0.0 minutes of idle
2024-11-04T16:54:25.950+0700 [INFO] [org.gradle.launcher.daemon.server.DaemonRegistryUpdater] Marking the daemon as busy, address: [b7533e20-14a3-4acf-84c9-d7198e70d6c6 port:50787, addresses:[localhost/127.0.0.1]]
2024-11-04T16:54:25.950+0700 [DEBUG] [org.gradle.launcher.daemon.registry.PersistentDaemonRegistry] Marking busy by address: [b7533e20-14a3-4acf-84c9-d7198e70d6c6 port:50787, addresses:[localhost/127.0.0.1]]
2024-11-04T16:54:25.950+0700 [DEBUG] [org.gradle.cache.internal.DefaultFileLockManager] Waiting to acquire exclusive lock on daemon addresses registry.
2024-11-04T16:54:25.950+0700 [DEBUG] [org.gradle.cache.internal.DefaultFileLockManager] Lock acquired on daemon addresses registry.
2024-11-04T16:54:25.951+0700 [DEBUG] [org.gradle.cache.internal.DefaultFileLockManager] Releasing lock on daemon addresses registry.
2024-11-04T16:54:25.951+0700 [DEBUG] [org.gradle.launcher.daemon.server.DaemonStateCoordinator] resetting idle timer
2024-11-04T16:54:25.951+0700 [DEBUG] [org.gradle.launcher.daemon.server.DaemonStateCoordinator] daemon is running. Sleeping until state changes.
2024-11-04T16:54:25.952+0700 [INFO] [org.gradle.launcher.daemon.server.exec.StartBuildOrRespondWithBusy] Daemon is about to start building Build{id=e15fc44e-4d0b-4d93-aa7c-d2757a69bbb0, currentDir=E:\Assignment}. Dispatching build started information...
2024-11-04T16:54:25.952+0700 [DEBUG] [org.gradle.launcher.daemon.server.SynchronizedDispatchConnection] thread 32: dispatching org.gradle.launcher.daemon.protocol.BuildStarted@5b387c25
2024-11-04T16:54:25.953+0700 [DEBUG] [org.gradle.launcher.daemon.server.exec.EstablishBuildEnvironment] Configuring env variables: [USERDOMAIN_ROAMINGPROFILE, PROCESSOR_LEVEL, SESSIONNAME, ALLUSERSPROFILE, PROCESSOR_ARCHITECTURE, GATEWAY_VM_OPTIONS, PSModulePath, SystemDrive, RIDER_VM_OPTIONS, USERNAME, DEVECOSTUDIO_VM_OPTIONS, STUDIO_VM_OPTIONS, ProgramFiles(x86), PATHEXT, DriverData, APPCODE_VM_OPTIONS, OneDriveConsumer, PyCharm Community Edition, ProgramData, DATASPELL_VM_OPTIONS, ProgramW6432, HOMEPATH, PROCESSOR_IDENTIFIER, ProgramFiles, PUBLIC, windir, =::, ZES_ENABLE_SYSMAN, DATAGRIP_VM_OPTIONS, OneDriveCommercial, IGCCSVC_DB, LOCALAPPDATA, ChocolateyLastPathUpdate, IntelliJ IDEA, USERDOMAIN, WEBSTORM_VM_OPTIONS, LOGONSERVER, PYCHARM_VM_OPTIONS, CLION_VM_OPTIONS, JETBRAINSCLIENT_VM_OPTIONS, GOLAND_VM_OPTIONS, OneDrive, APPDATA, IDEA_VM_OPTIONS, RUBYMINE_VM_OPTIONS, ChocolateyInstall, JETBRAINS_CLIENT_VM_OPTIONS, CommonProgramFiles, Path, OS, COMPUTERNAME, PROCESSOR_REVISION, CommonProgramW6432, ComSpec, TEMP, SystemRoot, WEBIDE_VM_OPTIONS, HOMEDRIVE, USERPROFILE, TMP, CommonProgramFiles(x86), EFC_9244, NUMBER_OF_PROCESSORS, PHPSTORM_VM_OPTIONS, IDEA_INITIAL_DIRECTORY]
2024-11-04T16:54:25.955+0700 [DEBUG] [org.gradle.launcher.daemon.server.SynchronizedDispatchConnection] thread 30: received class org.gradle.launcher.daemon.protocol.CloseInput
2024-11-04T16:54:25.955+0700 [DEBUG] [org.gradle.launcher.daemon.server.DefaultDaemonConnection] thread 30: Received IO message from client: org.gradle.launcher.daemon.protocol.CloseInput@4fbe96d4
2024-11-04T16:54:25.959+0700 [DEBUG] [org.gradle.launcher.daemon.server.exec.LogToClient] About to start relaying all logs to the client via the connection.
2024-11-04T16:54:25.959+0700 [INFO] [org.gradle.launcher.daemon.server.exec.LogToClient] The client will now receive all logging from the daemon (pid: 19192). The daemon log file: E:\Assignment\daemon\8.7\daemon-19192.out.log
2024-11-04T16:54:25.962+0700 [INFO] [org.gradle.launcher.daemon.server.exec.LogAndCheckHealth] Starting build in new daemon [memory: 2 GiB]
2024-11-04T16:54:25.963+0700 [INFO] [org.gradle.launcher.daemon.server.exec.ForwardClientInput] Closing daemon's stdin at end of input.
2024-11-04T16:54:25.964+0700 [INFO] [org.gradle.launcher.daemon.server.exec.ForwardClientInput] The daemon will no longer process any standard input.
2024-11-04T16:54:25.965+0700 [DEBUG] [org.gradle.launcher.daemon.server.exec.ExecuteBuild] The daemon has started executing the build.
2024-11-04T16:54:25.965+0700 [DEBUG] [org.gradle.launcher.daemon.server.exec.ExecuteBuild] Executing build with daemon context: DefaultDaemonContext[uid=39976a76-ce53-4edd-939e-ecf01c0ab561,javaHome=C:\Program Files\Android\Android Studio\jbr,daemonRegistryDir=E:\Assignment\daemon,pid=19192,idleTimeout=10800000,priority=NORMAL,applyInstrumentationAgent=true,daemonOpts=--add-opens=java.base/java.util=ALL-UNNAMED,--add-opens=java.base/java.lang=ALL-UNNAMED,--add-opens=java.base/java.lang.invoke=ALL-UNNAMED,--add-opens=java.prefs/java.util.prefs=ALL-UNNAMED,--add-opens=java.base/java.nio.charset=ALL-UNNAMED,--add-opens=java.base/java.net=ALL-UNNAMED,--add-opens=java.base/java.util.concurrent.atomic=ALL-UNNAMED,-Xmx2048m,-Dfile.encoding=UTF-8,-Duser.country=VN,-Duser.language=vi,-Duser.variant]

BUILD SUCCESSFUL in 1m 22s
1 actionable task: 1 executed
2024-11-04T16:55:47.101+0700 [DEBUG] [org.gradle.launcher.daemon.server.exec.ExecuteBuild] The daemon has finished executing the build.
2024-11-04T16:55:47.118+0700 [DEBUG] [org.gradle.launcher.daemon.server.DaemonStateCoordinator] daemon is running. Sleeping until state changes.
2024-11-04T16:55:47.119+0700 [DEBUG] [org.gradle.launcher.daemon.server.DaemonStateCoordinator] Command execution: finished waiting for DaemonCommandExecution[command = Build{id=e15fc44e-4d0b-4d93-aa7c-d2757a69bbb0, currentDir=E:\Assignment}, connection = DefaultDaemonConnection: socket connection from /127.0.0.1:50787 to /127.0.0.1:50789]. Result org.gradle.launcher.daemon.server.DaemonStateCoordinator@59b61ba0 with state Busy
2024-11-04T16:55:47.119+0700 [DEBUG] [org.gradle.launcher.daemon.server.DaemonStateCoordinator] Command execution: completed DaemonCommandExecution[command = Build{id=e15fc44e-4d0b-4d93-aa7c-d2757a69bbb0, currentDir=E:\Assignment}, connection = DefaultDaemonConnection: socket connection from /127.0.0.1:50787 to /127.0.0.1:50789]
2024-11-04T16:55:47.119+0700 [DEBUG] [org.gradle.launcher.daemon.server.DaemonStateCoordinator] resetting idle timer
2024-11-04T16:55:47.119+0700 [INFO] [org.gradle.launcher.daemon.server.DaemonRegistryUpdater] Marking the daemon as idle, address: [b7533e20-14a3-4acf-84c9-d7198e70d6c6 port:50787, addresses:[localhost/127.0.0.1]]
2024-11-04T16:55:47.119+0700 [DEBUG] [org.gradle.launcher.daemon.registry.PersistentDaemonRegistry] Marking busy by address: [b7533e20-14a3-4acf-84c9-d7198e70d6c6 port:50787, addresses:[localhost/127.0.0.1]]
2024-11-04T16:55:47.120+0700 [DEBUG] [org.gradle.cache.internal.DefaultFileLockManager] Waiting to acquire exclusive lock on daemon addresses registry.
2024-11-04T16:55:47.120+0700 [DEBUG] [org.gradle.cache.internal.DefaultFileLockManager] Lock acquired on daemon addresses registry.
2024-11-04T16:55:47.120+0700 [DEBUG] [org.gradle.cache.internal.DefaultFileLockManager] Releasing lock on daemon addresses registry.
2024-11-04T16:55:47.121+0700 [DEBUG] [org.gradle.launcher.daemon.server.DaemonStateCoordinator] daemon is running. Sleeping until state changes.
2024-11-04T16:55:47.121+0700 [DEBUG] [org.gradle.launcher.daemon.server.exec.ReturnResult] Daemon is dispatching the build result: Success[value=org.gradle.launcher.exec.BuildActionResult@49cbc63a]
2024-11-04T16:55:47.121+0700 [DEBUG] [org.gradle.launcher.daemon.server.SynchronizedDispatchConnection] thread 29: dispatching Success[value=org.gradle.launcher.exec.BuildActionResult@49cbc63a]
2024-11-04T16:55:47.122+0700 [DEBUG] [org.gradle.launcher.daemon.server.SynchronizedDispatchConnection] thread 30: received class org.gradle.launcher.daemon.protocol.Finished
2024-11-04T16:55:47.122+0700 [DEBUG] [org.gradle.launcher.daemon.server.DefaultIncomingConnectionHandler] Finishing executing command: Build{id=e15fc44e-4d0b-4d93-aa7c-d2757a69bbb0, currentDir=E:\Assignment}
2024-11-04T16:55:47.122+0700 [DEBUG] [org.gradle.launcher.daemon.server.exec.CleanUpVirtualFileSystemAfterBuild] Cleaning virtual file system after build finished
2024-11-04T16:55:47.122+0700 [DEBUG] [org.gradle.launcher.daemon.server.DefaultDaemonConnection] thread 30: Received non-IO message from client: org.gradle.launcher.daemon.protocol.Finished@4e7de510
2024-11-04T16:55:47.123+0700 [DEBUG] [org.gradle.launcher.daemon.server.DefaultIncomingConnectionHandler] Received finished message: org.gradle.launcher.daemon.protocol.Finished@4e7de510
2024-11-04T16:55:47.123+0700 [DEBUG] [org.gradle.launcher.daemon.server.SynchronizedDispatchConnection] thread 29: stopping connection
2024-11-04T16:55:47.123+0700 [DEBUG] [org.gradle.internal.remote.internal.inet.SocketConnection] Discarding EOFException: java.io.EOFException
2024-11-04T16:55:47.123+0700 [DEBUG] [org.gradle.launcher.daemon.server.SynchronizedDispatchConnection] thread 30: received null
2024-11-04T16:55:47.123+0700 [DEBUG] [org.gradle.launcher.daemon.server.DefaultDaemonConnection] thread 30: Received end-of-input from client.
2024-11-04T16:55:47.124+0700 [DEBUG] [org.gradle.launcher.daemon.server.SynchronizedDispatchConnection] thread 29: stopping connection
2024-11-04T16:55:49.932+0700 [DEBUG] [org.gradle.process.internal.health.memory.DefaultMemoryManager] 1696228147 physical memory requested, 1337520128 free
2024-11-04T16:55:49.932+0700 [DEBUG] [org.gradle.workers.internal.WorkerDaemonExpiration] Will attempt to release 1617 of memory
2024-11-04T16:55:49.932+0700 [DEBUG] [org.gradle.process.internal.health.memory.DefaultMemoryManager] 1696228147 physical memory requested, 0 released, 1337520128 free
2024-11-04T16:55:49.932+0700 [DEBUG] [org.gradle.process.internal.health.memory.DefaultMemoryManager] 1850578534 virtual memory requested, 700317696 free
2024-11-04T16:55:49.932+0700 [DEBUG] [org.gradle.workers.internal.WorkerDaemonExpiration] Will attempt to release 1764 of memory
2024-11-04T16:55:49.932+0700 [DEBUG] [org.gradle.process.internal.health.memory.DefaultMemoryManager] 1850578534 virtual memory requested, 0 released, 700317696 free
2024-11-04T16:55:54.940+0700 [DEBUG] [org.gradle.process.internal.health.memory.DefaultMemoryManager] 1696228147 physical memory requested, 1353809920 free
2024-11-04T16:55:54.940+0700 [DEBUG] [org.gradle.workers.internal.WorkerDaemonExpiration] Will attempt to release 1617 of memory
2024-11-04T16:55:54.940+0700 [DEBUG] [org.gradle.process.internal.health.memory.DefaultMemoryManager] 1696228147 physical memory requested, 0 released, 1353809920 free
2024-11-04T16:55:54.940+0700 [DEBUG] [org.gradle.process.internal.health.memory.DefaultMemoryManager] 1850578534 virtual memory requested, 665661440 free
2024-11-04T16:55:54.940+0700 [DEBUG] [org.gradle.workers.internal.WorkerDaemonExpiration] Will attempt to release 1764 of memory
2024-11-04T16:55:54.940+0700 [DEBUG] [org.gradle.process.internal.health.memory.DefaultMemoryManager] 1850578534 virtual memory requested, 0 released, 665661440 free
2024-11-04T16:55:55.906+0700 [DEBUG] [org.gradle.cache.internal.DefaultFileLockManager] Waiting to acquire shared lock on daemon addresses registry.
2024-11-04T16:55:55.906+0700 [DEBUG] [org.gradle.cache.internal.DefaultFileLockManager] Lock acquired on daemon addresses registry.
2024-11-04T16:55:55.906+0700 [DEBUG] [org.gradle.cache.internal.DefaultFileLockManager] Releasing lock on daemon addresses registry.
2024-11-04T16:55:55.907+0700 [DEBUG] [org.gradle.cache.internal.DefaultFileLockManager] Waiting to acquire shared lock on daemon addresses registry.
2024-11-04T16:55:55.907+0700 [DEBUG] [org.gradle.cache.internal.DefaultFileLockManager] Lock acquired on daemon addresses registry.
2024-11-04T16:55:55.907+0700 [DEBUG] [org.gradle.cache.internal.DefaultFileLockManager] Releasing lock on daemon addresses registry.
2024-11-04T16:55:59.938+0700 [DEBUG] [org.gradle.process.internal.health.memory.DefaultMemoryManager] 1696228147 physical memory requested, 1382608896 free
2024-11-04T16:55:59.938+0700 [DEBUG] [org.gradle.workers.internal.WorkerDaemonExpiration] Will attempt to release 1617 of memory
2024-11-04T16:55:59.938+0700 [DEBUG] [org.gradle.process.internal.health.memory.DefaultMemoryManager] 1696228147 physical memory requested, 0 released, 1382608896 free
2024-11-04T16:55:59.938+0700 [DEBUG] [org.gradle.process.internal.health.memory.DefaultMemoryManager] 1850578534 virtual memory requested, 665944064 free
2024-11-04T16:55:59.938+0700 [DEBUG] [org.gradle.workers.internal.WorkerDaemonExpiration] Will attempt to release 1764 of memory
2024-11-04T16:55:59.939+0700 [DEBUG] [org.gradle.process.internal.health.memory.DefaultMemoryManager] 1850578534 virtual memory requested, 0 released, 665944064 free
2024-11-04T16:56:04.929+0700 [DEBUG] [org.gradle.process.internal.health.memory.DefaultMemoryManager] 1696228147 physical memory requested, 1361616896 free
2024-11-04T16:56:04.929+0700 [DEBUG] [org.gradle.workers.internal.WorkerDaemonExpiration] Will attempt to release 1617 of memory
2024-11-04T16:56:04.929+0700 [DEBUG] [org.gradle.process.internal.health.memory.DefaultMemoryManager] 1696228147 physical memory requested, 0 released, 1361616896 free
2024-11-04T16:56:04.930+0700 [DEBUG] [org.gradle.process.internal.health.memory.DefaultMemoryManager] 1857289420 virtual memory requested, 693174272 free
2024-11-04T16:56:04.930+0700 [DEBUG] [org.gradle.workers.internal.WorkerDaemonExpiration] Will attempt to release 1771 of memory
2024-11-04T16:56:04.930+0700 [DEBUG] [org.gradle.process.internal.health.memory.DefaultMemoryManager] 1857289420 virtual memory requested, 0 released, 693174272 free
2024-11-04T16:56:05.906+0700 [DEBUG] [org.gradle.cache.internal.DefaultFileLockManager] Waiting to acquire shared lock on daemon addresses registry.
2024-11-04T16:56:05.906+0700 [DEBUG] [org.gradle.cache.internal.DefaultFileLockManager] Lock acquired on daemon addresses registry.
2024-11-04T16:56:05.906+0700 [DEBUG] [org.gradle.cache.internal.DefaultFileLockManager] Releasing lock on daemon addresses registry.
2024-11-04T16:56:05.906+0700 [DEBUG] [org.gradle.cache.internal.DefaultFileLockManager] Waiting to acquire shared lock on daemon addresses registry.
2024-11-04T16:56:05.906+0700 [DEBUG] [org.gradle.cache.internal.DefaultFileLockManager] Lock acquired on daemon addresses registry.
2024-11-04T16:56:05.907+0700 [DEBUG] [org.gradle.cache.internal.DefaultFileLockManager] Releasing lock on daemon addresses registry.
2024-11-04T16:56:05.907+0700 [DEBUG] [org.gradle.cache.internal.DefaultFileLockManager] Waiting to acquire shared lock on daemon addresses registry.
2024-11-04T16:56:05.907+0700 [DEBUG] [org.gradle.cache.internal.DefaultFileLockManager] Lock acquired on daemon addresses registry.
2024-11-04T16:56:05.907+0700 [DEBUG] [org.gradle.cache.internal.DefaultFileLockManager] Releasing lock on daemon addresses registry.
2024-11-04T16:56:09.935+0700 [DEBUG] [org.gradle.process.internal.health.memory.DefaultMemoryManager] 1696228147 physical memory requested, 1386438656 free
2024-11-04T16:56:09.935+0700 [DEBUG] [org.gradle.workers.internal.WorkerDaemonExpiration] Will attempt to release 1617 of memory
2024-11-04T16:56:09.935+0700 [DEBUG] [org.gradle.process.internal.health.memory.DefaultMemoryManager] 1696228147 physical memory requested, 0 released, 1386438656 free
2024-11-04T16:56:09.935+0700 [DEBUG] [org.gradle.process.internal.health.memory.DefaultMemoryManager] 1857289420 virtual memory requested, 698523648 free
2024-11-04T16:56:09.935+0700 [DEBUG] [org.gradle.workers.internal.WorkerDaemonExpiration] Will attempt to release 1771 of memory
2024-11-04T16:56:09.935+0700 [DEBUG] [org.gradle.process.internal.health.memory.DefaultMemoryManager] 1857289420 virtual memory requested, 0 released, 698523648 free
2024-11-04T16:56:14.935+0700 [DEBUG] [org.gradle.process.internal.health.memory.DefaultMemoryManager] 1696228147 physical memory requested, 1407102976 free
2024-11-04T16:56:14.935+0700 [DEBUG] [org.gradle.workers.internal.WorkerDaemonExpiration] Will attempt to release 1617 of memory
2024-11-04T16:56:14.935+0700 [DEBUG] [org.gradle.process.internal.health.memory.DefaultMemoryManager] 1696228147 physical memory requested, 0 released, 1407102976 free
2024-11-04T16:56:14.935+0700 [DEBUG] [org.gradle.process.internal.health.memory.DefaultMemoryManager] 1857289420 virtual memory requested, 694558720 free
2024-11-04T16:56:14.935+0700 [DEBUG] [org.gradle.workers.internal.WorkerDaemonExpiration] Will attempt to release 1771 of memory
2024-11-04T16:56:14.935+0700 [DEBUG] [org.gradle.process.internal.health.memory.DefaultMemoryManager] 1857289420 virtual memory requested, 0 released, 694558720 free
2024-11-04T16:56:15.899+0700 [DEBUG] [org.gradle.cache.internal.DefaultFileLockManager] Waiting to acquire shared lock on daemon addresses registry.
2024-11-04T16:56:15.899+0700 [DEBUG] [org.gradle.cache.internal.DefaultFileLockManager] Lock acquired on daemon addresses registry.
2024-11-04T16:56:15.899+0700 [DEBUG] [org.gradle.cache.internal.DefaultFileLockManager] Releasing lock on daemon addresses registry.
2024-11-04T16:56:15.899+0700 [DEBUG] [org.gradle.cache.internal.DefaultFileLockManager] Waiting to acquire shared lock on daemon addresses registry.
2024-11-04T16:56:15.899+0700 [DEBUG] [org.gradle.cache.internal.DefaultFileLockManager] Lock acquired on daemon addresses registry.
2024-11-04T16:56:15.899+0700 [DEBUG] [org.gradle.cache.internal.DefaultFileLockManager] Releasing lock on daemon addresses registry.
2024-11-04T16:56:15.900+0700 [DEBUG] [org.gradle.cache.internal.DefaultFileLockManager] Waiting to acquire shared lock on daemon addresses registry.
2024-11-04T16:56:15.900+0700 [DEBUG] [org.gradle.cache.internal.DefaultFileLockManager] Lock acquired on daemon addresses registry.
2024-11-04T16:56:15.900+0700 [DEBUG] [org.gradle.cache.internal.DefaultFileLockManager] Releasing lock on daemon addresses registry.
2024-11-04T16:56:19.943+0700 [DEBUG] [org.gradle.process.internal.health.memory.DefaultMemoryManager] 1696228147 physical memory requested, 1433579520 free
2024-11-04T16:56:19.943+0700 [DEBUG] [org.gradle.workers.internal.WorkerDaemonExpiration] Will attempt to release 1617 of memory
2024-11-04T16:56:19.943+0700 [DEBUG] [org.gradle.process.internal.health.memory.DefaultMemoryManager] 1696228147 physical memory requested, 0 released, 1433579520 free
2024-11-04T16:56:19.943+0700 [DEBUG] [org.gradle.process.internal.health.memory.DefaultMemoryManager] 1857289420 virtual memory requested, 693714944 free
2024-11-04T16:56:19.943+0700 [DEBUG] [org.gradle.workers.internal.WorkerDaemonExpiration] Will attempt to release 1771 of memory
2024-11-04T16:56:19.943+0700 [DEBUG] [org.gradle.process.internal.health.memory.DefaultMemoryManager] 1857289420 virtual memory requested, 0 released, 693714944 free
2024-11-04T16:56:24.930+0700 [DEBUG] [org.gradle.process.internal.health.memory.DefaultMemoryManager] 1696228147 physical memory requested, 1448448000 free
2024-11-04T16:56:24.930+0700 [DEBUG] [org.gradle.workers.internal.WorkerDaemonExpiration] Will attempt to release 1617 of memory
2024-11-04T16:56:24.930+0700 [DEBUG] [org.gradle.process.internal.health.memory.DefaultMemoryManager] 1696228147 physical memory requested, 0 released, 1448448000 free
2024-11-04T16:56:24.930+0700 [DEBUG] [org.gradle.process.internal.health.memory.DefaultMemoryManager] 1857289420 virtual memory requested, 689700864 free
2024-11-04T16:56:24.930+0700 [DEBUG] [org.gradle.workers.internal.WorkerDaemonExpiration] Will attempt to release 1771 of memory
2024-11-04T16:56:24.930+0700 [DEBUG] [org.gradle.process.internal.health.memory.DefaultMemoryManager] 1857289420 virtual memory requested, 0 released, 689700864 free
2024-11-04T16:56:25.896+0700 [DEBUG] [org.gradle.cache.internal.DefaultFileLockManager] Waiting to acquire shared lock on daemon addresses registry.
2024-11-04T16:56:25.896+0700 [DEBUG] [org.gradle.cache.internal.DefaultFileLockManager] Lock acquired on daemon addresses registry.
2024-11-04T16:56:25.896+0700 [DEBUG] [org.gradle.cache.internal.DefaultFileLockManager] Releasing lock on daemon addresses registry.
2024-11-04T16:56:25.896+0700 [DEBUG] [org.gradle.cache.internal.DefaultFileLockManager] Waiting to acquire shared lock on daemon addresses registry.
2024-11-04T16:56:25.896+0700 [DEBUG] [org.gradle.cache.internal.DefaultFileLockManager] Lock acquired on daemon addresses registry.
2024-11-04T16:56:25.896+0700 [DEBUG] [org.gradle.cache.internal.DefaultFileLockManager] Releasing lock on daemon addresses registry.
2024-11-04T16:56:25.897+0700 [DEBUG] [org.gradle.cache.internal.DefaultFileLockManager] Waiting to acquire shared lock on daemon addresses registry.
2024-11-04T16:56:25.897+0700 [DEBUG] [org.gradle.cache.internal.DefaultFileLockManager] Lock acquired on daemon addresses registry.
2024-11-04T16:56:25.897+0700 [DEBUG] [org.gradle.cache.internal.DefaultFileLockManager] Releasing lock on daemon addresses registry.
2024-11-04T16:56:29.934+0700 [DEBUG] [org.gradle.process.internal.health.memory.DefaultMemoryManager] 1696228147 physical memory requested, 1421598720 free
2024-11-04T16:56:29.934+0700 [DEBUG] [org.gradle.workers.internal.WorkerDaemonExpiration] Will attempt to release 1617 of memory
2024-11-04T16:56:29.934+0700 [DEBUG] [org.gradle.process.internal.health.memory.DefaultMemoryManager] 1696228147 physical memory requested, 0 released, 1421598720 free
2024-11-04T16:56:29.934+0700 [DEBUG] [org.gradle.process.internal.health.memory.DefaultMemoryManager] 1857289420 virtual memory requested, 662024192 free
2024-11-04T16:56:29.934+0700 [DEBUG] [org.gradle.workers.internal.WorkerDaemonExpiration] Will attempt to release 1771 of memory
2024-11-04T16:56:29.934+0700 [DEBUG] [org.gradle.process.internal.health.memory.DefaultMemoryManager] 1857289420 virtual memory requested, 0 released, 662024192 free
2024-11-04T16:56:34.935+0700 [DEBUG] [org.gradle.process.internal.health.memory.DefaultMemoryManager] 1696228147 physical memory requested, 1411104768 free
2024-11-04T16:56:34.936+0700 [DEBUG] [org.gradle.workers.internal.WorkerDaemonExpiration] Will attempt to release 1617 of memory
2024-11-04T16:56:34.936+0700 [DEBUG] [org.gradle.process.internal.health.memory.DefaultMemoryManager] 1696228147 physical memory requested, 0 released, 1411104768 free
2024-11-04T16:56:34.936+0700 [DEBUG] [org.gradle.process.internal.health.memory.DefaultMemoryManager] 1857289420 virtual memory requested, 638984192 free
2024-11-04T16:56:34.936+0700 [DEBUG] [org.gradle.workers.internal.WorkerDaemonExpiration] Will attempt to release 1771 of memory
2024-11-04T16:56:34.936+0700 [DEBUG] [org.gradle.process.internal.health.memory.DefaultMemoryManager] 1857289420 virtual memory requested, 0 released, 638984192 free
2024-11-04T16:56:35.906+0700 [DEBUG] [org.gradle.cache.internal.DefaultFileLockManager] Waiting to acquire shared lock on daemon addresses registry.
2024-11-04T16:56:35.906+0700 [DEBUG] [org.gradle.cache.internal.DefaultFileLockManager] Lock acquired on daemon addresses registry.
2024-11-04T16:56:35.906+0700 [DEBUG] [org.gradle.cache.internal.DefaultFileLockManager] Releasing lock on daemon addresses registry.
2024-11-04T16:56:35.907+0700 [DEBUG] [org.gradle.cache.internal.DefaultFileLockManager] Waiting to acquire shared lock on daemon addresses registry.
2024-11-04T16:56:35.907+0700 [DEBUG] [org.gradle.cache.internal.DefaultFileLockManager] Lock acquired on daemon addresses registry.
2024-11-04T16:56:35.907+0700 [DEBUG] [org.gradle.cache.internal.DefaultFileLockManager] Releasing lock on daemon addresses registry.
2024-11-04T16:56:35.907+0700 [DEBUG] [org.gradle.cache.internal.DefaultFileLockManager] Waiting to acquire shared lock on daemon addresses registry.
2024-11-04T16:56:35.907+0700 [DEBUG] [org.gradle.cache.internal.DefaultFileLockManager] Lock acquired on daemon addresses registry.
2024-11-04T16:56:35.908+0700 [DEBUG] [org.gradle.cache.internal.DefaultFileLockManager] Releasing lock on daemon addresses registry.
2024-11-04T16:56:39.939+0700 [DEBUG] [org.gradle.process.internal.health.memory.DefaultMemoryManager] 1696228147 physical memory requested, 1405894656 free
2024-11-04T16:56:39.939+0700 [DEBUG] [org.gradle.workers.internal.WorkerDaemonExpiration] Will attempt to release 1617 of memory
2024-11-04T16:56:39.939+0700 [DEBUG] [org.gradle.process.internal.health.memory.DefaultMemoryManager] 1696228147 physical memory requested, 0 released, 1405894656 free
2024-11-04T16:56:39.939+0700 [DEBUG] [org.gradle.process.internal.health.memory.DefaultMemoryManager] 1857289420 virtual memory requested, 607498240 free
2024-11-04T16:56:39.939+0700 [DEBUG] [org.gradle.workers.internal.WorkerDaemonExpiration] Will attempt to release 1771 of memory
2024-11-04T16:56:39.939+0700 [DEBUG] [org.gradle.process.internal.health.memory.DefaultMemoryManager] 1857289420 virtual memory requested, 0 released, 607498240 free
2024-11-04T16:56:44.940+0700 [DEBUG] [org.gradle.process.internal.health.memory.DefaultMemoryManager] 1696228147 physical memory requested, 1400217600 free
2024-11-04T16:56:44.941+0700 [DEBUG] [org.gradle.workers.internal.WorkerDaemonExpiration] Will attempt to release 1617 of memory
2024-11-04T16:56:44.941+0700 [DEBUG] [org.gradle.process.internal.health.memory.DefaultMemoryManager] 1696228147 physical memory requested, 0 released, 1400217600 free
2024-11-04T16:56:44.941+0700 [DEBUG] [org.gradle.process.internal.health.memory.DefaultMemoryManager] 1857289420 virtual memory requested, 585588736 free
2024-11-04T16:56:44.941+0700 [DEBUG] [org.gradle.workers.internal.WorkerDaemonExpiration] Will attempt to release 1771 of memory
2024-11-04T16:56:44.941+0700 [DEBUG] [org.gradle.process.internal.health.memory.DefaultMemoryManager] 1857289420 virtual memory requested, 0 released, 585588736 free
2024-11-04T16:56:45.902+0700 [DEBUG] [org.gradle.cache.internal.DefaultFileLockManager] Waiting to acquire shared lock on daemon addresses registry.
2024-11-04T16:56:45.902+0700 [DEBUG] [org.gradle.cache.internal.DefaultFileLockManager] Lock acquired on daemon addresses registry.
2024-11-04T16:56:45.902+0700 [DEBUG] [org.gradle.cache.internal.DefaultFileLockManager] Releasing lock on daemon addresses registry.
2024-11-04T16:56:45.903+0700 [DEBUG] [org.gradle.cache.internal.DefaultFileLockManager] Waiting to acquire shared lock on daemon addresses registry.
2024-11-04T16:56:45.903+0700 [DEBUG] [org.gradle.cache.internal.DefaultFileLockManager] Lock acquired on daemon addresses registry.
2024-11-04T16:56:45.903+0700 [DEBUG] [org.gradle.cache.internal.DefaultFileLockManager] Releasing lock on daemon addresses registry.
2024-11-04T16:56:45.903+0700 [DEBUG] [org.gradle.cache.internal.DefaultFileLockManager] Waiting to acquire shared lock on daemon addresses registry.
2024-11-04T16:56:45.903+0700 [DEBUG] [org.gradle.cache.internal.DefaultFileLockManager] Lock acquired on daemon addresses registry.
2024-11-04T16:56:45.903+0700 [DEBUG] [org.gradle.cache.internal.DefaultFileLockManager] Releasing lock on daemon addresses registry.
2024-11-04T16:56:49.932+0700 [DEBUG] [org.gradle.process.internal.health.memory.DefaultMemoryManager] 1696228147 physical memory requested, 1391783936 free
2024-11-04T16:56:49.933+0700 [DEBUG] [org.gradle.workers.internal.WorkerDaemonExpiration] Will attempt to release 1617 of memory
2024-11-04T16:56:49.933+0700 [DEBUG] [org.gradle.process.internal.health.memory.DefaultMemoryManager] 1696228147 physical memory requested, 0 released, 1391783936 free
2024-11-04T16:56:49.933+0700 [DEBUG] [org.gradle.process.internal.health.memory.DefaultMemoryManager] 1857289420 virtual memory requested, 565559296 free
2024-11-04T16:56:49.933+0700 [DEBUG] [org.gradle.workers.internal.WorkerDaemonExpiration] Will attempt to release 1771 of memory
2024-11-04T16:56:49.933+0700 [DEBUG] [org.gradle.process.internal.health.memory.DefaultMemoryManager] 1857289420 virtual memory requested, 0 released, 565559296 free
2024-11-04T16:56:54.933+0700 [DEBUG] [org.gradle.process.internal.health.memory.DefaultMemoryManager] 1696228147 physical memory requested, 1137463296 free
2024-11-04T16:56:54.933+0700 [DEBUG] [org.gradle.workers.internal.WorkerDaemonExpiration] Will attempt to release 1617 of memory
2024-11-04T16:56:54.933+0700 [DEBUG] [org.gradle.process.internal.health.memory.DefaultMemoryManager] 1696228147 physical memory requested, 0 released, 1137463296 free
2024-11-04T16:56:54.933+0700 [DEBUG] [org.gradle.process.internal.health.memory.DefaultMemoryManager] 1877422080 virtual memory requested, 385048576 free
2024-11-04T16:56:54.934+0700 [DEBUG] [org.gradle.workers.internal.WorkerDaemonExpiration] Will attempt to release 1790 of memory
2024-11-04T16:56:54.934+0700 [DEBUG] [org.gradle.process.internal.health.memory.DefaultMemoryManager] 1877422080 virtual memory requested, 0 released, 385048576 free
2024-11-04T16:56:55.898+0700 [DEBUG] [org.gradle.cache.internal.DefaultFileLockManager] Waiting to acquire shared lock on daemon addresses registry.
2024-11-04T16:56:55.898+0700 [DEBUG] [org.gradle.cache.internal.DefaultFileLockManager] Lock acquired on daemon addresses registry.
2024-11-04T16:56:55.898+0700 [DEBUG] [org.gradle.cache.internal.DefaultFileLockManager] Releasing lock on daemon addresses registry.
2024-11-04T16:56:55.899+0700 [DEBUG] [org.gradle.cache.internal.DefaultFileLockManager] Waiting to acquire shared lock on daemon addresses registry.
2024-11-04T16:56:55.899+0700 [DEBUG] [org.gradle.cache.internal.DefaultFileLockManager] Lock acquired on daemon addresses registry.
2024-11-04T16:56:55.899+0700 [DEBUG] [org.gradle.cache.internal.DefaultFileLockManager] Releasing lock on daemon addresses registry.
2024-11-04T16:56:55.899+0700 [DEBUG] [org.gradle.cache.internal.DefaultFileLockManager] Waiting to acquire shared lock on daemon addresses registry.
2024-11-04T16:56:55.899+0700 [DEBUG] [org.gradle.cache.internal.DefaultFileLockManager] Lock acquired on daemon addresses registry.
2024-11-04T16:56:55.899+0700 [DEBUG] [org.gradle.cache.internal.DefaultFileLockManager] Releasing lock on daemon addresses registry.
2024-11-04T16:56:59.933+0700 [DEBUG] [org.gradle.process.internal.health.memory.DefaultMemoryManager] 1696228147 physical memory requested, 1184514048 free
2024-11-04T16:56:59.934+0700 [DEBUG] [org.gradle.workers.internal.WorkerDaemonExpiration] Will attempt to release 1617 of memory
2024-11-04T16:56:59.934+0700 [DEBUG] [org.gradle.process.internal.health.memory.DefaultMemoryManager] 1696228147 physical memory requested, 0 released, 1184514048 free
2024-11-04T16:56:59.934+0700 [DEBUG] [org.gradle.process.internal.health.memory.DefaultMemoryManager] 1897554739 virtual memory requested, 718536704 free
2024-11-04T16:56:59.934+0700 [DEBUG] [org.gradle.workers.internal.WorkerDaemonExpiration] Will attempt to release 1809 of memory
2024-11-04T16:56:59.934+0700 [DEBUG] [org.gradle.process.internal.health.memory.DefaultMemoryManager] 1897554739 virtual memory requested, 0 released, 718536704 free
2024-11-04T16:57:04.933+0700 [DEBUG] [org.gradle.process.internal.health.memory.DefaultMemoryManager] 1696228147 physical memory requested, 1488007168 free
2024-11-04T16:57:04.934+0700 [DEBUG] [org.gradle.workers.internal.WorkerDaemonExpiration] Will attempt to release 1617 of memory
2024-11-04T16:57:04.934+0700 [DEBUG] [org.gradle.process.internal.health.memory.DefaultMemoryManager] 1696228147 physical memory requested, 0 released, 1488007168 free
2024-11-04T16:57:04.934+0700 [DEBUG] [org.gradle.process.internal.health.memory.DefaultMemoryManager] 1897554739 virtual memory requested, 1035599872 free
2024-11-04T16:57:04.934+0700 [DEBUG] [org.gradle.workers.internal.WorkerDaemonExpiration] Will attempt to release 1809 of memory
2024-11-04T16:57:04.934+0700 [DEBUG] [org.gradle.process.internal.health.memory.DefaultMemoryManager] 1897554739 virtual memory requested, 0 released, 1035599872 free
2024-11-04T16:57:05.908+0700 [DEBUG] [org.gradle.cache.internal.DefaultFileLockManager] Waiting to acquire shared lock on daemon addresses registry.
2024-11-04T16:57:05.908+0700 [DEBUG] [org.gradle.cache.internal.DefaultFileLockManager] Lock acquired on daemon addresses registry.
2024-11-04T16:57:05.908+0700 [DEBUG] [org.gradle.cache.internal.DefaultFileLockManager] Releasing lock on daemon addresses registry.
2024-11-04T16:57:05.908+0700 [DEBUG] [org.gradle.cache.internal.DefaultFileLockManager] Waiting to acquire shared lock on daemon addresses registry.
2024-11-04T16:57:05.909+0700 [DEBUG] [org.gradle.cache.internal.DefaultFileLockManager] Lock acquired on daemon addresses registry.
2024-11-04T16:57:05.909+0700 [DEBUG] [org.gradle.cache.internal.DefaultFileLockManager] Releasing lock on daemon addresses registry.
2024-11-04T16:57:05.909+0700 [DEBUG] [org.gradle.cache.internal.DefaultFileLockManager] Waiting to acquire shared lock on daemon addresses registry.
2024-11-04T16:57:05.909+0700 [DEBUG] [org.gradle.cache.internal.DefaultFileLockManager] Lock acquired on daemon addresses registry.
2024-11-04T16:57:05.909+0700 [DEBUG] [org.gradle.cache.internal.DefaultFileLockManager] Releasing lock on daemon addresses registry.
2024-11-04T16:57:09.934+0700 [DEBUG] [org.gradle.process.internal.health.memory.DefaultMemoryManager] 1696228147 physical memory requested, 1501716480 free
2024-11-04T16:57:09.935+0700 [DEBUG] [org.gradle.workers.internal.WorkerDaemonExpiration] Will attempt to release 1617 of memory
2024-11-04T16:57:09.935+0700 [DEBUG] [org.gradle.process.internal.health.memory.DefaultMemoryManager] 1696228147 physical memory requested, 0 released, 1501716480 free
2024-11-04T16:57:09.935+0700 [DEBUG] [org.gradle.process.internal.health.memory.DefaultMemoryManager] 1897554739 virtual memory requested, 1029943296 free
2024-11-04T16:57:09.935+0700 [DEBUG] [org.gradle.workers.internal.WorkerDaemonExpiration] Will attempt to release 1809 of memory
2024-11-04T16:57:09.935+0700 [DEBUG] [org.gradle.process.internal.health.memory.DefaultMemoryManager] 1897554739 virtual memory requested, 0 released, 1029943296 free
2024-11-04T16:57:14.932+0700 [DEBUG] [org.gradle.process.internal.health.memory.DefaultMemoryManager] 1696228147 physical memory requested, 1507913728 free
2024-11-04T16:57:14.932+0700 [DEBUG] [org.gradle.workers.internal.WorkerDaemonExpiration] Will attempt to release 1617 of memory
2024-11-04T16:57:14.933+0700 [DEBUG] [org.gradle.process.internal.health.memory.DefaultMemoryManager] 1696228147 physical memory requested, 0 released, 1507913728 free
2024-11-04T16:57:14.933+0700 [DEBUG] [org.gradle.process.internal.health.memory.DefaultMemoryManager] 1897554739 virtual memory requested, 1027887104 free
2024-11-04T16:57:14.933+0700 [DEBUG] [org.gradle.workers.internal.WorkerDaemonExpiration] Will attempt to release 1809 of memory
2024-11-04T16:57:14.933+0700 [DEBUG] [org.gradle.process.internal.health.memory.DefaultMemoryManager] 1897554739 virtual memory requested, 0 released, 1027887104 free
2024-11-04T16:57:15.897+0700 [DEBUG] [org.gradle.cache.internal.DefaultFileLockManager] Waiting to acquire shared lock on daemon addresses registry.
2024-11-04T16:57:15.898+0700 [DEBUG] [org.gradle.cache.internal.DefaultFileLockManager] Lock acquired on daemon addresses registry.
2024-11-04T16:57:15.898+0700 [DEBUG] [org.gradle.cache.internal.DefaultFileLockManager] Releasing lock on daemon addresses registry.
2024-11-04T16:57:15.898+0700 [DEBUG] [org.gradle.cache.internal.DefaultFileLockManager] Waiting to acquire shared lock on daemon addresses registry.
2024-11-04T16:57:15.899+0700 [DEBUG] [org.gradle.cache.internal.DefaultFileLockManager] Lock acquired on daemon addresses registry.
2024-11-04T16:57:15.899+0700 [DEBUG] [org.gradle.cache.internal.DefaultFileLockManager] Releasing lock on daemon addresses registry.
2024-11-04T16:57:15.899+0700 [DEBUG] [org.gradle.cache.internal.DefaultFileLockManager] Waiting to acquire shared lock on daemon addresses registry.
2024-11-04T16:57:15.899+0700 [DEBUG] [org.gradle.cache.internal.DefaultFileLockManager] Lock acquired on daemon addresses registry.
2024-11-04T16:57:15.900+0700 [DEBUG] [org.gradle.cache.internal.DefaultFileLockManager] Releasing lock on daemon addresses registry.
2024-11-04T16:57:19.944+0700 [DEBUG] [org.gradle.process.internal.health.memory.DefaultMemoryManager] 1696228147 physical memory requested, 1510039552 free
2024-11-04T16:57:19.944+0700 [DEBUG] [org.gradle.workers.internal.WorkerDaemonExpiration] Will attempt to release 1617 of memory
2024-11-04T16:57:19.944+0700 [DEBUG] [org.gradle.process.internal.health.memory.DefaultMemoryManager] 1696228147 physical memory requested, 0 released, 1510039552 free
2024-11-04T16:57:19.944+0700 [DEBUG] [org.gradle.process.internal.health.memory.DefaultMemoryManager] 1897554739 virtual memory requested, 1024184320 free
2024-11-04T16:57:19.944+0700 [DEBUG] [org.gradle.workers.internal.WorkerDaemonExpiration] Will attempt to release 1809 of memory
2024-11-04T16:57:19.944+0700 [DEBUG] [org.gradle.process.internal.health.memory.DefaultMemoryManager] 1897554739 virtual memory requested, 0 released, 1024184320 free
2024-11-04T16:57:24.937+0700 [DEBUG] [org.gradle.process.internal.health.memory.DefaultMemoryManager] 1696228147 physical memory requested, 1535307776 free
2024-11-04T16:57:24.937+0700 [DEBUG] [org.gradle.workers.internal.WorkerDaemonExpiration] Will attempt to release 1617 of memory
2024-11-04T16:57:24.937+0700 [DEBUG] [org.gradle.process.internal.health.memory.DefaultMemoryManager] 1696228147 physical memory requested, 0 released, 1535307776 free
2024-11-04T16:57:24.937+0700 [DEBUG] [org.gradle.process.internal.health.memory.DefaultMemoryManager] 1897554739 virtual memory requested, 1028714496 free
2024-11-04T16:57:24.937+0700 [DEBUG] [org.gradle.workers.internal.WorkerDaemonExpiration] Will attempt to release 1809 of memory
2024-11-04T16:57:24.937+0700 [DEBUG] [org.gradle.process.internal.health.memory.DefaultMemoryManager] 1897554739 virtual memory requested, 0 released, 1028714496 free
2024-11-04T16:57:25.904+0700 [DEBUG] [org.gradle.cache.internal.DefaultFileLockManager] Waiting to acquire shared lock on daemon addresses registry.
2024-11-04T16:57:25.904+0700 [DEBUG] [org.gradle.cache.internal.DefaultFileLockManager] Lock acquired on daemon addresses registry.
2024-11-04T16:57:25.904+0700 [DEBUG] [org.gradle.cache.internal.DefaultFileLockManager] Releasing lock on daemon addresses registry.
2024-11-04T16:57:25.904+0700 [DEBUG] [org.gradle.cache.internal.DefaultFileLockManager] Waiting to acquire shared lock on daemon addresses registry.
2024-11-04T16:57:25.904+0700 [DEBUG] [org.gradle.cache.internal.DefaultFileLockManager] Lock acquired on daemon addresses registry.
2024-11-04T16:57:25.904+0700 [DEBUG] [org.gradle.cache.internal.DefaultFileLockManager] Releasing lock on daemon addresses registry.
2024-11-04T16:57:25.904+0700 [DEBUG] [org.gradle.cache.internal.DefaultFileLockManager] Waiting to acquire shared lock on daemon addresses registry.
2024-11-04T16:57:25.904+0700 [DEBUG] [org.gradle.cache.internal.DefaultFileLockManager] Lock acquired on daemon addresses registry.
2024-11-04T16:57:25.905+0700 [DEBUG] [org.gradle.cache.internal.DefaultFileLockManager] Releasing lock on daemon addresses registry.
2024-11-04T16:57:29.942+0700 [DEBUG] [org.gradle.process.internal.health.memory.DefaultMemoryManager] 1696228147 physical memory requested, 1548935168 free
2024-11-04T16:57:29.942+0700 [DEBUG] [org.gradle.workers.internal.WorkerDaemonExpiration] Will attempt to release 1617 of memory
2024-11-04T16:57:29.942+0700 [DEBUG] [org.gradle.process.internal.health.memory.DefaultMemoryManager] 1696228147 physical memory requested, 0 released, 1548935168 free
2024-11-04T16:57:29.942+0700 [DEBUG] [org.gradle.process.internal.health.memory.DefaultMemoryManager] 1897554739 virtual memory requested, 1027821568 free
2024-11-04T16:57:29.942+0700 [DEBUG] [org.gradle.workers.internal.WorkerDaemonExpiration] Will attempt to release 1809 of memory
2024-11-04T16:57:29.942+0700 [DEBUG] [org.gradle.process.internal.health.memory.DefaultMemoryManager] 1897554739 virtual memory requested, 0 released, 1027821568 free
2024-11-04T16:57:34.943+0700 [DEBUG] [org.gradle.process.internal.health.memory.DefaultMemoryManager] 1696228147 physical memory requested, 1559519232 free
2024-11-04T16:57:34.943+0700 [DEBUG] [org.gradle.workers.internal.WorkerDaemonExpiration] Will attempt to release 1617 of memory
2024-11-04T16:57:34.943+0700 [DEBUG] [org.gradle.process.internal.health.memory.DefaultMemoryManager] 1696228147 physical memory requested, 0 released, 1559519232 free
2024-11-04T16:57:34.943+0700 [DEBUG] [org.gradle.process.internal.health.memory.DefaultMemoryManager] 1897554739 virtual memory requested, 1025249280 free
2024-11-04T16:57:34.943+0700 [DEBUG] [org.gradle.workers.internal.WorkerDaemonExpiration] Will attempt to release 1809 of memory
2024-11-04T16:57:34.943+0700 [DEBUG] [org.gradle.process.internal.health.memory.DefaultMemoryManager] 1897554739 virtual memory requested, 0 released, 1025249280 free
2024-11-04T16:57:35.905+0700 [DEBUG] [org.gradle.cache.internal.DefaultFileLockManager] Waiting to acquire shared lock on daemon addresses registry.
2024-11-04T16:57:35.905+0700 [DEBUG] [org.gradle.cache.internal.DefaultFileLockManager] Lock acquired on daemon addresses registry.
2024-11-04T16:57:35.905+0700 [DEBUG] [org.gradle.cache.internal.DefaultFileLockManager] Releasing lock on daemon addresses registry.
2024-11-04T16:57:35.905+0700 [DEBUG] [org.gradle.cache.internal.DefaultFileLockManager] Waiting to acquire shared lock on daemon addresses registry.
2024-11-04T16:57:35.905+0700 [DEBUG] [org.gradle.cache.internal.DefaultFileLockManager] Lock acquired on daemon addresses registry.
2024-11-04T16:57:35.905+0700 [DEBUG] [org.gradle.cache.internal.DefaultFileLockManager] Releasing lock on daemon addresses registry.
2024-11-04T16:57:35.906+0700 [DEBUG] [org.gradle.cache.internal.DefaultFileLockManager] Waiting to acquire shared lock on daemon addresses registry.
2024-11-04T16:57:35.906+0700 [DEBUG] [org.gradle.cache.internal.DefaultFileLockManager] Lock acquired on daemon addresses registry.
2024-11-04T16:57:35.906+0700 [DEBUG] [org.gradle.cache.internal.DefaultFileLockManager] Releasing lock on daemon addresses registry.
2024-11-04T16:57:37.322+0700 [DEBUG] [org.gradle.internal.remote.internal.inet.TcpIncomingConnector] Accepted connection from /127.0.0.1:51030 to /127.0.0.1:50787.
2024-11-04T16:57:37.326+0700 [DEBUG] [org.gradle.launcher.daemon.server.SynchronizedDispatchConnection] thread 130: received class org.gradle.launcher.daemon.protocol.Build
2024-11-04T16:57:37.326+0700 [DEBUG] [org.gradle.launcher.daemon.server.DefaultDaemonConnection] thread 130: Received non-IO message from client: Build{id=3fadeb1b-43bb-4063-86a4-6d1ab371fd5a, currentDir=E:\Assignment}
2024-11-04T16:57:37.326+0700 [INFO] [org.gradle.launcher.daemon.server.DefaultIncomingConnectionHandler] Received command: Build{id=3fadeb1b-43bb-4063-86a4-6d1ab371fd5a, currentDir=E:\Assignment}.
2024-11-04T16:57:37.327+0700 [DEBUG] [org.gradle.launcher.daemon.server.DefaultIncomingConnectionHandler] Starting executing command: Build{id=3fadeb1b-43bb-4063-86a4-6d1ab371fd5a, currentDir=E:\Assignment} with connection: socket connection from /127.0.0.1:50787 to /127.0.0.1:51030.
2024-11-04T16:57:37.327+0700 [DEBUG] [org.gradle.launcher.daemon.server.DaemonStateCoordinator] Command execution: started DaemonCommandExecution[command = Build{id=3fadeb1b-43bb-4063-86a4-6d1ab371fd5a, currentDir=E:\Assignment}, connection = DefaultDaemonConnection: socket connection from /127.0.0.1:50787 to /127.0.0.1:51030] after 1.0 minutes of idle
2024-11-04T16:57:37.327+0700 [INFO] [org.gradle.launcher.daemon.server.DaemonRegistryUpdater] Marking the daemon as busy, address: [b7533e20-14a3-4acf-84c9-d7198e70d6c6 port:50787, addresses:[localhost/127.0.0.1]]
2024-11-04T16:57:37.327+0700 [DEBUG] [org.gradle.launcher.daemon.registry.PersistentDaemonRegistry] Marking busy by address: [b7533e20-14a3-4acf-84c9-d7198e70d6c6 port:50787, addresses:[localhost/127.0.0.1]]
2024-11-04T16:57:37.327+0700 [DEBUG] [org.gradle.cache.internal.DefaultFileLockManager] Waiting to acquire exclusive lock on daemon addresses registry.
2024-11-04T16:57:37.328+0700 [DEBUG] [org.gradle.cache.internal.DefaultFileLockManager] Lock acquired on daemon addresses registry.
2024-11-04T16:57:37.328+0700 [DEBUG] [org.gradle.cache.internal.DefaultFileLockManager] Releasing lock on daemon addresses registry.
2024-11-04T16:57:37.329+0700 [DEBUG] [org.gradle.launcher.daemon.server.DaemonStateCoordinator] resetting idle timer
2024-11-04T16:57:37.329+0700 [DEBUG] [org.gradle.launcher.daemon.server.DaemonStateCoordinator] daemon is running. Sleeping until state changes.
2024-11-04T16:57:37.329+0700 [INFO] [org.gradle.launcher.daemon.server.exec.StartBuildOrRespondWithBusy] Daemon is about to start building Build{id=3fadeb1b-43bb-4063-86a4-6d1ab371fd5a, currentDir=E:\Assignment}. Dispatching build started information...
2024-11-04T16:57:37.329+0700 [DEBUG] [org.gradle.launcher.daemon.server.SynchronizedDispatchConnection] thread 132: dispatching org.gradle.launcher.daemon.protocol.BuildStarted@6ff5ab98
2024-11-04T16:57:37.330+0700 [DEBUG] [org.gradle.launcher.daemon.server.exec.EstablishBuildEnvironment] Configuring env variables: [USERDOMAIN_ROAMINGPROFILE, PROCESSOR_LEVEL, SESSIONNAME, ALLUSERSPROFILE, PROCESSOR_ARCHITECTURE, GATEWAY_VM_OPTIONS, PSModulePath, SystemDrive, RIDER_VM_OPTIONS, USERNAME, DEVECOSTUDIO_VM_OPTIONS, STUDIO_VM_OPTIONS, ProgramFiles(x86), PATHEXT, DriverData, APPCODE_VM_OPTIONS, OneDriveConsumer, PyCharm Community Edition, ProgramData, DATASPELL_VM_OPTIONS, ProgramW6432, HOMEPATH, PROCESSOR_IDENTIFIER, ProgramFiles, PUBLIC, windir, =::, ZES_ENABLE_SYSMAN, DATAGRIP_VM_OPTIONS, OneDriveCommercial, IGCCSVC_DB, LOCALAPPDATA, ChocolateyLastPathUpdate, IntelliJ IDEA, USERDOMAIN, WEBSTORM_VM_OPTIONS, LOGONSERVER, PYCHARM_VM_OPTIONS, CLION_VM_OPTIONS, JETBRAINSCLIENT_VM_OPTIONS, GOLAND_VM_OPTIONS, OneDrive, APPDATA, IDEA_VM_OPTIONS, RUBYMINE_VM_OPTIONS, ChocolateyInstall, JETBRAINS_CLIENT_VM_OPTIONS, CommonProgramFiles, Path, OS, COMPUTERNAME, PROCESSOR_REVISION, CommonProgramW6432, ComSpec, TEMP, SystemRoot, WEBIDE_VM_OPTIONS, HOMEDRIVE, USERPROFILE, TMP, CommonProgramFiles(x86), EFC_9244, NUMBER_OF_PROCESSORS, PHPSTORM_VM_OPTIONS, IDEA_INITIAL_DIRECTORY]
2024-11-04T16:57:37.330+0700 [DEBUG] [org.gradle.launcher.daemon.server.SynchronizedDispatchConnection] thread 130: received class org.gradle.launcher.daemon.protocol.CloseInput
2024-11-04T16:57:37.330+0700 [DEBUG] [org.gradle.launcher.daemon.server.DefaultDaemonConnection] thread 130: Received IO message from client: org.gradle.launcher.daemon.protocol.CloseInput@53b667a9
2024-11-04T16:57:37.331+0700 [DEBUG] [org.gradle.launcher.daemon.server.exec.LogToClient] About to start relaying all logs to the client via the connection.
2024-11-04T16:57:37.331+0700 [INFO] [org.gradle.launcher.daemon.server.exec.LogToClient] The client will now receive all logging from the daemon (pid: 19192). The daemon log file: E:\Assignment\daemon\8.7\daemon-19192.out.log
2024-11-04T16:57:37.333+0700 [INFO] [org.gradle.launcher.daemon.server.exec.LogAndCheckHealth] Starting 2nd build in daemon [uptime: 3 mins 11.801 secs, performance: 100%, GC rate: 0.00/s, heap usage: 0% of 2 GiB]
2024-11-04T16:57:37.333+0700 [DEBUG] [org.gradle.launcher.daemon.server.exec.ExecuteBuild] The daemon has started executing the build.
2024-11-04T16:57:37.334+0700 [DEBUG] [org.gradle.launcher.daemon.server.exec.ExecuteBuild] Executing build with daemon context: DefaultDaemonContext[uid=39976a76-ce53-4edd-939e-ecf01c0ab561,javaHome=C:\Program Files\Android\Android Studio\jbr,daemonRegistryDir=E:\Assignment\daemon,pid=19192,idleTimeout=10800000,priority=NORMAL,applyInstrumentationAgent=true,daemonOpts=--add-opens=java.base/java.util=ALL-UNNAMED,--add-opens=java.base/java.lang=ALL-UNNAMED,--add-opens=java.base/java.lang.invoke=ALL-UNNAMED,--add-opens=java.prefs/java.util.prefs=ALL-UNNAMED,--add-opens=java.base/java.nio.charset=ALL-UNNAMED,--add-opens=java.base/java.net=ALL-UNNAMED,--add-opens=java.base/java.util.concurrent.atomic=ALL-UNNAMED,-Xmx2048m,-Dfile.encoding=UTF-8,-Duser.country=VN,-Duser.language=vi,-Duser.variant]
2024-11-04T16:57:37.334+0700 [INFO] [org.gradle.launcher.daemon.server.exec.ForwardClientInput] Closing daemon's stdin at end of input.
2024-11-04T16:57:37.334+0700 [INFO] [org.gradle.launcher.daemon.server.exec.ForwardClientInput] The daemon will no longer process any standard input.

BUILD SUCCESSFUL in 670ms
1 actionable task: 1 up-to-date
2024-11-04T16:57:38.004+0700 [DEBUG] [org.gradle.launcher.daemon.server.exec.ExecuteBuild] The daemon has finished executing the build.
2024-11-04T16:57:38.021+0700 [DEBUG] [org.gradle.launcher.daemon.server.DaemonStateCoordinator] daemon is running. Sleeping until state changes.
2024-11-04T16:57:38.021+0700 [DEBUG] [org.gradle.launcher.daemon.server.DaemonStateCoordinator] Command execution: finished waiting for DaemonCommandExecution[command = Build{id=3fadeb1b-43bb-4063-86a4-6d1ab371fd5a, currentDir=E:\Assignment}, connection = DefaultDaemonConnection: socket connection from /127.0.0.1:50787 to /127.0.0.1:51030]. Result org.gradle.launcher.daemon.server.DaemonStateCoordinator@59b61ba0 with state Busy
2024-11-04T16:57:38.021+0700 [DEBUG] [org.gradle.launcher.daemon.server.DaemonStateCoordinator] Command execution: completed DaemonCommandExecution[command = Build{id=3fadeb1b-43bb-4063-86a4-6d1ab371fd5a, currentDir=E:\Assignment}, connection = DefaultDaemonConnection: socket connection from /127.0.0.1:50787 to /127.0.0.1:51030]
2024-11-04T16:57:38.021+0700 [DEBUG] [org.gradle.launcher.daemon.server.DaemonStateCoordinator] resetting idle timer
2024-11-04T16:57:38.021+0700 [INFO] [org.gradle.launcher.daemon.server.DaemonRegistryUpdater] Marking the daemon as idle, address: [b7533e20-14a3-4acf-84c9-d7198e70d6c6 port:50787, addresses:[localhost/127.0.0.1]]
2024-11-04T16:57:38.021+0700 [DEBUG] [org.gradle.launcher.daemon.registry.PersistentDaemonRegistry] Marking busy by address: [b7533e20-14a3-4acf-84c9-d7198e70d6c6 port:50787, addresses:[localhost/127.0.0.1]]
2024-11-04T16:57:38.022+0700 [DEBUG] [org.gradle.cache.internal.DefaultFileLockManager] Waiting to acquire exclusive lock on daemon addresses registry.
2024-11-04T16:57:38.022+0700 [DEBUG] [org.gradle.cache.internal.DefaultFileLockManager] Lock acquired on daemon addresses registry.
2024-11-04T16:57:38.023+0700 [DEBUG] [org.gradle.cache.internal.DefaultFileLockManager] Releasing lock on daemon addresses registry.
2024-11-04T16:57:38.023+0700 [DEBUG] [org.gradle.launcher.daemon.server.DaemonStateCoordinator] daemon is running. Sleeping until state changes.
2024-11-04T16:57:38.023+0700 [DEBUG] [org.gradle.launcher.daemon.server.exec.ReturnResult] Daemon is dispatching the build result: Success[value=org.gradle.launcher.exec.BuildActionResult@3e8c88ee]
2024-11-04T16:57:38.023+0700 [DEBUG] [org.gradle.launcher.daemon.server.SynchronizedDispatchConnection] thread 129: dispatching Success[value=org.gradle.launcher.exec.BuildActionResult@3e8c88ee]
2024-11-04T16:57:38.023+0700 [DEBUG] [org.gradle.launcher.daemon.server.DefaultIncomingConnectionHandler] Finishing executing command: Build{id=3fadeb1b-43bb-4063-86a4-6d1ab371fd5a, currentDir=E:\Assignment}
2024-11-04T16:57:38.023+0700 [DEBUG] [org.gradle.launcher.daemon.server.exec.CleanUpVirtualFileSystemAfterBuild] Cleaning virtual file system after build finished
2024-11-04T16:57:38.023+0700 [DEBUG] [org.gradle.launcher.daemon.server.SynchronizedDispatchConnection] thread 130: received class org.gradle.launcher.daemon.protocol.Finished
2024-11-04T16:57:38.024+0700 [DEBUG] [org.gradle.launcher.daemon.server.DefaultDaemonConnection] thread 130: Received non-IO message from client: org.gradle.launcher.daemon.protocol.Finished@5d7193af
2024-11-04T16:57:38.024+0700 [DEBUG] [org.gradle.launcher.daemon.server.DefaultIncomingConnectionHandler] Received finished message: org.gradle.launcher.daemon.protocol.Finished@5d7193af
2024-11-04T16:57:38.024+0700 [DEBUG] [org.gradle.internal.remote.internal.inet.SocketConnection] Discarding EOFException: java.io.EOFException
2024-11-04T16:57:38.024+0700 [DEBUG] [org.gradle.launcher.daemon.server.SynchronizedDispatchConnection] thread 130: received null
2024-11-04T16:57:38.024+0700 [DEBUG] [org.gradle.launcher.daemon.server.DefaultDaemonConnection] thread 130: Received end-of-input from client.
2024-11-04T16:57:38.024+0700 [DEBUG] [org.gradle.launcher.daemon.server.SynchronizedDispatchConnection] thread 129: stopping connection
2024-11-04T16:57:38.024+0700 [DEBUG] [org.gradle.launcher.daemon.server.SynchronizedDispatchConnection] thread 129: stopping connection
2024-11-04T16:57:39.944+0700 [DEBUG] [org.gradle.process.internal.health.memory.DefaultMemoryManager] 1696228147 physical memory requested, 1497448448 free
2024-11-04T16:57:39.944+0700 [DEBUG] [org.gradle.workers.internal.WorkerDaemonExpiration] Will attempt to release 1617 of memory
2024-11-04T16:57:39.944+0700 [DEBUG] [org.gradle.process.internal.health.memory.DefaultMemoryManager] 1696228147 physical memory requested, 0 released, 1497448448 free
2024-11-04T16:57:39.944+0700 [DEBUG] [org.gradle.process.internal.health.memory.DefaultMemoryManager] 1897554739 virtual memory requested, 976048128 free
2024-11-04T16:57:39.944+0700 [DEBUG] [org.gradle.workers.internal.WorkerDaemonExpiration] Will attempt to release 1809 of memory
2024-11-04T16:57:39.944+0700 [DEBUG] [org.gradle.process.internal.health.memory.DefaultMemoryManager] 1897554739 virtual memory requested, 0 released, 976048128 free
2024-11-04T16:57:44.933+0700 [DEBUG] [org.gradle.process.internal.health.memory.DefaultMemoryManager] 1696228147 physical memory requested, 1593155584 free
2024-11-04T16:57:44.933+0700 [DEBUG] [org.gradle.workers.internal.WorkerDaemonExpiration] Will attempt to release 1617 of memory
2024-11-04T16:57:44.934+0700 [DEBUG] [org.gradle.process.internal.health.memory.DefaultMemoryManager] 1696228147 physical memory requested, 0 released, 1593155584 free
2024-11-04T16:57:44.934+0700 [DEBUG] [org.gradle.process.internal.health.memory.DefaultMemoryManager] 1897554739 virtual memory requested, 1050230784 free
2024-11-04T16:57:44.934+0700 [DEBUG] [org.gradle.workers.internal.WorkerDaemonExpiration] Will attempt to release 1809 of memory
2024-11-04T16:57:44.934+0700 [DEBUG] [org.gradle.process.internal.health.memory.DefaultMemoryManager] 1897554739 virtual memory requested, 0 released, 1050230784 free
2024-11-04T16:57:45.900+0700 [DEBUG] [org.gradle.cache.internal.DefaultFileLockManager] Waiting to acquire shared lock on daemon addresses registry.
2024-11-04T16:57:45.901+0700 [DEBUG] [org.gradle.cache.internal.DefaultFileLockManager] Lock acquired on daemon addresses registry.
2024-11-04T16:57:45.901+0700 [DEBUG] [org.gradle.cache.internal.DefaultFileLockManager] Releasing lock on daemon addresses registry.
2024-11-04T16:57:45.901+0700 [DEBUG] [org.gradle.cache.internal.DefaultFileLockManager] Waiting to acquire shared lock on daemon addresses registry.
2024-11-04T16:57:45.901+0700 [DEBUG] [org.gradle.cache.internal.DefaultFileLockManager] Lock acquired on daemon addresses registry.
2024-11-04T16:57:45.901+0700 [DEBUG] [org.gradle.cache.internal.DefaultFileLockManager] Releasing lock on daemon addresses registry.
2024-11-04T16:57:49.940+0700 [DEBUG] [org.gradle.process.internal.health.memory.DefaultMemoryManager] 1696228147 physical memory requested, 1595265024 free
2024-11-04T16:57:49.940+0700 [DEBUG] [org.gradle.workers.internal.WorkerDaemonExpiration] Will attempt to release 1617 of memory
2024-11-04T16:57:49.940+0700 [DEBUG] [org.gradle.process.internal.health.memory.DefaultMemoryManager] 1696228147 physical memory requested, 0 released, 1595265024 free
2024-11-04T16:57:49.940+0700 [DEBUG] [org.gradle.process.internal.health.memory.DefaultMemoryManager] 1897554739 virtual memory requested, 1063542784 free
2024-11-04T16:57:49.940+0700 [DEBUG] [org.gradle.workers.internal.WorkerDaemonExpiration] Will attempt to release 1809 of memory
2024-11-04T16:57:49.940+0700 [DEBUG] [org.gradle.process.internal.health.memory.DefaultMemoryManager] 1897554739 virtual memory requested, 0 released, 1063542784 free
2024-11-04T16:57:54.932+0700 [DEBUG] [org.gradle.process.internal.health.memory.DefaultMemoryManager] 1696228147 physical memory requested, 1590161408 free
2024-11-04T16:57:54.932+0700 [DEBUG] [org.gradle.workers.internal.WorkerDaemonExpiration] Will attempt to release 1617 of memory
2024-11-04T16:57:54.932+0700 [DEBUG] [org.gradle.process.internal.health.memory.DefaultMemoryManager] 1696228147 physical memory requested, 0 released, 1590161408 free
2024-11-04T16:57:54.932+0700 [DEBUG] [org.gradle.process.internal.health.memory.DefaultMemoryManager] 1897554739 virtual memory requested, 1072852992 free
2024-11-04T16:57:54.932+0700 [DEBUG] [org.gradle.workers.internal.WorkerDaemonExpiration] Will attempt to release 1809 of memory
2024-11-04T16:57:54.932+0700 [DEBUG] [org.gradle.process.internal.health.memory.DefaultMemoryManager] 1897554739 virtual memory requested, 0 released, 1072852992 free
2024-11-04T16:57:55.900+0700 [DEBUG] [org.gradle.cache.internal.DefaultFileLockManager] Waiting to acquire shared lock on daemon addresses registry.
2024-11-04T16:57:55.900+0700 [DEBUG] [org.gradle.cache.internal.DefaultFileLockManager] Lock acquired on daemon addresses registry.
2024-11-04T16:57:55.901+0700 [DEBUG] [org.gradle.cache.internal.DefaultFileLockManager] Releasing lock on daemon addresses registry.
2024-11-04T16:57:55.901+0700 [DEBUG] [org.gradle.cache.internal.DefaultFileLockManager] Waiting to acquire shared lock on daemon addresses registry.
2024-11-04T16:57:55.901+0700 [DEBUG] [org.gradle.cache.internal.DefaultFileLockManager] Lock acquired on daemon addresses registry.
2024-11-04T16:57:55.901+0700 [DEBUG] [org.gradle.cache.internal.DefaultFileLockManager] Releasing lock on daemon addresses registry.
2024-11-04T16:57:55.901+0700 [DEBUG] [org.gradle.cache.internal.DefaultFileLockManager] Waiting to acquire shared lock on daemon addresses registry.
2024-11-04T16:57:55.901+0700 [DEBUG] [org.gradle.cache.internal.DefaultFileLockManager] Lock acquired on daemon addresses registry.
2024-11-04T16:57:55.901+0700 [DEBUG] [org.gradle.cache.internal.DefaultFileLockManager] Releasing lock on daemon addresses registry.
2024-11-04T16:57:59.935+0700 [DEBUG] [org.gradle.process.internal.health.memory.DefaultMemoryManager] 1696228147 physical memory requested, 1607778304 free
2024-11-04T16:57:59.935+0700 [DEBUG] [org.gradle.workers.internal.WorkerDaemonExpiration] Will attempt to release 1617 of memory
2024-11-04T16:57:59.935+0700 [DEBUG] [org.gradle.process.internal.health.memory.DefaultMemoryManager] 1696228147 physical memory requested, 0 released, 1607778304 free
2024-11-04T16:57:59.935+0700 [DEBUG] [org.gradle.process.internal.health.memory.DefaultMemoryManager] 1897554739 virtual memory requested, 1081585664 free
2024-11-04T16:57:59.935+0700 [DEBUG] [org.gradle.workers.internal.WorkerDaemonExpiration] Will attempt to release 1809 of memory
2024-11-04T16:57:59.935+0700 [DEBUG] [org.gradle.process.internal.health.memory.DefaultMemoryManager] 1897554739 virtual memory requested, 0 released, 1081585664 free
2024-11-04T16:58:04.940+0700 [DEBUG] [org.gradle.process.internal.health.memory.DefaultMemoryManager] 1696228147 physical memory requested, 1630134272 free
2024-11-04T16:58:04.940+0700 [DEBUG] [org.gradle.workers.internal.WorkerDaemonExpiration] Will attempt to release 1617 of memory
2024-11-04T16:58:04.940+0700 [DEBUG] [org.gradle.process.internal.health.memory.DefaultMemoryManager] 1696228147 physical memory requested, 0 released, 1630134272 free
2024-11-04T16:58:04.940+0700 [DEBUG] [org.gradle.process.internal.health.memory.DefaultMemoryManager] 1897554739 virtual memory requested, 1087352832 free
2024-11-04T16:58:04.940+0700 [DEBUG] [org.gradle.workers.internal.WorkerDaemonExpiration] Will attempt to release 1809 of memory
2024-11-04T16:58:04.940+0700 [DEBUG] [org.gradle.process.internal.health.memory.DefaultMemoryManager] 1897554739 virtual memory requested, 0 released, 1087352832 free
2024-11-04T16:58:05.909+0700 [DEBUG] [org.gradle.cache.internal.DefaultFileLockManager] Waiting to acquire shared lock on daemon addresses registry.
2024-11-04T16:58:05.909+0700 [DEBUG] [org.gradle.cache.internal.DefaultFileLockManager] Lock acquired on daemon addresses registry.
2024-11-04T16:58:05.909+0700 [DEBUG] [org.gradle.cache.internal.DefaultFileLockManager] Releasing lock on daemon addresses registry.
2024-11-04T16:58:05.910+0700 [DEBUG] [org.gradle.cache.internal.DefaultFileLockManager] Waiting to acquire shared lock on daemon addresses registry.
2024-11-04T16:58:05.910+0700 [DEBUG] [org.gradle.cache.internal.DefaultFileLockManager] Lock acquired on daemon addresses registry.
2024-11-04T16:58:05.910+0700 [DEBUG] [org.gradle.cache.internal.DefaultFileLockManager] Releasing lock on daemon addresses registry.
2024-11-04T16:58:05.910+0700 [DEBUG] [org.gradle.cache.internal.DefaultFileLockManager] Waiting to acquire shared lock on daemon addresses registry.
2024-11-04T16:58:05.910+0700 [DEBUG] [org.gradle.cache.internal.DefaultFileLockManager] Lock acquired on daemon addresses registry.
2024-11-04T16:58:05.910+0700 [DEBUG] [org.gradle.cache.internal.DefaultFileLockManager] Releasing lock on daemon addresses registry.
2024-11-04T16:58:09.931+0700 [DEBUG] [org.gradle.process.internal.health.memory.DefaultMemoryManager] 1696228147 physical memory requested, 1630765056 free
2024-11-04T16:58:09.931+0700 [DEBUG] [org.gradle.workers.internal.WorkerDaemonExpiration] Will attempt to release 1617 of memory
2024-11-04T16:58:09.931+0700 [DEBUG] [org.gradle.process.internal.health.memory.DefaultMemoryManager] 1696228147 physical memory requested, 0 released, 1630765056 free
2024-11-04T16:58:09.931+0700 [DEBUG] [org.gradle.process.internal.health.memory.DefaultMemoryManager] 1897554739 virtual memory requested, 1086697472 free
2024-11-04T16:58:09.931+0700 [DEBUG] [org.gradle.workers.internal.WorkerDaemonExpiration] Will attempt to release 1809 of memory
2024-11-04T16:58:09.931+0700 [DEBUG] [org.gradle.process.internal.health.memory.DefaultMemoryManager] 1897554739 virtual memory requested, 0 released, 1086697472 free
2024-11-04T16:58:13.887+0700 [DEBUG] [org.gradle.internal.remote.internal.inet.TcpIncomingConnector] Accepted connection from /127.0.0.1:51061 to /127.0.0.1:50787.
2024-11-04T16:58:13.891+0700 [DEBUG] [org.gradle.launcher.daemon.server.SynchronizedDispatchConnection] thread 176: received class org.gradle.launcher.daemon.protocol.StopWhenIdle
2024-11-04T16:58:13.891+0700 [DEBUG] [org.gradle.launcher.daemon.server.DefaultDaemonConnection] thread 176: Received non-IO message from client: StopWhenIdle[id=bf03a3fb-ed0b-4cd5-b771-1475ccb12758]
2024-11-04T16:58:13.891+0700 [INFO] [org.gradle.launcher.daemon.server.DefaultIncomingConnectionHandler] Received command: StopWhenIdle[id=bf03a3fb-ed0b-4cd5-b771-1475ccb12758].
2024-11-04T16:58:13.891+0700 [DEBUG] [org.gradle.launcher.daemon.server.DefaultIncomingConnectionHandler] Starting executing command: StopWhenIdle[id=bf03a3fb-ed0b-4cd5-b771-1475ccb12758] with connection: socket connection from /127.0.0.1:50787 to /127.0.0.1:51061.
2024-11-04T16:58:13.891+0700 [DEBUG] [org.gradle.launcher.daemon.server.DaemonRegistryUpdater] Storing daemon stop event: stop command received
2024-11-04T16:58:13.892+0700 [DEBUG] [org.gradle.launcher.daemon.registry.PersistentDaemonRegistry] Storing daemon stop event with timestamp 1730714293892
2024-11-04T16:58:13.893+0700 [DEBUG] [org.gradle.cache.internal.DefaultFileLockManager] Waiting to acquire exclusive lock on daemon addresses registry.
2024-11-04T16:58:13.893+0700 [DEBUG] [org.gradle.cache.internal.DefaultFileLockManager] Lock acquired on daemon addresses registry.
2024-11-04T16:58:13.894+0700 [DEBUG] [org.gradle.cache.internal.DefaultFileLockManager] Releasing lock on daemon addresses registry.
2024-11-04T16:58:13.894+0700 [LIFECYCLE] [org.gradle.launcher.daemon.server.DaemonStateCoordinator] Daemon will be stopped at the end of the build stop command received
2024-11-04T16:58:13.894+0700 [DEBUG] [org.gradle.launcher.daemon.server.DaemonStateCoordinator] Marking daemon stopped due to stop command received. The daemon is running a build: false
2024-11-04T16:58:13.894+0700 [DEBUG] [org.gradle.launcher.daemon.server.DaemonStateCoordinator] daemon has stopped.
2024-11-04T16:58:13.894+0700 [DEBUG] [org.gradle.launcher.daemon.server.Daemon] stop() called on daemon
2024-11-04T16:58:13.894+0700 [DEBUG] [org.gradle.launcher.daemon.server.SynchronizedDispatchConnection] thread 129: dispatching Success[value=null]
2024-11-04T16:58:13.894+0700 [INFO] [org.gradle.launcher.daemon.server.Daemon] Stop requested. Daemon is removing its presence from the registry...
2024-11-04T16:58:13.894+0700 [DEBUG] [org.gradle.launcher.daemon.server.DefaultIncomingConnectionHandler] Finishing executing command: StopWhenIdle[id=bf03a3fb-ed0b-4cd5-b771-1475ccb12758]
2024-11-04T16:58:13.894+0700 [DEBUG] [org.gradle.launcher.daemon.server.SynchronizedDispatchConnection] thread 176: received class org.gradle.launcher.daemon.protocol.Finished
2024-11-04T16:58:13.894+0700 [DEBUG] [org.gradle.launcher.daemon.server.DaemonRegistryUpdater] Removing our presence to clients, eg. removing this address from the registry: [b7533e20-14a3-4acf-84c9-d7198e70d6c6 port:50787, addresses:[localhost/127.0.0.1]]
2024-11-04T16:58:13.894+0700 [DEBUG] [org.gradle.launcher.daemon.server.DefaultDaemonConnection] thread 176: Received non-IO message from client: org.gradle.launcher.daemon.protocol.Finished@6ebd607c
2024-11-04T16:58:13.894+0700 [DEBUG] [org.gradle.launcher.daemon.registry.PersistentDaemonRegistry] Removing daemon address: [b7533e20-14a3-4acf-84c9-d7198e70d6c6 port:50787, addresses:[localhost/127.0.0.1]]
2024-11-04T16:58:13.894+0700 [DEBUG] [org.gradle.launcher.daemon.server.DefaultIncomingConnectionHandler] Received finished message: org.gradle.launcher.daemon.protocol.Finished@6ebd607c
2024-11-04T16:58:13.894+0700 [DEBUG] [org.gradle.internal.remote.internal.inet.SocketConnection] Discarding EOFException: java.io.EOFException
2024-11-04T16:58:13.894+0700 [DEBUG] [org.gradle.launcher.daemon.server.SynchronizedDispatchConnection] thread 129: stopping connection
2024-11-04T16:58:13.895+0700 [DEBUG] [org.gradle.launcher.daemon.server.SynchronizedDispatchConnection] thread 176: received null
2024-11-04T16:58:13.895+0700 [DEBUG] [org.gradle.launcher.daemon.server.DefaultDaemonConnection] thread 176: Received end-of-input from client.
2024-11-04T16:58:13.895+0700 [DEBUG] [org.gradle.cache.internal.DefaultFileLockManager] Waiting to acquire exclusive lock on daemon addresses registry.
2024-11-04T16:58:13.895+0700 [DEBUG] [org.gradle.launcher.daemon.server.SynchronizedDispatchConnection] thread 129: stopping connection
2024-11-04T16:58:13.895+0700 [DEBUG] [org.gradle.cache.internal.DefaultFileLockManager] Lock acquired on daemon addresses registry.
2024-11-04T16:58:13.896+0700 [DEBUG] [org.gradle.cache.internal.DefaultFileLockManager] Releasing lock on daemon addresses registry.
2024-11-04T16:58:13.896+0700 [DEBUG] [org.gradle.launcher.daemon.server.DaemonRegistryUpdater] Address removed from registry.
2024-11-04T16:58:13.903+0700 [DEBUG] [org.gradle.cache.internal.DefaultCacheCoordinator] Cache jars (E:\Assignment\caches\jars-9) was closed 0 times.
2024-11-04T16:58:13.903+0700 [DEBUG] [org.gradle.cache.internal.LockOnDemandCrossProcessCacheAccess] Releasing file lock for file content cache (E:\Assignment\caches\8.7\fileContent)
2024-11-04T16:58:13.904+0700 [DEBUG] [org.gradle.cache.internal.DefaultFileLockManager] Releasing lock on file content cache (E:\Assignment\caches\8.7\fileContent).
2024-11-04T16:58:13.904+0700 [DEBUG] [org.gradle.internal.watch.vfs.impl.WatchingVirtualFileSystem] Closing VFS, dropping state
2024-11-04T16:58:13.905+0700 [DEBUG] [org.gradle.cache.internal.LockOnDemandCrossProcessCacheAccess] Releasing file lock for Generated Gradle JARs cache (E:\Assignment\caches\8.7\generated-gradle-jars)
2024-11-04T16:58:13.905+0700 [DEBUG] [org.gradle.internal.watch.registry.impl.DefaultFileWatcherRegistry] Finished listening to file system change events
2024-11-04T16:58:13.905+0700 [DEBUG] [org.gradle.cache.internal.DefaultFileLockManager] Releasing lock on Generated Gradle JARs cache (E:\Assignment\caches\8.7\generated-gradle-jars).
2024-11-04T16:58:13.906+0700 [DEBUG] [org.gradle.cache.internal.DefaultCacheCoordinator] Cache Artifact transforms cache (E:\Assignment\caches\transforms-4) was closed 0 times.
2024-11-04T16:58:13.906+0700 [DEBUG] [org.gradle.cache.internal.LockOnDemandCrossProcessCacheAccess] Releasing file lock for artifact cache (E:\Assignment\caches\modules-2)
2024-11-04T16:58:13.906+0700 [DEBUG] [org.gradle.cache.internal.btree.BTreePersistentIndexedCache] Closing cache resource-at-url.bin (E:\Assignment\caches\modules-2\metadata-2.106\resource-at-url.bin)
2024-11-04T16:58:13.906+0700 [DEBUG] [org.gradle.cache.internal.btree.BTreePersistentIndexedCache] Closing cache module-artifact.bin (E:\Assignment\caches\modules-2\metadata-2.106\module-artifact.bin)
2024-11-04T16:58:13.906+0700 [DEBUG] [org.gradle.cache.internal.btree.BTreePersistentIndexedCache] Closing cache module-metadata.bin (E:\Assignment\caches\modules-2\metadata-2.106\module-metadata.bin)
2024-11-04T16:58:13.906+0700 [DEBUG] [org.gradle.cache.internal.DefaultFileLockManager] Releasing lock on artifact cache (E:\Assignment\caches\modules-2).
2024-11-04T16:58:13.907+0700 [DEBUG] [org.gradle.cache.internal.DefaultCacheCoordinator] Cache groovy-dsl (E:\Assignment\caches\8.7\groovy-dsl) was closed 0 times.
2024-11-04T16:58:13.907+0700 [DEBUG] [org.gradle.cache.internal.DefaultCacheCoordinator] Cache kotlin-dsl (E:\Assignment\caches\8.7\kotlin-dsl) was closed 0 times.
2024-11-04T16:58:13.907+0700 [DEBUG] [org.gradle.cache.internal.LockOnDemandCrossProcessCacheAccess] Releasing file lock for journal cache (E:\Assignment\caches\journal-1)
2024-11-04T16:58:13.907+0700 [DEBUG] [org.gradle.cache.internal.btree.BTreePersistentIndexedCache] Closing cache file-access.bin (E:\Assignment\caches\journal-1\file-access.bin)
2024-11-04T16:58:13.907+0700 [DEBUG] [org.gradle.cache.internal.DefaultFileLockManager] Releasing lock on journal cache (E:\Assignment\caches\journal-1).
2024-11-04T16:58:13.908+0700 [DEBUG] [org.gradle.cache.internal.LockOnDemandCrossProcessCacheAccess] Releasing file lock for file hash cache (E:\Assignment\caches\8.7\fileHashes)
2024-11-04T16:58:13.908+0700 [DEBUG] [org.gradle.cache.internal.btree.BTreePersistentIndexedCache] Closing cache fileHashes.bin (E:\Assignment\caches\8.7\fileHashes\fileHashes.bin)
2024-11-04T16:58:13.908+0700 [DEBUG] [org.gradle.cache.internal.btree.BTreePersistentIndexedCache] Closing cache resourceHashesCache.bin (E:\Assignment\caches\8.7\fileHashes\resourceHashesCache.bin)
2024-11-04T16:58:13.908+0700 [DEBUG] [org.gradle.cache.internal.DefaultFileLockManager] Releasing lock on file hash cache (E:\Assignment\caches\8.7\fileHashes).
2024-11-04T16:58:13.918+0700 [DEBUG] [org.gradle.cache.internal.VersionSpecificCacheCleanupAction] Processed version-specific caches at E:\Assignment\caches for cleanup in 0.009 secs
Daemon vm is shutting down... The daemon has exited normally or was terminated in response to a user interrupt.
2024-11-04T16:58:13.922+0700 [DEBUG] [org.gradle.launcher.daemon.registry.PersistentDaemonRegistry] Removing daemon address: [b7533e20-14a3-4acf-84c9-d7198e70d6c6 port:50787, addresses:[localhost/127.0.0.1]]
2024-11-04T16:58:13.922+0700 [DEBUG] [org.gradle.cache.internal.DefaultFileLockManager] Waiting to acquire exclusive lock on daemon addresses registry.
2024-11-04T16:58:13.922+0700 [DEBUG] [org.gradle.cache.internal.DefaultFileLockManager] Lock acquired on daemon addresses registry.
2024-11-04T16:58:13.923+0700 [DEBUG] [org.gradle.cache.internal.DefaultFileLockManager] Releasing lock on daemon addresses registry.
