#
# There is insufficient memory for the Java Runtime Environment to continue.
# Native memory allocation (malloc) failed to allocate 131088 bytes. Error detail: Chunk::new
# Possible reasons:
#   The system is out of physical RAM or swap space
#   This process is running with CompressedOops enabled, and the Java Heap may be blocking the growth of the native heap
# Possible solutions:
#   Reduce memory load on the system
#   Increase physical memory or swap space
#   Check if swap backing store is full
#   Decrease Java heap size (-Xmx/-Xms)
#   Decrease number of Java threads
#   Decrease Java thread stack sizes (-Xss)
#   Set larger code cache with -XX:ReservedCodeCacheSize=
#   JVM is running with Unscaled Compressed Oops mode in which the Java heap is
#     placed in the first 4GB address space. The Java Heap base address is the
#     maximum limit for the native heap growth. Please use -XX:HeapBaseMinAddress
#     to set the Java Heap base and to place the Java Heap above 4GB virtual address.
# This output file may be truncated or incomplete.
#
#  Out of Memory Error (arena.cpp:191), pid=20424, tid=3936
#
# JRE version: OpenJDK Runtime Environment (17.0.11) (build 17.0.11+0--11852314)
# Java VM: OpenJDK 64-Bit Server VM (17.0.11+0--11852314, mixed mode, tiered, compressed oops, compressed class ptrs, g1 gc, windows-amd64)
# No core dump will be written. Minidumps are not enabled by default on client versions of Windows
#

---------------  S U M M A R Y ------------

Command Line: --add-opens=java.base/java.util=ALL-UNNAMED --add-opens=java.base/java.lang=ALL-UNNAMED --add-opens=java.base/java.lang.invoke=ALL-UNNAMED --add-opens=java.prefs/java.util.prefs=ALL-UNNAMED --add-opens=java.base/java.nio.charset=ALL-UNNAMED --add-opens=java.base/java.net=ALL-UNNAMED --add-opens=java.base/java.util.concurrent.atomic=ALL-UNNAMED -Xmx2048m -Dfile.encoding=UTF-8 -Duser.country=VN -Duser.language=vi -Duser.variant -javaagent:C:\Users\Admin\.gradle\wrapper\dists\gradle-8.7-bin\bhs2wmbdwecv87pi65oeuq5iu\gradle-8.7\lib\agents\gradle-instrumentation-agent-8.7.jar org.gradle.launcher.daemon.bootstrap.GradleDaemon 8.7

Host: 12th Gen Intel(R) Core(TM) i5-12500H, 16 cores, 15G,  Windows 11 , 64 bit Build 22621 (10.0.22621.3958)
Time: Thu Oct  3 23:06:35 2024 SE Asia Standard Time elapsed time: 2.726973 seconds (0d 0h 0m 2s)

---------------  T H R E A D  ---------------

Current thread (0x000001d6f491b550):  JavaThread "C2 CompilerThread0" daemon [_thread_in_native, id=3936, stack(0x0000000eb0c00000,0x0000000eb0d00000)]


Current CompileTask:
C2:   2727 3226  s!   4       jdk.internal.loader.URLClassPath::getLoader (194 bytes)

Stack: [0x0000000eb0c00000,0x0000000eb0d00000]
Native frames: (J=compiled Java code, j=interpreted, Vv=VM code, C=native code)
V  [jvm.dll+0x687bb9]
V  [jvm.dll+0x84142a]
V  [jvm.dll+0x8430ae]
V  [jvm.dll+0x843713]
V  [jvm.dll+0x24a35f]
V  [jvm.dll+0xac544]
V  [jvm.dll+0xacb8c]
V  [jvm.dll+0xac64b]
V  [jvm.dll+0x6651cc]
V  [jvm.dll+0x59b25b]
V  [jvm.dll+0x584aa9]
V  [jvm.dll+0x5880f7]
V  [jvm.dll+0x58784d]
V  [jvm.dll+0x587730]
V  [jvm.dll+0x5878b9]
V  [jvm.dll+0x5878b9]
V  [jvm.dll+0x5878b9]
V  [jvm.dll+0x5878b9]
V  [jvm.dll+0x5878b9]
V  [jvm.dll+0x5878b9]
V  [jvm.dll+0x5878b9]
V  [jvm.dll+0x5878b9]
V  [jvm.dll+0x5878b9]
V  [jvm.dll+0x587730]
V  [jvm.dll+0x587730]
V  [jvm.dll+0x587730]
V  [jvm.dll+0x58f484]
V  [jvm.dll+0x2247e2]
V  [jvm.dll+0x224bdf]
V  [jvm.dll+0x21dd00]
V  [jvm.dll+0x21b201]
V  [jvm.dll+0x1a63ed]
V  [jvm.dll+0x22b1ee]
V  [jvm.dll+0x229375]
V  [jvm.dll+0x7f5647]
V  [jvm.dll+0x7efa4a]
V  [jvm.dll+0x686a35]
C  [ucrtbase.dll+0x29333]
C  [KERNEL32.DLL+0x1257d]
C  [ntdll.dll+0x5af08]


---------------  P R O C E S S  ---------------

Threads class SMR info:
_java_thread_list=0x000001d6fbc880f0, length=38, elements={
0x000001d6d7f22700, 0x000001d6f48e3030, 0x000001d6f48e3dc0, 0x000001d6f48f7490,
0x000001d6f48f8f70, 0x000001d6f4917a80, 0x000001d6f491a860, 0x000001d6f491b550,
0x000001d6f4932a90, 0x000001d6f49354a0, 0x000001d6f482aaf0, 0x000001d6f4a78d10,
0x000001d6f4a79230, 0x000001d6f4a79750, 0x000001d6f9026a20, 0x000001d6f916e300,
0x000001d6fa4610c0, 0x000001d6fabba340, 0x000001d6fb39b7f0, 0x000001d6fafbc870,
0x000001d6fa611f20, 0x000001d6fa612400, 0x000001d6fb3f3790, 0x000001d6fb4213c0,
0x000001d6fa730c00, 0x000001d6fa731620, 0x000001d6fa731110, 0x000001d6fadf1620,
0x000001d6fadf8580, 0x000001d6fc7c2260, 0x000001d6fadf7140, 0x000001d6fadf6c30,
0x000001d6fadf6720, 0x000001d6fadf43b0, 0x000001d6fadf5d00, 0x000001d6fadf4dd0,
0x000001d6fadf2f70, 0x000001d6fc559210
}

Java Threads: ( => current thread )
  0x000001d6d7f22700 JavaThread "main" [_thread_blocked, id=3560, stack(0x0000000eaff00000,0x0000000eb0000000)]
  0x000001d6f48e3030 JavaThread "Reference Handler" daemon [_thread_blocked, id=20956, stack(0x0000000eb0600000,0x0000000eb0700000)]
  0x000001d6f48e3dc0 JavaThread "Finalizer" daemon [_thread_blocked, id=2204, stack(0x0000000eb0700000,0x0000000eb0800000)]
  0x000001d6f48f7490 JavaThread "Signal Dispatcher" daemon [_thread_blocked, id=21880, stack(0x0000000eb0800000,0x0000000eb0900000)]
  0x000001d6f48f8f70 JavaThread "Attach Listener" daemon [_thread_blocked, id=5740, stack(0x0000000eb0900000,0x0000000eb0a00000)]
  0x000001d6f4917a80 JavaThread "Service Thread" daemon [_thread_blocked, id=12500, stack(0x0000000eb0a00000,0x0000000eb0b00000)]
  0x000001d6f491a860 JavaThread "Monitor Deflation Thread" daemon [_thread_blocked, id=17500, stack(0x0000000eb0b00000,0x0000000eb0c00000)]
=>0x000001d6f491b550 JavaThread "C2 CompilerThread0" daemon [_thread_in_native, id=3936, stack(0x0000000eb0c00000,0x0000000eb0d00000)]
  0x000001d6f4932a90 JavaThread "C1 CompilerThread0" daemon [_thread_blocked, id=1728, stack(0x0000000eb0d00000,0x0000000eb0e00000)]
  0x000001d6f49354a0 JavaThread "Sweeper thread" daemon [_thread_blocked, id=4556, stack(0x0000000eb0e00000,0x0000000eb0f00000)]
  0x000001d6f482aaf0 JavaThread "Common-Cleaner" daemon [_thread_blocked, id=19876, stack(0x0000000eb0f00000,0x0000000eb1000000)]
  0x000001d6f4a78d10 JavaThread "C1 CompilerThread1" daemon [_thread_in_vm, id=6104, stack(0x0000000eb1000000,0x0000000eb1100000)]
  0x000001d6f4a79230 JavaThread "C1 CompilerThread2" daemon [_thread_blocked, id=8444, stack(0x0000000eb1100000,0x0000000eb1200000)]
  0x000001d6f4a79750 JavaThread "C1 CompilerThread3" daemon [_thread_in_vm, id=21040, stack(0x0000000eb1200000,0x0000000eb1300000)]
  0x000001d6f9026a20 JavaThread "Notification Thread" daemon [_thread_blocked, id=5976, stack(0x0000000eb1300000,0x0000000eb1400000)]
  0x000001d6f916e300 JavaThread "C2 CompilerThread1" daemon [_thread_blocked, id=16996, stack(0x0000000eb1500000,0x0000000eb1600000)]
  0x000001d6fa4610c0 JavaThread "Daemon health stats" [_thread_blocked, id=4472, stack(0x0000000eb1c00000,0x0000000eb1d00000)]
  0x000001d6fabba340 JavaThread "Incoming local TCP Connector on port 65253" [_thread_in_native, id=19188, stack(0x0000000eb1d00000,0x0000000eb1e00000)]
  0x000001d6fb39b7f0 JavaThread "Daemon periodic checks" [_thread_blocked, id=17752, stack(0x0000000eb1e00000,0x0000000eb1f00000)]
  0x000001d6fafbc870 JavaThread "Daemon" [_thread_blocked, id=18052, stack(0x0000000eb1f00000,0x0000000eb2000000)]
  0x000001d6fa611f20 JavaThread "Handler for socket connection from /127.0.0.1:65253 to /127.0.0.1:65255" [_thread_in_native, id=12620, stack(0x0000000eb2000000,0x0000000eb2100000)]
  0x000001d6fa612400 JavaThread "Cancel handler" [_thread_blocked, id=2852, stack(0x0000000eb2100000,0x0000000eb2200000)]
  0x000001d6fb3f3790 JavaThread "Daemon worker" [_thread_in_Java, id=9428, stack(0x0000000eb2200000,0x0000000eb2300000)]
  0x000001d6fb4213c0 JavaThread "Asynchronous log dispatcher for DefaultDaemonConnection: socket connection from /127.0.0.1:65253 to /127.0.0.1:65255" [_thread_blocked, id=7488, stack(0x0000000eb2300000,0x0000000eb2400000)]
  0x000001d6fa730c00 JavaThread "Stdin handler" [_thread_blocked, id=11716, stack(0x0000000eb2400000,0x0000000eb2500000)]
  0x000001d6fa731620 JavaThread "Daemon client event forwarder" [_thread_blocked, id=8636, stack(0x0000000eb2500000,0x0000000eb2600000)]
  0x000001d6fa731110 JavaThread "Cache worker for journal cache (C:\Users\Admin\.gradle\caches\journal-1)" [_thread_blocked, id=16068, stack(0x0000000eb2f00000,0x0000000eb3000000)]
  0x000001d6fadf1620 JavaThread "File lock request listener" [_thread_in_native, id=4152, stack(0x0000000eb3000000,0x0000000eb3100000)]
  0x000001d6fadf8580 JavaThread "Cache worker for file hash cache (C:\Users\Admin\.gradle\caches\8.7\fileHashes)" [_thread_blocked, id=8980, stack(0x0000000eb3100000,0x0000000eb3200000)]
  0x000001d6fc7c2260 JavaThread "C2 CompilerThread2" daemon [_thread_in_native, id=17680, stack(0x0000000eb1600000,0x0000000eb1700000)]
  0x000001d6fadf7140 JavaThread "Cache worker for file hash cache (E:\Login_E\.gradle\8.7\fileHashes)" [_thread_blocked, id=12268, stack(0x0000000eb3200000,0x0000000eb3300000)]
  0x000001d6fadf6c30 JavaThread "File watcher server" daemon [_thread_in_native, id=19440, stack(0x0000000eb3300000,0x0000000eb3400000)]
  0x000001d6fadf6720 JavaThread "File watcher consumer" daemon [_thread_blocked, id=17324, stack(0x0000000eb3400000,0x0000000eb3500000)]
  0x000001d6fadf43b0 JavaThread "Cache worker for checksums cache (E:\Login_E\.gradle\8.7\checksums)" [_thread_blocked, id=12224, stack(0x0000000eb3500000,0x0000000eb3600000)]
  0x000001d6fadf5d00 JavaThread "Cache worker for cache directory md-supplier (C:\Users\Admin\.gradle\caches\8.7\md-supplier)" [_thread_blocked, id=3520, stack(0x0000000eb3600000,0x0000000eb3700000)]
  0x000001d6fadf4dd0 JavaThread "Cache worker for cache directory md-rule (C:\Users\Admin\.gradle\caches\8.7\md-rule)" [_thread_blocked, id=12200, stack(0x0000000eb3700000,0x0000000eb3800000)]
  0x000001d6fadf2f70 JavaThread "Cache worker for file content cache (C:\Users\Admin\.gradle\caches\8.7\fileContent)" [_thread_blocked, id=13460, stack(0x0000000eb3800000,0x0000000eb3900000)]
  0x000001d6fc559210 JavaThread "C2 CompilerThread3" daemon [_thread_in_native, id=9528, stack(0x0000000eb3900000,0x0000000eb3a00000)]

Other Threads:
  0x000001d6f48c0620 VMThread "VM Thread" [stack: 0x0000000eb0500000,0x0000000eb0600000] [id=11240]
  0x000001d6f9026f00 WatcherThread [stack: 0x0000000eb1400000,0x0000000eb1500000] [id=3096]
  0x000001d6d7f804d0 GCTaskThread "GC Thread#0" [stack: 0x0000000eb0000000,0x0000000eb0100000] [id=10704]
  0x000001d6f9b0cf00 GCTaskThread "GC Thread#1" [stack: 0x0000000eb1700000,0x0000000eb1800000] [id=17932]
  0x000001d6f9beddd0 GCTaskThread "GC Thread#2" [stack: 0x0000000eb1800000,0x0000000eb1900000] [id=2160]
  0x000001d6f9bee090 GCTaskThread "GC Thread#3" [stack: 0x0000000eb1900000,0x0000000eb1a00000] [id=20948]
  0x000001d6f9c188b0 GCTaskThread "GC Thread#4" [stack: 0x0000000eb1a00000,0x0000000eb1b00000] [id=21584]
  0x000001d6f9c18b70 GCTaskThread "GC Thread#5" [stack: 0x0000000eb1b00000,0x0000000eb1c00000] [id=19068]
  0x000001d6f9b464b0 GCTaskThread "GC Thread#6" [stack: 0x0000000eb2600000,0x0000000eb2700000] [id=17736]
  0x000001d6fbb6dcc0 GCTaskThread "GC Thread#7" [stack: 0x0000000eb2700000,0x0000000eb2800000] [id=7928]
  0x000001d6fb177b40 GCTaskThread "GC Thread#8" [stack: 0x0000000eb2800000,0x0000000eb2900000] [id=3644]
  0x000001d6fb791cb0 GCTaskThread "GC Thread#9" [stack: 0x0000000eb2900000,0x0000000eb2a00000] [id=8856]
  0x000001d6fb407c40 GCTaskThread "GC Thread#10" [stack: 0x0000000eb2a00000,0x0000000eb2b00000] [id=5960]
  0x000001d6fa3a9a00 GCTaskThread "GC Thread#11" [stack: 0x0000000eb2b00000,0x0000000eb2c00000] [id=20516]
  0x000001d6fb39c0e0 GCTaskThread "GC Thread#12" [stack: 0x0000000eb2c00000,0x0000000eb2d00000] [id=11764]
  0x000001d6d7f91420 ConcurrentGCThread "G1 Main Marker" [stack: 0x0000000eb0100000,0x0000000eb0200000] [id=9588]
  0x000001d6d7f935f0 ConcurrentGCThread "G1 Conc#0" [stack: 0x0000000eb0200000,0x0000000eb0300000] [id=19136]
  0x000001d6fafe23a0 ConcurrentGCThread "G1 Conc#1" [stack: 0x0000000eb2d00000,0x0000000eb2e00000] [id=8300]
  0x000001d6fafe20e0 ConcurrentGCThread "G1 Conc#2" [stack: 0x0000000eb2e00000,0x0000000eb2f00000] [id=6040]
  0x000001d6f46f6310 ConcurrentGCThread "G1 Refine#0" [stack: 0x0000000eb0300000,0x0000000eb0400000] [id=7292]
  0x000001d6f46f7d50 ConcurrentGCThread "G1 Service" [stack: 0x0000000eb0400000,0x0000000eb0500000] [id=15816]

Threads with active compile tasks:
C2 CompilerThread0     2742 3226  s!   4       jdk.internal.loader.URLClassPath::getLoader (194 bytes)
C2 CompilerThread1     2742 3339       4       java.lang.ref.WeakReference::<init> (7 bytes)
C2 CompilerThread2     2742 3227       4       jdk.internal.loader.URLClassPath::getResource (74 bytes)
C2 CompilerThread3     2742 3331       4       java.lang.StringLatin1::compareTo (52 bytes)

VM state: not at safepoint (normal execution)

VM Mutex/Monitor currently owned by a thread: None

Heap address: 0x0000000080000000, size: 2048 MB, Compressed Oops mode: 32-bit

CDS archive(s) not mapped
Compressed class space mapped at: 0x0000000100000000-0x0000000140000000, reserved size: 1073741824
Narrow klass base: 0x0000000000000000, Narrow klass shift: 3, Narrow klass range: 0x140000000

GC Precious Log:
 CPUs: 16 total, 16 available
 Memory: 16108M
 Large Page Support: Disabled
 NUMA Support: Disabled
 Compressed Oops: Enabled (32-bit)
 Heap Region Size: 1M
 Heap Min Capacity: 8M
 Heap Initial Capacity: 252M
 Heap Max Capacity: 2G
 Pre-touch: Disabled
 Parallel Workers: 13
 Concurrent Workers: 3
 Concurrent Refinement Workers: 13
 Periodic GC: Disabled

Heap:
 garbage-first heap   total 71680K, used 34597K [0x0000000080000000, 0x0000000100000000)
  region size 1024K, 13 young (13312K), 2 survivors (2048K)
 Metaspace       used 37583K, committed 37888K, reserved 1114112K
  class space    used 5075K, committed 5184K, reserved 1048576K

Heap Regions: E=young(eden), S=young(survivor), O=old, HS=humongous(starts), HC=humongous(continues), CS=collection set, F=free, OA=open archive, CA=closed archive, TAMS=top-at-mark-start (previous, next)
|   0|0x0000000080000000, 0x0000000080100000, 0x0000000080100000|100%|HS|  |TAMS 0x0000000080100000, 0x0000000080000000| Complete 
|   1|0x0000000080100000, 0x0000000080200000, 0x0000000080200000|100%|HC|  |TAMS 0x0000000080200000, 0x0000000080100000| Complete 
|   2|0x0000000080200000, 0x0000000080300000, 0x0000000080300000|100%|HC|  |TAMS 0x0000000080300000, 0x0000000080200000| Complete 
|   3|0x0000000080300000, 0x0000000080400000, 0x0000000080400000|100%|HC|  |TAMS 0x0000000080400000, 0x0000000080300000| Complete 
|   4|0x0000000080400000, 0x0000000080500000, 0x0000000080500000|100%| O|  |TAMS 0x0000000080500000, 0x0000000080400000| Untracked 
|   5|0x0000000080500000, 0x0000000080600000, 0x0000000080600000|100%| O|  |TAMS 0x0000000080600000, 0x0000000080500000| Untracked 
|   6|0x0000000080600000, 0x0000000080700000, 0x0000000080700000|100%| O|  |TAMS 0x0000000080700000, 0x0000000080600000| Untracked 
|   7|0x0000000080700000, 0x0000000080800000, 0x0000000080800000|100%| O|  |TAMS 0x0000000080800000, 0x0000000080700000| Untracked 
|   8|0x0000000080800000, 0x0000000080900000, 0x0000000080900000|100%| O|  |TAMS 0x0000000080900000, 0x0000000080800000| Untracked 
|   9|0x0000000080900000, 0x0000000080a00000, 0x0000000080a00000|100%| O|  |TAMS 0x0000000080a00000, 0x0000000080900000| Untracked 
|  10|0x0000000080a00000, 0x0000000080afe000, 0x0000000080b00000| 99%| O|  |TAMS 0x0000000080a00000, 0x0000000080a00000| Untracked 
|  11|0x0000000080b00000, 0x0000000080c00000, 0x0000000080c00000|100%| O|  |TAMS 0x0000000080c00000, 0x0000000080b00000| Untracked 
|  12|0x0000000080c00000, 0x0000000080d00000, 0x0000000080d00000|100%| O|  |TAMS 0x0000000080d00000, 0x0000000080c00000| Untracked 
|  13|0x0000000080d00000, 0x0000000080e00000, 0x0000000080e00000|100%| O|  |TAMS 0x0000000080e00000, 0x0000000080d00000| Untracked 
|  14|0x0000000080e00000, 0x0000000080f00000, 0x0000000080f00000|100%| O|  |TAMS 0x0000000080f00000, 0x0000000080e00000| Untracked 
|  15|0x0000000080f00000, 0x0000000081000000, 0x0000000081000000|100%| O|  |TAMS 0x0000000081000000, 0x0000000080f00000| Untracked 
|  16|0x0000000081000000, 0x0000000081100000, 0x0000000081100000|100%| O|  |TAMS 0x0000000081100000, 0x0000000081000000| Untracked 
|  17|0x0000000081100000, 0x0000000081200000, 0x0000000081200000|100%| O|  |TAMS 0x0000000081200000, 0x0000000081100000| Untracked 
|  18|0x0000000081200000, 0x0000000081300000, 0x0000000081300000|100%| O|  |TAMS 0x0000000081300000, 0x0000000081200000| Untracked 
|  19|0x0000000081300000, 0x0000000081400000, 0x0000000081400000|100%| O|  |TAMS 0x0000000081400000, 0x0000000081300000| Untracked 
|  20|0x0000000081400000, 0x0000000081500000, 0x0000000081500000|100%| O|  |TAMS 0x0000000081500000, 0x0000000081400000| Untracked 
|  21|0x0000000081500000, 0x0000000081600000, 0x0000000081600000|100%| O|  |TAMS 0x000000008151a400, 0x0000000081500000| Untracked 
|  22|0x0000000081600000, 0x0000000081600000, 0x0000000081700000|  0%| F|  |TAMS 0x0000000081600000, 0x0000000081600000| Untracked 
|  23|0x0000000081700000, 0x0000000081700000, 0x0000000081800000|  0%| F|  |TAMS 0x0000000081700000, 0x0000000081700000| Untracked 
|  24|0x0000000081800000, 0x0000000081800000, 0x0000000081900000|  0%| F|  |TAMS 0x0000000081800000, 0x0000000081800000| Untracked 
|  25|0x0000000081900000, 0x0000000081900000, 0x0000000081a00000|  0%| F|  |TAMS 0x0000000081900000, 0x0000000081900000| Untracked 
|  26|0x0000000081a00000, 0x0000000081a00000, 0x0000000081b00000|  0%| F|  |TAMS 0x0000000081a00000, 0x0000000081a00000| Untracked 
|  27|0x0000000081b00000, 0x0000000081b00000, 0x0000000081c00000|  0%| F|  |TAMS 0x0000000081b00000, 0x0000000081b00000| Untracked 
|  28|0x0000000081c00000, 0x0000000081c00000, 0x0000000081d00000|  0%| F|  |TAMS 0x0000000081c00000, 0x0000000081c00000| Untracked 
|  29|0x0000000081d00000, 0x0000000081d00000, 0x0000000081e00000|  0%| F|  |TAMS 0x0000000081d00000, 0x0000000081d00000| Untracked 
|  30|0x0000000081e00000, 0x0000000081e00000, 0x0000000081f00000|  0%| F|  |TAMS 0x0000000081e00000, 0x0000000081e00000| Untracked 
|  31|0x0000000081f00000, 0x0000000081f00000, 0x0000000082000000|  0%| F|  |TAMS 0x0000000081f00000, 0x0000000081f00000| Untracked 
|  32|0x0000000082000000, 0x0000000082000000, 0x0000000082100000|  0%| F|  |TAMS 0x0000000082000000, 0x0000000082000000| Untracked 
|  33|0x0000000082100000, 0x0000000082100000, 0x0000000082200000|  0%| F|  |TAMS 0x0000000082100000, 0x0000000082100000| Untracked 
|  34|0x0000000082200000, 0x0000000082200000, 0x0000000082300000|  0%| F|  |TAMS 0x0000000082200000, 0x0000000082200000| Untracked 
|  35|0x0000000082300000, 0x0000000082300000, 0x0000000082400000|  0%| F|  |TAMS 0x0000000082300000, 0x0000000082300000| Untracked 
|  36|0x0000000082400000, 0x0000000082400000, 0x0000000082500000|  0%| F|  |TAMS 0x0000000082400000, 0x0000000082400000| Untracked 
|  37|0x0000000082500000, 0x0000000082500000, 0x0000000082600000|  0%| F|  |TAMS 0x0000000082500000, 0x0000000082500000| Untracked 
|  38|0x0000000082600000, 0x0000000082600000, 0x0000000082700000|  0%| F|  |TAMS 0x0000000082600000, 0x0000000082600000| Untracked 
|  39|0x0000000082700000, 0x0000000082700000, 0x0000000082800000|  0%| F|  |TAMS 0x0000000082700000, 0x0000000082700000| Untracked 
|  40|0x0000000082800000, 0x0000000082800000, 0x0000000082900000|  0%| F|  |TAMS 0x0000000082800000, 0x0000000082800000| Untracked 
|  41|0x0000000082900000, 0x0000000082900000, 0x0000000082a00000|  0%| F|  |TAMS 0x0000000082900000, 0x0000000082900000| Untracked 
|  42|0x0000000082a00000, 0x0000000082a00000, 0x0000000082b00000|  0%| F|  |TAMS 0x0000000082a00000, 0x0000000082a00000| Untracked 
|  43|0x0000000082b00000, 0x0000000082b00000, 0x0000000082c00000|  0%| F|  |TAMS 0x0000000082b00000, 0x0000000082b00000| Untracked 
|  44|0x0000000082c00000, 0x0000000082c00000, 0x0000000082d00000|  0%| F|  |TAMS 0x0000000082c00000, 0x0000000082c00000| Untracked 
|  45|0x0000000082d00000, 0x0000000082d00000, 0x0000000082e00000|  0%| F|  |TAMS 0x0000000082d00000, 0x0000000082d00000| Untracked 
|  46|0x0000000082e00000, 0x0000000082e00000, 0x0000000082f00000|  0%| F|  |TAMS 0x0000000082e00000, 0x0000000082e00000| Untracked 
|  47|0x0000000082f00000, 0x0000000082f00000, 0x0000000083000000|  0%| F|  |TAMS 0x0000000082f00000, 0x0000000082f00000| Untracked 
|  48|0x0000000083000000, 0x0000000083000000, 0x0000000083100000|  0%| F|  |TAMS 0x0000000083000000, 0x0000000083000000| Untracked 
|  49|0x0000000083100000, 0x0000000083100000, 0x0000000083200000|  0%| F|  |TAMS 0x0000000083100000, 0x0000000083100000| Untracked 
|  50|0x0000000083200000, 0x0000000083200000, 0x0000000083300000|  0%| F|  |TAMS 0x0000000083200000, 0x0000000083200000| Untracked 
|  51|0x0000000083300000, 0x0000000083300000, 0x0000000083400000|  0%| F|  |TAMS 0x0000000083300000, 0x0000000083300000| Untracked 
|  52|0x0000000083400000, 0x0000000083400000, 0x0000000083500000|  0%| F|  |TAMS 0x0000000083400000, 0x0000000083400000| Untracked 
|  53|0x0000000083500000, 0x0000000083500000, 0x0000000083600000|  0%| F|  |TAMS 0x0000000083500000, 0x0000000083500000| Untracked 
|  54|0x0000000083600000, 0x0000000083600000, 0x0000000083700000|  0%| F|  |TAMS 0x0000000083600000, 0x0000000083600000| Untracked 
|  55|0x0000000083700000, 0x0000000083700000, 0x0000000083800000|  0%| F|  |TAMS 0x0000000083700000, 0x0000000083700000| Untracked 
|  56|0x0000000083800000, 0x0000000083800000, 0x0000000083900000|  0%| F|  |TAMS 0x0000000083800000, 0x0000000083800000| Untracked 
|  57|0x0000000083900000, 0x0000000083980800, 0x0000000083a00000| 50%| E|  |TAMS 0x0000000083900000, 0x0000000083900000| Complete 
|  58|0x0000000083a00000, 0x0000000083acb570, 0x0000000083b00000| 79%| S|CS|TAMS 0x0000000083a00000, 0x0000000083a00000| Complete 
|  59|0x0000000083b00000, 0x0000000083c00000, 0x0000000083c00000|100%| S|CS|TAMS 0x0000000083b00000, 0x0000000083b00000| Complete 
| 192|0x000000008c000000, 0x000000008c100000, 0x000000008c100000|100%| E|CS|TAMS 0x000000008c000000, 0x000000008c000000| Complete 
| 193|0x000000008c100000, 0x000000008c200000, 0x000000008c200000|100%| E|CS|TAMS 0x000000008c100000, 0x000000008c100000| Complete 
| 194|0x000000008c200000, 0x000000008c300000, 0x000000008c300000|100%| E|CS|TAMS 0x000000008c200000, 0x000000008c200000| Complete 
| 195|0x000000008c300000, 0x000000008c400000, 0x000000008c400000|100%| E|CS|TAMS 0x000000008c300000, 0x000000008c300000| Complete 
| 196|0x000000008c400000, 0x000000008c500000, 0x000000008c500000|100%| E|CS|TAMS 0x000000008c400000, 0x000000008c400000| Complete 
| 197|0x000000008c500000, 0x000000008c600000, 0x000000008c600000|100%| E|CS|TAMS 0x000000008c500000, 0x000000008c500000| Complete 
| 198|0x000000008c600000, 0x000000008c700000, 0x000000008c700000|100%| E|CS|TAMS 0x000000008c600000, 0x000000008c600000| Complete 
| 199|0x000000008c700000, 0x000000008c800000, 0x000000008c800000|100%| E|CS|TAMS 0x000000008c700000, 0x000000008c700000| Complete 
| 200|0x000000008c800000, 0x000000008c900000, 0x000000008c900000|100%| E|CS|TAMS 0x000000008c800000, 0x000000008c800000| Complete 
| 251|0x000000008fb00000, 0x000000008fc00000, 0x000000008fc00000|100%| E|CS|TAMS 0x000000008fb00000, 0x000000008fb00000| Complete 

Card table byte_map: [0x000001d6ecf90000,0x000001d6ed390000] _byte_map_base: 0x000001d6ecb90000

Marking Bits (Prev, Next): (CMBitMap*) 0x000001d6d7f80af0, (CMBitMap*) 0x000001d6d7f80b30
 Prev Bits: [0x000001d6ed790000, 0x000001d6ef790000)
 Next Bits: [0x000001d6ef790000, 0x000001d6f1790000)

Polling page: 0x000001d6dcba0000

Metaspace:

Usage:
  Non-class:     31.76 MB used.
      Class:      4.96 MB used.
       Both:     36.72 MB used.

Virtual space:
  Non-class space:       64.00 MB reserved,      31.94 MB ( 50%) committed,  1 nodes.
      Class space:        1.00 GB reserved,       5.06 MB ( <1%) committed,  1 nodes.
             Both:        1.06 GB reserved,      37.00 MB (  3%) committed. 

Chunk freelists:
   Non-Class:  15.67 MB
       Class:  10.81 MB
        Both:  26.48 MB

MaxMetaspaceSize: unlimited
CompressedClassSpaceSize: 1.00 GB
Initial GC threshold: 21.00 MB
Current GC threshold: 58.75 MB
CDS: off
MetaspaceReclaimPolicy: balanced
 - commit_granule_bytes: 65536.
 - commit_granule_words: 8192.
 - virtual_space_node_default_size: 8388608.
 - enlarge_chunks_in_place: 1.
 - new_chunks_are_fully_committed: 0.
 - uncommit_free_chunks: 1.
 - use_allocation_guard: 0.
 - handle_deallocations: 1.


Internal statistics:

num_allocs_failed_limit: 6.
num_arena_births: 298.
num_arena_deaths: 0.
num_vsnodes_births: 2.
num_vsnodes_deaths: 0.
num_space_committed: 592.
num_space_uncommitted: 0.
num_chunks_returned_to_freelist: 6.
num_chunks_taken_from_freelist: 1383.
num_chunk_merges: 3.
num_chunk_splits: 910.
num_chunks_enlarged: 647.
num_inconsistent_stats: 0.

CodeHeap 'non-profiled nmethods': size=119168Kb used=1906Kb max_used=1906Kb free=117262Kb
 bounds [0x000001d6e4760000, 0x000001d6e49d0000, 0x000001d6ebbc0000]
CodeHeap 'profiled nmethods': size=119104Kb used=7150Kb max_used=7150Kb free=111953Kb
 bounds [0x000001d6dcbc0000, 0x000001d6dd2c0000, 0x000001d6e4010000]
CodeHeap 'non-nmethods': size=7488Kb used=2939Kb max_used=2990Kb free=4549Kb
 bounds [0x000001d6e4010000, 0x000001d6e4300000, 0x000001d6e4760000]
 total_blobs=3901 nmethods=3340 adapters=470
 compilation: enabled
              stopped_count=0, restarted_count=0
 full_count=0

Compilation events (20 events):
Event: 2.719 Thread 0x000001d6f4a79750 3317       3       org.codehaus.groovy.util.ReferenceManager$1::afterReferenceCreation (57 bytes)
Event: 2.719 Thread 0x000001d6f4932a90 nmethod 3315 0x000001d6dd2b1f90 code [0x000001d6dd2b2160, 0x000001d6dd2b2618]
Event: 2.719 Thread 0x000001d6f4a78d10 3318   !   3       org.codehaus.groovy.util.LazyReference::getLocked (85 bytes)
Event: 2.719 Thread 0x000001d6f4a79230 nmethod 3316 0x000001d6dd2b2790 code [0x000001d6dd2b2940, 0x000001d6dd2b2ae8]
Event: 2.720 Thread 0x000001d6f4a79750 nmethod 3317 0x000001d6dd2b2c10 code [0x000001d6dd2b2de0, 0x000001d6dd2b3208]
Event: 2.720 Thread 0x000001d6f4a79750 3319       1       java.util.Spliterators$ArraySpliterator::characteristics (5 bytes)
Event: 2.720 Thread 0x000001d6f4a79750 nmethod 3319 0x000001d6e493a990 code [0x000001d6e493ab20, 0x000001d6e493abf8]
Event: 2.720 Thread 0x000001d6f4932a90 3320       3       java.util.concurrent.atomic.AtomicInteger::<init> (5 bytes)
Event: 2.720 Thread 0x000001d6f4a78d10 nmethod 3318 0x000001d6dd2b3390 code [0x000001d6dd2b3640, 0x000001d6dd2b4428]
Event: 2.720 Thread 0x000001d6f4932a90 nmethod 3320 0x000001d6dd2b4910 code [0x000001d6dd2b4ac0, 0x000001d6dd2b4c78]
Event: 2.720 Thread 0x000001d6f4a78d10 3321       3       java.util.WeakHashMap::get (75 bytes)
Event: 2.720 Thread 0x000001d6f4a78d10 nmethod 3321 0x000001d6dd2b4d90 code [0x000001d6dd2b4fc0, 0x000001d6dd2b5878]
Event: 2.721 Thread 0x000001d6f4932a90 3322       3       org.codehaus.groovy.reflection.CachedClass::getInterfaces (11 bytes)
Event: 2.721 Thread 0x000001d6f4932a90 nmethod 3322 0x000001d6dd2b5c10 code [0x000001d6dd2b5dc0, 0x000001d6dd2b6088]
Event: 2.721 Thread 0x000001d6fc559210 3323       4       java.lang.reflect.Method::getParameterTypes (11 bytes)
Event: 2.721 Thread 0x000001d6f4a79750 3324       3       org.codehaus.groovy.util.ReferenceType$1::createReference (11 bytes)
Event: 2.721 Thread 0x000001d6f4932a90 3325       3       org.codehaus.groovy.util.ReferenceType$SoftRef::<init> (12 bytes)
Event: 2.721 Thread 0x000001d6f4932a90 nmethod 3325 0x000001d6dd2b6190 code [0x000001d6dd2b6340, 0x000001d6dd2b66f8]
Event: 2.721 Thread 0x000001d6f4a79750 nmethod 3324 0x000001d6dd2b6810 code [0x000001d6dd2b69e0, 0x000001d6dd2b6e58]
Event: 2.722 Thread 0x000001d6fc559210 nmethod 3323 0x000001d6e493ac90 code [0x000001d6e493ae20, 0x000001d6e493af78]

GC Heap History (16 events):
Event: 0.472 GC heap before
{Heap before GC invocations=0 (full 0):
 garbage-first heap   total 258048K, used 26624K [0x0000000080000000, 0x0000000100000000)
  region size 1024K, 23 young (23552K), 0 survivors (0K)
 Metaspace       used 10305K, committed 10432K, reserved 1114112K
  class space    used 1047K, committed 1088K, reserved 1048576K
}
Event: 0.475 GC heap after
{Heap after GC invocations=1 (full 0):
 garbage-first heap   total 258048K, used 10347K [0x0000000080000000, 0x0000000100000000)
  region size 1024K, 3 young (3072K), 3 survivors (3072K)
 Metaspace       used 10305K, committed 10432K, reserved 1114112K
  class space    used 1047K, committed 1088K, reserved 1048576K
}
Event: 0.774 GC heap before
{Heap before GC invocations=1 (full 0):
 garbage-first heap   total 258048K, used 37995K [0x0000000080000000, 0x0000000100000000)
  region size 1024K, 30 young (30720K), 3 survivors (3072K)
 Metaspace       used 11536K, committed 11712K, reserved 1114112K
  class space    used 1200K, committed 1280K, reserved 1048576K
}
Event: 0.776 GC heap after
{Heap after GC invocations=2 (full 0):
 garbage-first heap   total 258048K, used 11414K [0x0000000080000000, 0x0000000100000000)
  region size 1024K, 1 young (1024K), 1 survivors (1024K)
 Metaspace       used 11536K, committed 11712K, reserved 1114112K
  class space    used 1200K, committed 1280K, reserved 1048576K
}
Event: 1.552 GC heap before
{Heap before GC invocations=2 (full 0):
 garbage-first heap   total 258048K, used 62614K [0x0000000080000000, 0x0000000100000000)
  region size 1024K, 51 young (52224K), 1 survivors (1024K)
 Metaspace       used 21238K, committed 21504K, reserved 1114112K
  class space    used 2487K, committed 2624K, reserved 1048576K
}
Event: 1.555 GC heap after
{Heap after GC invocations=3 (full 0):
 garbage-first heap   total 258048K, used 19222K [0x0000000080000000, 0x0000000100000000)
  region size 1024K, 9 young (9216K), 9 survivors (9216K)
 Metaspace       used 21238K, committed 21504K, reserved 1114112K
  class space    used 2487K, committed 2624K, reserved 1048576K
}
Event: 1.932 GC heap before
{Heap before GC invocations=4 (full 0):
 garbage-first heap   total 71680K, used 51990K [0x0000000080000000, 0x0000000100000000)
  region size 1024K, 42 young (43008K), 9 survivors (9216K)
 Metaspace       used 26366K, committed 26624K, reserved 1114112K
  class space    used 3338K, committed 3456K, reserved 1048576K
}
Event: 1.936 GC heap after
{Heap after GC invocations=5 (full 0):
 garbage-first heap   total 71680K, used 20827K [0x0000000080000000, 0x0000000100000000)
  region size 1024K, 2 young (2048K), 2 survivors (2048K)
 Metaspace       used 26366K, committed 26624K, reserved 1114112K
  class space    used 3338K, committed 3456K, reserved 1048576K
}
Event: 1.947 GC heap before
{Heap before GC invocations=5 (full 0):
 garbage-first heap   total 71680K, used 21851K [0x0000000080000000, 0x0000000100000000)
  region size 1024K, 3 young (3072K), 2 survivors (2048K)
 Metaspace       used 26505K, committed 26752K, reserved 1114112K
  class space    used 3364K, committed 3456K, reserved 1048576K
}
Event: 1.949 GC heap after
{Heap after GC invocations=6 (full 0):
 garbage-first heap   total 71680K, used 21032K [0x0000000080000000, 0x0000000100000000)
  region size 1024K, 1 young (1024K), 1 survivors (1024K)
 Metaspace       used 26505K, committed 26752K, reserved 1114112K
  class space    used 3364K, committed 3456K, reserved 1048576K
}
Event: 2.285 GC heap before
{Heap before GC invocations=6 (full 0):
 garbage-first heap   total 71680K, used 49704K [0x0000000080000000, 0x0000000100000000)
  region size 1024K, 30 young (30720K), 1 survivors (1024K)
 Metaspace       used 30457K, committed 30848K, reserved 1114112K
  class space    used 4021K, committed 4224K, reserved 1048576K
}
Event: 2.286 GC heap after
{Heap after GC invocations=7 (full 0):
 garbage-first heap   total 71680K, used 22568K [0x0000000080000000, 0x0000000100000000)
  region size 1024K, 2 young (2048K), 2 survivors (2048K)
 Metaspace       used 30457K, committed 30848K, reserved 1114112K
  class space    used 4021K, committed 4224K, reserved 1048576K
}
Event: 2.550 GC heap before
{Heap before GC invocations=7 (full 0):
 garbage-first heap   total 71680K, used 52264K [0x0000000080000000, 0x0000000100000000)
  region size 1024K, 31 young (31744K), 2 survivors (2048K)
 Metaspace       used 34218K, committed 34496K, reserved 1114112K
  class space    used 4645K, committed 4800K, reserved 1048576K
}
Event: 2.552 GC heap after
{Heap after GC invocations=8 (full 0):
 garbage-first heap   total 71680K, used 23887K [0x0000000080000000, 0x0000000100000000)
  region size 1024K, 4 young (4096K), 4 survivors (4096K)
 Metaspace       used 34218K, committed 34496K, reserved 1114112K
  class space    used 4645K, committed 4800K, reserved 1048576K
}
Event: 2.643 GC heap before
{Heap before GC invocations=8 (full 0):
 garbage-first heap   total 71680K, used 32079K [0x0000000080000000, 0x0000000100000000)
  region size 1024K, 14 young (14336K), 4 survivors (4096K)
 Metaspace       used 35661K, committed 35968K, reserved 1114112K
  class space    used 4854K, committed 4992K, reserved 1048576K
}
Event: 2.645 GC heap after
{Heap after GC invocations=9 (full 0):
 garbage-first heap   total 71680K, used 24357K [0x0000000080000000, 0x0000000100000000)
  region size 1024K, 2 young (2048K), 2 survivors (2048K)
 Metaspace       used 35661K, committed 35968K, reserved 1114112K
  class space    used 4854K, committed 4992K, reserved 1048576K
}

Dll operation events (3 events):
Event: 0.006 Loaded shared library C:\Program Files\Android\Android Studio\jbr\bin\java.dll
Event: 0.090 Loaded shared library C:\Program Files\Android\Android Studio\jbr\bin\zip.dll
Event: 0.303 Loaded shared library C:\Program Files\Android\Android Studio\jbr\bin\verify.dll

Deoptimization events (20 events):
Event: 2.679 Thread 0x000001d6fb3f3790 Uncommon trap: trap_request=0xffffffde fr.pc=0x000001d6e484f124 relative=0x0000000000001e24
Event: 2.679 Thread 0x000001d6fb3f3790 Uncommon trap: reason=class_check action=maybe_recompile pc=0x000001d6e484f124 method=java.io.BufferedInputStream.read([BII)I @ 101 c2
Event: 2.679 Thread 0x000001d6fb3f3790 DEOPT PACKING pc=0x000001d6e484f124 sp=0x0000000eb22f8db0
Event: 2.679 Thread 0x000001d6fb3f3790 DEOPT UNPACKING pc=0x000001d6e40669a3 sp=0x0000000eb22f8c60 mode 2
Event: 2.679 Thread 0x000001d6fb3f3790 Uncommon trap: trap_request=0xffffffde fr.pc=0x000001d6e484f124 relative=0x0000000000001e24
Event: 2.679 Thread 0x000001d6fb3f3790 Uncommon trap: reason=class_check action=maybe_recompile pc=0x000001d6e484f124 method=java.io.BufferedInputStream.read([BII)I @ 101 c2
Event: 2.679 Thread 0x000001d6fb3f3790 DEOPT PACKING pc=0x000001d6e484f124 sp=0x0000000eb22f8db0
Event: 2.679 Thread 0x000001d6fb3f3790 DEOPT UNPACKING pc=0x000001d6e40669a3 sp=0x0000000eb22f8c60 mode 2
Event: 2.679 Thread 0x000001d6fb3f3790 Uncommon trap: trap_request=0xffffffde fr.pc=0x000001d6e484f124 relative=0x0000000000001e24
Event: 2.679 Thread 0x000001d6fb3f3790 Uncommon trap: reason=class_check action=maybe_recompile pc=0x000001d6e484f124 method=java.io.BufferedInputStream.read([BII)I @ 101 c2
Event: 2.679 Thread 0x000001d6fb3f3790 DEOPT PACKING pc=0x000001d6e484f124 sp=0x0000000eb22f8db0
Event: 2.679 Thread 0x000001d6fb3f3790 DEOPT UNPACKING pc=0x000001d6e40669a3 sp=0x0000000eb22f8c60 mode 2
Event: 2.680 Thread 0x000001d6fb3f3790 Uncommon trap: trap_request=0xffffffde fr.pc=0x000001d6e484f124 relative=0x0000000000001e24
Event: 2.680 Thread 0x000001d6fb3f3790 Uncommon trap: reason=class_check action=maybe_recompile pc=0x000001d6e484f124 method=java.io.BufferedInputStream.read([BII)I @ 101 c2
Event: 2.680 Thread 0x000001d6fb3f3790 DEOPT PACKING pc=0x000001d6e484f124 sp=0x0000000eb22f8db0
Event: 2.680 Thread 0x000001d6fb3f3790 DEOPT UNPACKING pc=0x000001d6e40669a3 sp=0x0000000eb22f8c60 mode 2
Event: 2.691 Thread 0x000001d6fb3f3790 Uncommon trap: trap_request=0xffffff45 fr.pc=0x000001d6e491b184 relative=0x00000000000005a4
Event: 2.691 Thread 0x000001d6fb3f3790 Uncommon trap: reason=unstable_if action=reinterpret pc=0x000001d6e491b184 method=jdk.internal.org.objectweb.asm.MethodWriter.visitVarInsn(II)V @ 108 c2
Event: 2.691 Thread 0x000001d6fb3f3790 DEOPT PACKING pc=0x000001d6e491b184 sp=0x0000000eb22f1dc0
Event: 2.691 Thread 0x000001d6fb3f3790 DEOPT UNPACKING pc=0x000001d6e40669a3 sp=0x0000000eb22f1d88 mode 2

Classes unloaded (0 events):
No events

Classes redefined (0 events):
No events

Internal exceptions (20 events):
Event: 2.231 Thread 0x000001d6fb3f3790 Exception <a 'java/lang/NoSuchMethodError'{0x0000000082c657f0}: 'java.lang.Object java.lang.invoke.DirectMethodHandle$Holder.newInvokeSpecial(java.lang.Object, java.lang.Object, java.lang.Object, java.lang.Object, java.lang.Object, java.lang.Object, java.lang.Object, java.lang.Object)'> (0x0000000082c657f0) 
thrown [s\src\hotspot\share\interpreter\linkResolver.cpp, line 771]
Event: 2.232 Thread 0x000001d6fb3f3790 Exception <a 'java/lang/NoSuchMethodError'{0x0000000082c6b550}: 'java.lang.Object java.lang.invoke.DirectMethodHandle$Holder.invokeSpecial(java.lang.Object, java.lang.Object, java.lang.Object, java.lang.Object, java.lang.Object, java.lang.Object, java.lang.Object, java.lang.Object, java.lang.Object)'> (0x0000000082c6b550) 
thrown [s\src\hotspot\share\interpreter\linkResolver.cpp, line 771]
Event: 2.232 Thread 0x000001d6fb3f3790 Exception <a 'java/lang/NoSuchMethodError'{0x0000000082c70900}: 'java.lang.Object java.lang.invoke.Invokers$Holder.linkToTargetMethod(java.lang.Object, java.lang.Object, java.lang.Object, java.lang.Object, java.lang.Object, java.lang.Object, java.lang.Object, java.lang.Object)'> (0x0000000082c70900) 
thrown [s\src\hotspot\share\interpreter\linkResolver.cpp, line 771]
Event: 2.234 Thread 0x000001d6fb3f3790 Exception <a 'java/lang/NoSuchMethodError'{0x0000000082cb9cc0}: 'void java.lang.invoke.DirectMethodHandle$Holder.invokeStatic(java.lang.Object, java.lang.Object, java.lang.Object, java.lang.Object)'> (0x0000000082cb9cc0) 
thrown [s\src\hotspot\share\interpreter\linkResolver.cpp, line 771]
Event: 2.321 Thread 0x000001d6fb3f3790 Exception <a 'java/lang/NoSuchMethodError'{0x000000008c7ed308}: 'int java.lang.invoke.DirectMethodHandle$Holder.invokeVirtual(java.lang.Object, java.lang.Object)'> (0x000000008c7ed308) 
thrown [s\src\hotspot\share\interpreter\linkResolver.cpp, line 771]
Event: 2.321 Thread 0x000001d6fb3f3790 Exception <a 'java/lang/NoSuchMethodError'{0x000000008c7ff880}: 'java.lang.Object java.lang.invoke.DirectMethodHandle$Holder.invokeStaticInit(java.lang.Object, java.lang.Object, java.lang.Object)'> (0x000000008c7ff880) 
thrown [s\src\hotspot\share\interpreter\linkResolver.cpp, line 771]
Event: 2.393 Thread 0x000001d6fb3f3790 Exception <a 'java/lang/NoSuchMethodError'{0x0000000083af85f8}: 'java.lang.Object java.lang.invoke.DirectMethodHandle$Holder.invokeSpecialIFC(java.lang.Object, java.lang.Object, java.lang.Object, java.lang.Object)'> (0x0000000083af85f8) 
thrown [s\src\hotspot\share\interpreter\linkResolver.cpp, line 771]
Event: 2.397 Thread 0x000001d6fb3f3790 Exception <a 'java/lang/NoSuchMethodError'{0x000000008397bbd8}: 'java.lang.Object java.lang.invoke.DirectMethodHandle$Holder.newInvokeSpecial(java.lang.Object, java.lang.Object, java.lang.Object, java.lang.Object, java.lang.Object, java.lang.Object, java.lang.Object, java.lang.Object, java.lang.Object, java.lang.Object)'> (0x000000008397bbd8) 
thrown [s\src\hotspot\share\interpreter\linkResolver.cpp, line 771]
Event: 2.397 Thread 0x000001d6fb3f3790 Exception <a 'java/lang/NoSuchMethodError'{0x0000000083980ac0}: 'java.lang.Object java.lang.invoke.Invokers$Holder.linkToTargetMethod(java.lang.Object, java.lang.Object, java.lang.Object, java.lang.Object, java.lang.Object, java.lang.Object, java.lang.Object, java.lang.Object, java.lang.Object, java.lang.Object)'> (0x0000000083980ac0) 
thrown [s\src\hotspot\share\interpreter\linkResolver.cpp, line 771]
Event: 2.400 Thread 0x000001d6fb3f3790 Exception <a 'java/lang/NoSuchMethodError'{0x00000000839f8128}: 'java.lang.Object java.lang.invoke.DirectMethodHandle$Holder.newInvokeSpecial(java.lang.Object, java.lang.Object, java.lang.Object, java.lang.Object, java.lang.Object, java.lang.Object, java.lang.Object, java.lang.Object, java.lang.Object, java.lang.Object, java.lang.Object)'> (0x00000000839f8128) 
thrown [s\src\hotspot\share\interpreter\linkResolver.cpp, line 771]
Event: 2.401 Thread 0x000001d6fb3f3790 Exception <a 'java/lang/NoSuchMethodError'{0x00000000839fdc60}: 'java.lang.Object java.lang.invoke.DirectMethodHandle$Holder.invokeSpecial(java.lang.Object, java.lang.Object, java.lang.Object, java.lang.Object, java.lang.Object, java.lang.Object, java.lang.Object, java.lang.Object, java.lang.Object, java.lang.Object, java.lang.Object, java.lang.Object)'> (0x00000000839fdc60) 
thrown [s\src\hotspot\share\interpreter\linkResolver.cpp, line 771]
Event: 2.401 Thread 0x000001d6fb3f3790 Exception <a 'java/lang/NoSuchMethodError'{0x00000000838037b0}: 'java.lang.Object java.lang.invoke.Invokers$Holder.linkToTargetMethod(java.lang.Object, java.lang.Object, java.lang.Object, java.lang.Object, java.lang.Object, java.lang.Object, java.lang.Object, java.lang.Object, java.lang.Object, java.lang.Object, java.lang.Object)'> (0x00000000838037b0) 
thrown [s\src\hotspot\share\interpreter\linkResolver.cpp, line 771]
Event: 2.439 Thread 0x000001d6fb3f3790 Implicit null exception at 0x000001d6e47c658f to 0x000001d6e47c6acc
Event: 2.468 Thread 0x000001d6fb3f3790 Exception <a 'java/lang/NoSuchMethodError'{0x0000000083033258}: 'java.lang.Object java.lang.invoke.DirectMethodHandle$Holder.newInvokeSpecial(java.lang.Object, java.lang.Object, int, int)'> (0x0000000083033258) 
thrown [s\src\hotspot\share\interpreter\linkResolver.cpp, line 771]
Event: 2.691 Thread 0x000001d6fb3f3790 Implicit null exception at 0x000001d6e491ac9a to 0x000001d6e491b178
Event: 2.706 Thread 0x000001d6fb3f3790 Exception <a 'java/lang/NoSuchMethodError'{0x000000008c306c08}: 'void java.lang.invoke.DirectMethodHandle$Holder.invokeStaticInit(java.lang.Object, java.lang.Object, java.lang.Object)'> (0x000000008c306c08) 
thrown [s\src\hotspot\share\interpreter\linkResolver.cpp, line 771]
Event: 2.707 Thread 0x000001d6fb3f3790 Exception <a 'java/lang/NoSuchMethodError'{0x000000008c30e0a8}: 'void java.lang.invoke.DirectMethodHandle$Holder.invokeStaticInit(java.lang.Object, java.lang.Object, java.lang.Object, java.lang.Object)'> (0x000000008c30e0a8) 
thrown [s\src\hotspot\share\interpreter\linkResolver.cpp, line 771]
Event: 2.708 Thread 0x000001d6fb3f3790 Exception <a 'java/lang/NoSuchMethodError'{0x000000008c330088}: 'void java.lang.invoke.DirectMethodHandle$Holder.invokeStaticInit(java.lang.Object, java.lang.Object, java.lang.Object, java.lang.Object, java.lang.Object)'> (0x000000008c330088) 
thrown [s\src\hotspot\share\interpreter\linkResolver.cpp, line 771]
Event: 2.708 Thread 0x000001d6fb3f3790 Exception <a 'java/lang/NoSuchMethodError'{0x000000008c337e50}: 'int java.lang.invoke.DirectMethodHandle$Holder.invokeStaticInit(java.lang.Object, java.lang.Object, java.lang.Object)'> (0x000000008c337e50) 
thrown [s\src\hotspot\share\interpreter\linkResolver.cpp, line 771]
Event: 2.712 Thread 0x000001d6fb3f3790 Exception <a 'java/lang/NoSuchMethodError'{0x000000008c38e7e0}: 'int java.lang.invoke.DirectMethodHandle$Holder.invokeStaticInit(java.lang.Object, java.lang.Object, java.lang.Object, java.lang.Object)'> (0x000000008c38e7e0) 
thrown [s\src\hotspot\share\interpreter\linkResolver.cpp, line 771]

VM Operations (20 events):
Event: 2.332 Executing VM operation: HandshakeAllThreads
Event: 2.333 Executing VM operation: HandshakeAllThreads done
Event: 2.333 Executing VM operation: HandshakeAllThreads
Event: 2.333 Executing VM operation: HandshakeAllThreads done
Event: 2.441 Executing VM operation: HandshakeAllThreads
Event: 2.441 Executing VM operation: HandshakeAllThreads done
Event: 2.544 Executing VM operation: HandshakeAllThreads
Event: 2.544 Executing VM operation: HandshakeAllThreads done
Event: 2.550 Executing VM operation: G1CollectForAllocation
Event: 2.552 Executing VM operation: G1CollectForAllocation done
Event: 2.578 Executing VM operation: HandshakeAllThreads
Event: 2.578 Executing VM operation: HandshakeAllThreads done
Event: 2.643 Executing VM operation: CollectForMetadataAllocation
Event: 2.645 Executing VM operation: CollectForMetadataAllocation done
Event: 2.649 Executing VM operation: G1PauseRemark
Event: 2.650 Executing VM operation: G1PauseRemark done
Event: 2.653 Executing VM operation: G1PauseCleanup
Event: 2.653 Executing VM operation: G1PauseCleanup done
Event: 2.688 Executing VM operation: HandshakeAllThreads
Event: 2.688 Executing VM operation: HandshakeAllThreads done

Events (20 events):
Event: 2.691 loading class java/lang/invoke/MethodHandleImpl$BindCaller done
Event: 2.691 loading class java/lang/invoke/MethodHandleImpl$BindCaller$1
Event: 2.691 loading class java/lang/invoke/MethodHandleImpl$BindCaller$1 done
Event: 2.692 loading class java/util/Collections$CopiesList
Event: 2.692 loading class java/util/Collections$CopiesList done
Event: 2.701 loading class java/lang/reflect/MalformedParameterizedTypeException
Event: 2.701 loading class java/lang/reflect/MalformedParameterizedTypeException done
Event: 2.704 loading class java/lang/IllegalCallerException
Event: 2.704 loading class java/lang/IllegalCallerException done
Event: 2.711 Thread 0x000001d6fc559210 Thread added: 0x000001d6fc559210
Event: 2.713 loading class java/util/HashMap$KeySpliterator
Event: 2.713 loading class java/util/HashMap$KeySpliterator done
Event: 2.717 loading class java/lang/ClassFormatError
Event: 2.717 loading class java/lang/ClassFormatError done
Event: 2.720 loading class java/lang/ProcessHandle$Info
Event: 2.720 loading class java/lang/ProcessHandle$Info done
Event: 2.720 loading class java/lang/ProcessHandle
Event: 2.720 loading class java/lang/ProcessHandle done
Event: 2.722 loading class java/io/UnsupportedEncodingException
Event: 2.722 loading class java/io/UnsupportedEncodingException done


Dynamic libraries:
0x00007ff72da60000 - 0x00007ff72da6a000 	C:\Program Files\Android\Android Studio\jbr\bin\java.exe
0x00007ffb4bff0000 - 0x00007ffb4c207000 	C:\windows\SYSTEM32\ntdll.dll
0x00007ffb4aa70000 - 0x00007ffb4ab34000 	C:\windows\System32\KERNEL32.DLL
0x00007ffb498a0000 - 0x00007ffb49c57000 	C:\windows\System32\KERNELBASE.dll
0x00007ffb49300000 - 0x00007ffb49411000 	C:\windows\System32\ucrtbase.dll
0x00007ffb1eed0000 - 0x00007ffb1eee7000 	C:\Program Files\Android\Android Studio\jbr\bin\jli.dll
0x00007ffb0e360000 - 0x00007ffb0e37b000 	C:\Program Files\Android\Android Studio\jbr\bin\VCRUNTIME140.dll
0x00007ffb4b9f0000 - 0x00007ffb4bb9f000 	C:\windows\System32\USER32.dll
0x00007ffb3a7b0000 - 0x00007ffb3aa43000 	C:\windows\WinSxS\amd64_microsoft.windows.common-controls_6595b64144ccf1df_6.0.22621.3672_none_2713b9d173822955\COMCTL32.dll
0x00007ffb49680000 - 0x00007ffb496a6000 	C:\windows\System32\win32u.dll
0x00007ffb4afc0000 - 0x00007ffb4b067000 	C:\windows\System32\msvcrt.dll
0x00007ffb49ff0000 - 0x00007ffb4a019000 	C:\windows\System32\GDI32.dll
0x00007ffb49560000 - 0x00007ffb49678000 	C:\windows\System32\gdi32full.dll
0x00007ffb49450000 - 0x00007ffb494ea000 	C:\windows\System32\msvcp_win.dll
0x00007ffb4bce0000 - 0x00007ffb4bd11000 	C:\windows\System32\IMM32.DLL
0x00007ffb0e3c0000 - 0x00007ffb0e3cc000 	C:\Program Files\Android\Android Studio\jbr\bin\vcruntime140_1.dll
0x00007ffaf70f0000 - 0x00007ffaf717d000 	C:\Program Files\Android\Android Studio\jbr\bin\msvcp140.dll
0x00007ffad7d50000 - 0x00007ffad89d3000 	C:\Program Files\Android\Android Studio\jbr\bin\server\jvm.dll
0x00007ffb49d20000 - 0x00007ffb49dd2000 	C:\windows\System32\ADVAPI32.dll
0x00007ffb4bc30000 - 0x00007ffb4bcd8000 	C:\windows\System32\sechost.dll
0x00007ffb49420000 - 0x00007ffb49448000 	C:\windows\System32\bcrypt.dll
0x00007ffb4a0d0000 - 0x00007ffb4a1e4000 	C:\windows\System32\RPCRT4.dll
0x00007ffb40a70000 - 0x00007ffb40a79000 	C:\windows\SYSTEM32\WSOCK32.dll
0x00007ffb4bd20000 - 0x00007ffb4bd91000 	C:\windows\System32\WS2_32.dll
0x00007ffb48180000 - 0x00007ffb481cd000 	C:\windows\SYSTEM32\POWRPROF.dll
0x00007ffb424a0000 - 0x00007ffb424d4000 	C:\windows\SYSTEM32\WINMM.dll
0x00007ffb417d0000 - 0x00007ffb417da000 	C:\windows\SYSTEM32\VERSION.dll
0x00007ffb48160000 - 0x00007ffb48173000 	C:\windows\SYSTEM32\UMPDC.dll
0x00007ffb48410000 - 0x00007ffb48428000 	C:\windows\SYSTEM32\kernel.appcore.dll
0x00007ffb3a560000 - 0x00007ffb3a56a000 	C:\Program Files\Android\Android Studio\jbr\bin\jimage.dll
0x00007ffb46640000 - 0x00007ffb46872000 	C:\windows\SYSTEM32\DBGHELP.DLL
0x00007ffb4b640000 - 0x00007ffb4b9ce000 	C:\windows\System32\combase.dll
0x00007ffb4ab40000 - 0x00007ffb4ac17000 	C:\windows\System32\OLEAUT32.dll
0x00007ffb239f0000 - 0x00007ffb23a22000 	C:\windows\SYSTEM32\dbgcore.DLL
0x00007ffb49820000 - 0x00007ffb4989b000 	C:\windows\System32\bcryptPrimitives.dll
0x00007ffb31bd0000 - 0x00007ffb31bde000 	C:\Program Files\Android\Android Studio\jbr\bin\instrument.dll
0x00007ffb154f0000 - 0x00007ffb15515000 	C:\Program Files\Android\Android Studio\jbr\bin\java.dll
0x00007ffb195f0000 - 0x00007ffb19608000 	C:\Program Files\Android\Android Studio\jbr\bin\zip.dll
0x00007ffb4a200000 - 0x00007ffb4aa69000 	C:\windows\System32\SHELL32.dll
0x00007ffb47230000 - 0x00007ffb47b2f000 	C:\windows\SYSTEM32\windows.storage.dll
0x00007ffb470f0000 - 0x00007ffb4722f000 	C:\windows\SYSTEM32\wintypes.dll
0x00007ffb49e90000 - 0x00007ffb49f89000 	C:\windows\System32\SHCORE.dll
0x00007ffb4af60000 - 0x00007ffb4afbe000 	C:\windows\System32\shlwapi.dll
0x00007ffb49230000 - 0x00007ffb49257000 	C:\windows\SYSTEM32\profapi.dll
0x00007ffb16570000 - 0x00007ffb16589000 	C:\Program Files\Android\Android Studio\jbr\bin\net.dll
0x00007ffb455c0000 - 0x00007ffb456f6000 	C:\windows\SYSTEM32\WINHTTP.dll
0x00007ffb48890000 - 0x00007ffb488f9000 	C:\windows\system32\mswsock.dll
0x00007ffb11cd0000 - 0x00007ffb11ce6000 	C:\Program Files\Android\Android Studio\jbr\bin\nio.dll
0x00007ffb1f600000 - 0x00007ffb1f610000 	C:\Program Files\Android\Android Studio\jbr\bin\verify.dll
0x00007ffb18880000 - 0x00007ffb188a7000 	C:\Users\Admin\.gradle\native\c067742578af261105cb4f569cf0c3c89f3d7b1fecec35dd04571415982c5e48\windows-amd64\native-platform.dll
0x00007ffad6e60000 - 0x00007ffad6fa4000 	C:\Users\Admin\.gradle\native\38dada09dfb8b06ba9b0570ebf7e218e3eb74d4ef43ca46872605cf95ebc2f47\windows-amd64\native-platform-file-events.dll
0x00007ffb31a80000 - 0x00007ffb31a89000 	C:\Program Files\Android\Android Studio\jbr\bin\management.dll
0x00007ffb2de90000 - 0x00007ffb2de9b000 	C:\Program Files\Android\Android Studio\jbr\bin\management_ext.dll
0x00007ffb4a1f0000 - 0x00007ffb4a1f8000 	C:\windows\System32\PSAPI.DLL
0x00007ffb48b00000 - 0x00007ffb48b1b000 	C:\windows\SYSTEM32\CRYPTSP.dll
0x00007ffb48370000 - 0x00007ffb483a5000 	C:\windows\system32\rsaenh.dll
0x00007ffb489a0000 - 0x00007ffb489c8000 	C:\windows\SYSTEM32\USERENV.dll
0x00007ffb48b20000 - 0x00007ffb48b2c000 	C:\windows\SYSTEM32\CRYPTBASE.dll
0x00007ffb47e40000 - 0x00007ffb47e6d000 	C:\windows\SYSTEM32\IPHLPAPI.DLL
0x00007ffb49e80000 - 0x00007ffb49e89000 	C:\windows\System32\NSI.dll
0x00007ffb45140000 - 0x00007ffb45159000 	C:\windows\SYSTEM32\dhcpcsvc6.DLL
0x00007ffb45120000 - 0x00007ffb4513f000 	C:\windows\SYSTEM32\dhcpcsvc.DLL
0x00007ffb47ec0000 - 0x00007ffb47fc2000 	C:\windows\SYSTEM32\DNSAPI.dll
0x00007ffb2cc40000 - 0x00007ffb2cc49000 	C:\Program Files\Android\Android Studio\jbr\bin\extnet.dll
0x00007ffb021a0000 - 0x00007ffb021a8000 	C:\windows\system32\wshunix.dll

dbghelp: loaded successfully - version: 4.0.5 - missing functions: none
symbol engine: initialized successfully - sym options: 0x614 - pdb path: .;C:\Program Files\Android\Android Studio\jbr\bin;C:\windows\SYSTEM32;C:\windows\WinSxS\amd64_microsoft.windows.common-controls_6595b64144ccf1df_6.0.22621.3672_none_2713b9d173822955;C:\Program Files\Android\Android Studio\jbr\bin\server;C:\Users\Admin\.gradle\native\c067742578af261105cb4f569cf0c3c89f3d7b1fecec35dd04571415982c5e48\windows-amd64;C:\Users\Admin\.gradle\native\38dada09dfb8b06ba9b0570ebf7e218e3eb74d4ef43ca46872605cf95ebc2f47\windows-amd64

VM Arguments:
jvm_args: --add-opens=java.base/java.util=ALL-UNNAMED --add-opens=java.base/java.lang=ALL-UNNAMED --add-opens=java.base/java.lang.invoke=ALL-UNNAMED --add-opens=java.prefs/java.util.prefs=ALL-UNNAMED --add-opens=java.base/java.nio.charset=ALL-UNNAMED --add-opens=java.base/java.net=ALL-UNNAMED --add-opens=java.base/java.util.concurrent.atomic=ALL-UNNAMED -Xmx2048m -Dfile.encoding=UTF-8 -Duser.country=VN -Duser.language=vi -Duser.variant -javaagent:C:\Users\Admin\.gradle\wrapper\dists\gradle-8.7-bin\bhs2wmbdwecv87pi65oeuq5iu\gradle-8.7\lib\agents\gradle-instrumentation-agent-8.7.jar 
java_command: org.gradle.launcher.daemon.bootstrap.GradleDaemon 8.7
java_class_path (initial): C:\Users\Admin\.gradle\wrapper\dists\gradle-8.7-bin\bhs2wmbdwecv87pi65oeuq5iu\gradle-8.7\lib\gradle-launcher-8.7.jar
Launcher Type: SUN_STANDARD

[Global flags]
     intx CICompilerCount                          = 12                                        {product} {ergonomic}
     uint ConcGCThreads                            = 3                                         {product} {ergonomic}
     uint G1ConcRefinementThreads                  = 13                                        {product} {ergonomic}
   size_t G1HeapRegionSize                         = 1048576                                   {product} {ergonomic}
    uintx GCDrainStackTargetSize                   = 64                                        {product} {ergonomic}
   size_t InitialHeapSize                          = 264241152                                 {product} {ergonomic}
   size_t MarkStackSize                            = 4194304                                   {product} {ergonomic}
   size_t MaxHeapSize                              = 2147483648                                {product} {command line}
   size_t MaxNewSize                               = 1287651328                                {product} {ergonomic}
   size_t MinHeapDeltaBytes                        = 1048576                                   {product} {ergonomic}
   size_t MinHeapSize                              = 8388608                                   {product} {ergonomic}
    uintx NonNMethodCodeHeapSize                   = 7602480                                {pd product} {ergonomic}
    uintx NonProfiledCodeHeapSize                  = 122027880                              {pd product} {ergonomic}
    uintx ProfiledCodeHeapSize                     = 122027880                              {pd product} {ergonomic}
    uintx ReservedCodeCacheSize                    = 251658240                              {pd product} {ergonomic}
     bool SegmentedCodeCache                       = true                                      {product} {ergonomic}
   size_t SoftMaxHeapSize                          = 2147483648                             {manageable} {ergonomic}
     bool UseCompressedClassPointers               = true                           {product lp64_product} {ergonomic}
     bool UseCompressedOops                        = true                           {product lp64_product} {ergonomic}
     bool UseG1GC                                  = true                                      {product} {ergonomic}
     bool UseLargePagesIndividualAllocation        = false                                  {pd product} {ergonomic}

Logging:
Log output configuration:
 #0: stdout all=warning uptime,level,tags
 #1: stderr all=off uptime,level,tags

Environment Variables:
PATH=C:\Python312\Scripts\;C:\Python312\;C:\Program Files\Common Files\Oracle\Java\javapath;C:\Windows\system32;C:\Windows;C:\Windows\System32\Wbem;C:\Windows\System32\WindowsPowerShell\v1.0\;C:\Windows\System32\OpenSSH\;C:\Program Files (x86)\NVIDIA Corporation\PhysX\Common;C:\WINDOWS\system32;C:\WINDOWS;C:\WINDOWS\System32\Wbem;C:\WINDOWS\System32\WindowsPowerShell\v1.0\;C:\WINDOWS\System32\OpenSSH\;C:\Program Files (x86)\Microsoft SQL Server\150\Tools\Binn\;C:\Program Files\Microsoft SQL Server\150\Tools\Binn\;C:\Program Files (x86)\Microsoft SQL Server\150\DTS\Binn\;C:\Program Files\Microsoft SQL Server\150\DTS\Binn\;C:\Program Files\Microsoft SQL Server\Client SDK\ODBC\170\Tools\Binn\;C:\Program Files\Azure Data Studio\bin;C:\Program Files\apache-maven-3.9.4-bin\apache-maven-3.9.4\bin;C:\ProgramData\chocolatey\bin;C:\windows\system32;C:\windows;C:\windows\System32\Wbem;C:\windows\System32\WindowsPowerShell\v1.0\;C:\windows\System32\OpenSSH\;D:\Free_time_game\Git\Git\cmd;C:\Program Files\dotnet\;C:\Program Files\nodejs\;C:\Program Files\Git\cmd;C:\Program Files\Cloudflare\Cloudflare WARP\;C:\Program Files\NVIDIA Corporation\NVIDIA NvDLISR;C:\Users\Admin\AppData\Local\Programs\Python\Python311\Scripts\;C:\Users\Admin\AppData\Local\Programs\Python\Python311\;C:\Users\Admin\AppData\Local\Microsoft\WindowsApps;D:\PythonCode\PyCharm Community Edition 2022.2.3\bin;;C:\Program Files\Azure Data Studio\bin;C:\Program Files\JetBrains\IntelliJ IDEA 2023.2\bin;C:\Program Files\nodejs;C:\Users\YourUsername\AppData\Roaming\npm;;D:\Free_time_game\Microsoft VS Code\bin;C:\Users\Admin\AppData\Roaming\npm;C:\Users\Admin\AppData\Local\Programs\Microsoft VS Code\bin;C:\Flutter\Src\flutter\bin;
USERNAME=Admin
OS=Windows_NT
PROCESSOR_IDENTIFIER=Intel64 Family 6 Model 154 Stepping 3, GenuineIntel
TMP=C:\Users\Admin\AppData\Local\Temp
TEMP=C:\Users\Admin\AppData\Local\Temp



Periodic native trim disabled

JNI global refs:
JNI global refs: 33, weak refs: 0

JNI global refs memory usage: 843, weak refs: 841

Process memory usage:
Resident Set Size: 212224K (1% of 16495096K total physical memory with 2148504K free physical memory)

OOME stack traces (most recent first):
Classloader memory used:
Loader org.gradle.internal.classloader.VisitableURLClassLoader                         : 2182K
Loader bootstrap                                                                       : 1992K
Loader org.gradle.initialization.MixInLegacyTypesClassLoader                           : 486K
Loader jdk.internal.loader.ClassLoaders$AppClassLoader                                 : 28764B
Loader jdk.internal.loader.ClassLoaders$PlatformClassLoader                            : 16698B
Loader jdk.internal.reflect.DelegatingClassLoader                                      : 4421B

Classes loaded by more than one classloader:
Class org.gradle.internal.installation.GradleInstallation                             : loaded 2 times (x 73B)
Class org.gradle.internal.classpath.ClassPath                                         : loaded 2 times (x 68B)
Class org.gradle.api.internal.classpath.DefaultModuleRegistry                         : loaded 2 times (x 84B)
Class org.gradle.api.Action                                                           : loaded 2 times (x 68B)
Class org.gradle.api.internal.DefaultClassPathProvider                                : loaded 2 times (x 74B)
Class org.gradle.internal.installation.GradleInstallation$1                           : loaded 2 times (x 73B)
Class org.gradle.internal.classloader.FilteringClassLoader                            : loaded 2 times (x 103B)
Class org.gradle.internal.classpath.DefaultClassPath$ImmutableUniqueList$Builder      : loaded 2 times (x 73B)
Class org.gradle.internal.classloader.ClassLoaderVisitor                              : loaded 2 times (x 74B)
Class org.gradle.internal.service.DefaultServiceLocator                               : loaded 2 times (x 81B)
Class org.gradle.internal.service.UnknownServiceException                             : loaded 2 times (x 81B)
Class org.gradle.internal.classloader.DefaultClassLoaderFactory                       : loaded 2 times (x 80B)
Class org.gradle.internal.classloader.VisitableURLClassLoader$Spec                    : loaded 2 times (x 72B)
Class org.gradle.api.GradleException                                                  : loaded 2 times (x 80B)
Class org.gradle.api.internal.classpath.ModuleRegistry                                : loaded 2 times (x 68B)
Class org.gradle.api.internal.ClassPathProvider                                       : loaded 2 times (x 68B)
Class org.gradle.internal.classloader.ClasspathUtil$1                                 : loaded 2 times (x 74B)
Class org.gradle.internal.classloader.ClassLoaderFactory                              : loaded 2 times (x 68B)
Class org.gradle.api.internal.classpath.ManifestUtil                                  : loaded 2 times (x 69B)
Class org.gradle.api.specs.Spec                                                       : loaded 2 times (x 68B)
Class org.gradle.internal.IoActions                                                   : loaded 2 times (x 69B)
Class org.gradle.api.internal.classpath.EffectiveClassPath                            : loaded 2 times (x 88B)
Class org.gradle.internal.installation.CurrentGradleInstallation                      : loaded 2 times (x 71B)
Class org.gradle.internal.agents.InstrumentingClassLoader                             : loaded 2 times (x 68B)
Class org.gradle.internal.installation.CurrentGradleInstallationLocator               : loaded 2 times (x 69B)
Class org.gradle.api.internal.classpath.Module                                        : loaded 2 times (x 68B)
Class org.gradle.internal.service.CachingServiceLocator                               : loaded 2 times (x 80B)
Class org.gradle.internal.classpath.DefaultClassPath                                  : loaded 2 times (x 88B)
Class org.gradle.internal.classloader.SystemClassLoaderSpec                           : loaded 2 times (x 69B)
Class org.gradle.api.UncheckedIOException                                             : loaded 2 times (x 80B)
Class org.gradle.internal.classloader.ClasspathUtil                                   : loaded 2 times (x 69B)
Class org.gradle.api.internal.DefaultClassPathRegistry                                : loaded 2 times (x 74B)
Class org.gradle.api.internal.classpath.DefaultModuleRegistry$DefaultModule           : loaded 2 times (x 84B)
Class org.gradle.api.internal.classpath.UnknownModuleException                        : loaded 2 times (x 80B)
Class org.gradle.internal.service.ServiceLookupException                              : loaded 2 times (x 80B)
Class org.gradle.cache.GlobalCache                                                    : loaded 2 times (x 68B)
Class [Lorg.gradle.api.internal.ClassPathProvider;                                    : loaded 2 times (x 67B)
Class org.gradle.util.internal.GUtil                                                  : loaded 2 times (x 69B)
Class org.gradle.internal.classloader.ClassLoaderSpec                                 : loaded 2 times (x 69B)
Class org.gradle.internal.classloader.VisitableURLClassLoader                         : loaded 2 times (x 115B)
Class org.gradle.internal.Cast                                                        : loaded 2 times (x 69B)
Class org.gradle.api.internal.ClassPathRegistry                                       : loaded 2 times (x 68B)
Class org.gradle.internal.classloader.VisitableURLClassLoader$InstrumentingVisitableURLClassLoader: loaded 2 times (x 121B)
Class org.gradle.internal.classloader.ClassLoaderHierarchy                            : loaded 2 times (x 68B)
Class org.gradle.internal.InternalTransformer                                         : loaded 2 times (x 68B)
Class org.gradle.internal.service.ServiceLocator                                      : loaded 2 times (x 68B)
Class org.gradle.internal.classpath.DefaultClassPath$ImmutableUniqueList              : loaded 2 times (x 159B)
Class org.gradle.internal.classpath.TransformedClassPath                              : loaded 2 times (x 94B)


---------------  S Y S T E M  ---------------

OS:
 Windows 11 , 64 bit Build 22621 (10.0.22621.3958)
OS uptime: 0 days 6:29 hours
Hyper-V role detected

CPU: total 16 (initial active 16) (8 cores per cpu, 2 threads per core) family 6 model 154 stepping 3 microcode 0x432, cx8, cmov, fxsr, ht, mmx, 3dnowpref, sse, sse2, sse3, ssse3, sse4.1, sse4.2, popcnt, lzcnt, tsc, tscinvbit, avx, avx2, aes, erms, clmul, bmi1, bmi2, adx, sha, fma, vzeroupper, clflush, clflushopt, clwb, hv
Processor Information for processor 0
  Max Mhz: 2500, Current Mhz: 2500, Mhz Limit: 2500
Processor Information for processor 1
  Max Mhz: 2500, Current Mhz: 2500, Mhz Limit: 2500
Processor Information for processor 2
  Max Mhz: 2500, Current Mhz: 2500, Mhz Limit: 2500
Processor Information for processor 3
  Max Mhz: 2500, Current Mhz: 2500, Mhz Limit: 2500
Processor Information for processor 4
  Max Mhz: 2500, Current Mhz: 2500, Mhz Limit: 2500
Processor Information for processor 5
  Max Mhz: 2500, Current Mhz: 2500, Mhz Limit: 2500
Processor Information for processor 6
  Max Mhz: 2500, Current Mhz: 2500, Mhz Limit: 2500
Processor Information for processor 7
  Max Mhz: 2500, Current Mhz: 2500, Mhz Limit: 2500
Processor Information for processor 8
  Max Mhz: 2500, Current Mhz: 1800, Mhz Limit: 1800
Processor Information for processor 9
  Max Mhz: 2500, Current Mhz: 1800, Mhz Limit: 1800
Processor Information for processor 10
  Max Mhz: 2500, Current Mhz: 1800, Mhz Limit: 1800
Processor Information for processor 11
  Max Mhz: 2500, Current Mhz: 1800, Mhz Limit: 1800
Processor Information for processor 12
  Max Mhz: 2500, Current Mhz: 1800, Mhz Limit: 1800
Processor Information for processor 13
  Max Mhz: 2500, Current Mhz: 1800, Mhz Limit: 1800
Processor Information for processor 14
  Max Mhz: 2500, Current Mhz: 1500, Mhz Limit: 1800
Processor Information for processor 15
  Max Mhz: 2500, Current Mhz: 1500, Mhz Limit: 1800

Memory: 4k page, system-wide physical 16108M (2098M free)
TotalPageFile size 18156M (AvailPageFile size 4M)
current process WorkingSet (physical memory assigned to process): 207M, peak: 207M
current process commit charge ("private bytes"): 257M, peak: 406M

vm_info: OpenJDK 64-Bit Server VM (17.0.11+0--11852314) for windows-amd64 JRE (17.0.11+0--11852314), built on May 16 2024 21:29:20 by "androidbuild" with MS VC++ 16.10 / 16.11 (VS2019)

END.
